#
# A fatal error has been detected by the Java Runtime Environment:
#
#  SIGSEGV (0xb) at pc=0x00000001051bc45b, pid=26043, tid=0x0000000000003403
#
# JRE version: OpenJDK Runtime Environment (8.0_212) (build 1.8.0_212-release-1586-b4-5784211)
# Java VM: OpenJDK 64-Bit Server VM (25.212-b4-5784211 mixed mode bsd-amd64 compressed oops)
# Problematic frame:
# V  [libjvm.dylib+0x3bc45b]
#
# Failed to write core dump. Core dumps have been disabled. To enable core dumping, try "ulimit -c unlimited" before starting Java again
#
# If you would like to submit a bug report, please visit:
#   http://bugreport.java.com/bugreport/crash.jsp
#

---------------  T H R E A D  ---------------

Current thread (0x00007ff399059800):  JavaThread "C2 CompilerThread0" daemon [_thread_in_native, id=13315, stack(0x0000700006ba8000,0x0000700006ca8000)]

siginfo: si_signo: 11 (SIGSEGV), si_code: 1 (SEGV_MAPERR), si_addr: 0x000077f3a8108020

Registers:
RAX=0x00000001104d23d0, RBX=0x000077f3a8108010, RCX=0x00000001104d2010, RDX=0x380000f7ff000007
RSP=0x0000700006ca4150, RBP=0x0000700006ca4190, RSI=0x00007ff3a2b1eb30, RDI=0x0000700006ca4518
R8 =0x0000000000000000, R9 =0xffffffff00000000, R10=0x000000010560adb0, R11=0x00007ff3892c21b0
R12=0x0000700006ca4518, R13=0x00007ff3a2b1eb30, R14=0x00000001104d23d0, R15=0x0000700006ca4480
RIP=0x00000001051bc45b, EFLAGS=0x0000000000010202, ERR=0x0000000000000004
  TRAPNO=0x000000000000000e

Top of Stack: (sp=0x0000700006ca4150)
0x0000700006ca4150:   0000700006ca4ed0 0000000000000008
0x0000700006ca4160:   0000700006ca4190 0000700006ca4458
0x0000700006ca4170:   0000700006ca4518 0000000000000001
0x0000700006ca4180:   00007ff39b44fc10 0000700006ca4480
0x0000700006ca4190:   0000700006ca4200 00000001051babd7
0x0000700006ca41a0:   0000000000008000 0000700006ca4ed0
0x0000700006ca41b0:   0000700006ca4480 0000700006ca44a8
0x0000700006ca41c0:   0000700006ca4458 00007ff3a2b1eb30
0x0000700006ca41d0:   0000000106ca4200 0000000000000001
0x0000700006ca41e0:   00007ff39b44fc80 0000700006ca4528
0x0000700006ca41f0:   0000700006ca4518 000000000000000d
0x0000700006ca4200:   0000700006ca4500 00000001051b9f19
0x0000700006ca4210:   0000700006ca43cc 00007ff398d281a0
0x0000700006ca4220:   00007ff300000004 00007ff3a840f210
0x0000700006ca4230:   0000700000000000 0000000105331dbf
0x0000700006ca4240:   00000000ffffffff 00007ff3891534d0
0x0000700006ca4250:   00007ff39b88b2e0 0000000000000001
0x0000700006ca4260:   0000700006ca4280 0000000105331d00
0x0000700006ca4270:   000000010f204378 0000000000000002
0x0000700006ca4280:   0000000000000000 0000000104319380
0x0000700006ca4290:   00000001047d2a00 00000001047d2a00
0x0000700006ca42a0:   0000000000000040 0000000000000000
0x0000700006ca42b0:   0000000000000000 0000000000000000
0x0000700006ca42c0:   f6a8c00070001000 00000001056099dc
0x0000700006ca42d0:   0000000000040010 0000000000040010
0x0000700006ca42e0:   0000000000000000 0000000104318000
0x0000700006ca42f0:   0000700006ca4320 00007fff6776b2b8
0x0000700006ca4300:   00000001056099dc 0000000000000000
0x0000700006ca4310:   00007fff9dbde000 0000000000040010
0x0000700006ca4320:   0000700006ca4350 00007fff67769c99
0x0000700006ca4330:   0000000000040010 00000001056099dc
0x0000700006ca4340:   0000700006ca43c0 000000000000000c 

Instructions: (pc=0x00000001051bc45b)
0x00000001051bc43b:   28 76 1b 48 c1 e0 03 49 03 44 24 30 49 89 c4 eb
0x00000001051bc44b:   07 49 81 c4 90 09 00 00 49 8b 1c 24 eb 02 31 db
0x00000001051bc45b:   48 83 7b 10 00 75 27 8b 43 38 44 8b 73 48 41 8d
0x00000001051bc46b:   4e 01 89 4b 48 44 39 f0 77 0c 48 8d 7b 30 44 89 

Register to memory mapping:

RAX=0x00000001104d23d0 is an unknown value
RBX=0x000077f3a8108010 is an unknown value
RCX=0x00000001104d2010 is an unknown value
RDX=0x380000f7ff000007 is an unknown value
RSP=0x0000700006ca4150 is pointing into the stack for thread: 0x00007ff399059800
RBP=0x0000700006ca4190 is pointing into the stack for thread: 0x00007ff399059800
RSI=0x00007ff3a2b1eb30 is an unknown value
RDI=0x0000700006ca4518 is pointing into the stack for thread: 0x00007ff399059800
R8 =0x0000000000000000 is an unknown value
R9 =0xffffffff00000000 is an unknown value
R10=0x000000010560adb0: _ZL8tc_mutex+0x18 in /Applications/Android Studio.app/Contents/jre/jdk/Contents/Home/jre/lib/server/libjvm.dylib at 0x0000000104e00000
R11=0x00007ff3892c21b0 is an unknown value
R12=0x0000700006ca4518 is pointing into the stack for thread: 0x00007ff399059800
R13=0x00007ff3a2b1eb30 is an unknown value
R14=0x00000001104d23d0 is an unknown value
R15=0x0000700006ca4480 is pointing into the stack for thread: 0x00007ff399059800


Stack: [0x0000700006ba8000,0x0000700006ca8000],  sp=0x0000700006ca4150,  free space=1008k
Native frames: (J=compiled Java code, j=interpreted, Vv=VM code, C=native code)
V  [libjvm.dylib+0x3bc45b]
V  [libjvm.dylib+0x3babd7]
V  [libjvm.dylib+0x3b9f19]
V  [libjvm.dylib+0x1977e5]
V  [libjvm.dylib+0x19665f]
V  [libjvm.dylib+0x135880]
V  [libjvm.dylib+0x1a1daa]
V  [libjvm.dylib+0x1a12ba]
V  [libjvm.dylib+0x52321e]
V  [libjvm.dylib+0x5230e3]
V  [libjvm.dylib+0x4562e3]
C  [libsystem_pthread.dylib+0x32eb]  _pthread_body+0x7e
C  [libsystem_pthread.dylib+0x6249]  _pthread_start+0x42
C  [libsystem_pthread.dylib+0x240d]  thread_start+0xd
C  0x0000000000000000


Current CompileTask:
C2: 215919 28942 %     4       com.android.tools.r8.ir.regalloc.LinearScanRegisterAllocator::a @ 2115 (3993 bytes)


---------------  P R O C E S S  ---------------

Java Threads: ( => current thread )
  0x00007ff399211800 JavaThread "ForkJoinPool-2-worker-0" daemon [_thread_blocked, id=26895, stack(0x000070000982c000,0x000070000992c000)]
  0x00007ff3a0705000 JavaThread "WorkerExecutor Queue Thread 4" [_thread_blocked, id=30727, stack(0x0000700008a02000,0x0000700008b02000)]
  0x00007ff3a06ef800 JavaThread "stdout" [_thread_in_native, id=30467, stack(0x0000700009626000,0x0000700009726000)]
  0x00007ff3a06ee800 JavaThread "stderr" [_thread_in_native, id=35331, stack(0x0000700009523000,0x0000700009623000)]
  0x00007ff3a06ee000 JavaThread "process reaper" daemon [_thread_in_native, id=35843, stack(0x0000700006a78000,0x0000700006aa0000)]
  0x00007ff39de59000 JavaThread "stdout" [_thread_in_native, id=36355, stack(0x0000700009420000,0x0000700009520000)]
  0x00007ff39bdb9000 JavaThread "stderr" [_thread_in_native, id=29955, stack(0x000070000931d000,0x000070000941d000)]
  0x00007ff39bdb8000 JavaThread "process reaper" daemon [_thread_in_native, id=29699, stack(0x0000700006a4d000,0x0000700006a75000)]
  0x00007ff39ae2b800 JavaThread "pool-5-thread-1" [_thread_blocked, id=27923, stack(0x0000700008e0e000,0x0000700008f0e000)]
  0x00007ff3999ce800 JavaThread "RMI TCP Connection(idle)" daemon [_thread_blocked, id=29187, stack(0x000070000921a000,0x000070000931a000)]
  0x00007ff39c0cf000 JavaThread "RMI Reaper" [_thread_blocked, id=28675, stack(0x0000700009117000,0x0000700009217000)]
  0x00007ff39db0b800 JavaThread "RMI TCP Accept-0" daemon [_thread_in_native, id=37379, stack(0x0000700009014000,0x0000700009114000)]
  0x00007ff3a0345800 JavaThread "GC Daemon" daemon [_thread_blocked, id=28163, stack(0x0000700008f11000,0x0000700009011000)]
  0x00007ff3a0340800 JavaThread "RMI Scheduler(0)" daemon [_thread_blocked, id=37895, stack(0x0000700008d0b000,0x0000700008e0b000)]
  0x00007ff3a0341800 JavaThread "process reaper" daemon [_thread_in_native, id=20491, stack(0x0000700006a22000,0x0000700006a4a000)]
  0x00007ff39f33e800 JavaThread "Cache worker for Java compile cache (/Users/itcarelaptops/Desktop/Hazirsir 3/android/.gradle/5.6.4/javaCompile)" [_thread_blocked, id=38147, stack(0x0000700008c08000,0x0000700008d08000)]
  0x00007ff39b89c800 JavaThread "Cache worker for Java compile cache (/Users/itcarelaptops/.gradle/caches/5.6.4/javaCompile)" [_thread_blocked, id=38403, stack(0x0000700008b05000,0x0000700008c05000)]
  0x00007ff39c070000 JavaThread "WorkerExecutor Queue" [_thread_in_Java, id=26627, stack(0x00007000088ff000,0x00007000089ff000)]
  0x00007ff39db19000 JavaThread "Cache worker for execution history cache (/Users/itcarelaptops/Desktop/Hazirsir 3/android/.gradle/5.6.4/executionHistory)" [_thread_blocked, id=21767, stack(0x00007000077cc000,0x00007000078cc000)]
  0x00007ff39e09f800 JavaThread "Execution worker for ':'" [_thread_blocked, id=39171, stack(0x00007000087fc000,0x00007000088fc000)]
  0x00007ff39debb000 JavaThread "Cache worker for file content cache (/Users/itcarelaptops/Desktop/Hazirsir 3/android/.gradle/5.6.4/fileContent)" [_thread_blocked, id=26115, stack(0x00007000086f9000,0x00007000087f9000)]
  0x00007ff39c8ad000 JavaThread "Cache worker for file content cache (/Users/itcarelaptops/.gradle/caches/5.6.4/fileContent)" [_thread_blocked, id=39939, stack(0x00007000085f6000,0x00007000086f6000)]
  0x00007ff39aff7000 JavaThread "Memory manager" [_thread_blocked, id=40451, stack(0x00007000084f3000,0x00007000085f3000)]
  0x00007ff39af0b800 JavaThread "pool-1-thread-1" [_thread_blocked, id=40707, stack(0x00007000083f0000,0x00007000084f0000)]
  0x00007ff39a626800 JavaThread "Cache worker for Build Output Cleanup Cache (/Users/itcarelaptops/Desktop/Hazirsir 3/android/.gradle/buildOutputCleanup)" [_thread_blocked, id=25347, stack(0x00007000082ed000,0x00007000083ed000)]
  0x00007ff39a0a9800 JavaThread "Build operations Thread 2" [_thread_blocked, id=24835, stack(0x00007000081ea000,0x00007000082ea000)]
  0x00007ff399b76800 JavaThread "Build operations" [_thread_blocked, id=24323, stack(0x00007000080e7000,0x00007000081e7000)]
  0x00007ff39bb57000 JavaThread "Cache worker for execution history cache (/Users/itcarelaptops/.gradle/caches/5.6.4/executionHistory)" [_thread_blocked, id=41219, stack(0x0000700007fe4000,0x00007000080e4000)]
  0x00007ff39c04e000 JavaThread "Cache worker for cache directory md-rule (/Users/itcarelaptops/.gradle/caches/5.6.4/md-rule)" [_thread_blocked, id=41475, stack(0x0000700007ee1000,0x0000700007fe1000)]
  0x00007ff39bb56000 JavaThread "Cache worker for cache directory md-supplier (/Users/itcarelaptops/.gradle/caches/5.6.4/md-supplier)" [_thread_blocked, id=23555, stack(0x0000700007dde000,0x0000700007ede000)]
  0x00007ff3991c6000 JavaThread "Cache worker for file hash cache (/Users/itcarelaptops/Desktop/Hazirsir 3/android/.gradle/5.6.4/fileHashes)" [_thread_blocked, id=42243, stack(0x0000700007cdb000,0x0000700007ddb000)]
  0x00007ff39a2cc800 JavaThread "Cache worker for journal cache (/Users/itcarelaptops/.gradle/caches/journal-1)" [_thread_blocked, id=23043, stack(0x0000700007bd8000,0x0000700007cd8000)]
  0x00007ff39a2ce000 JavaThread "File lock request listener" [_thread_in_native, id=43011, stack(0x0000700007ad5000,0x0000700007bd5000)]
  0x00007ff39a288000 JavaThread "Cache worker for file hash cache (/Users/itcarelaptops/.gradle/caches/5.6.4/fileHashes)" [_thread_blocked, id=22531, stack(0x00007000079d2000,0x0000700007ad2000)]
  0x00007ff39aa0f000 JavaThread "Thread-9" [_thread_blocked, id=22275, stack(0x00007000078cf000,0x00007000079cf000)]
  0x00007ff39a280800 JavaThread "Asynchronous log dispatcher for DefaultDaemonConnection: socket connection from /127.0.0.1:49287 to /127.0.0.1:49288" [_thread_blocked, id=15363, stack(0x00007000076c9000,0x00007000077c9000)]
  0x00007ff39aa09000 JavaThread "Daemon worker" [_thread_in_Java, id=14851, stack(0x00007000075c6000,0x00007000076c6000)]
  0x00007ff39aa08800 JavaThread "Cancel handler" [_thread_blocked, id=14339, stack(0x00007000074c3000,0x00007000075c3000)]
  0x00007ff39a9f5800 JavaThread "Daemon periodic checks" [_thread_blocked, id=16131, stack(0x00007000073c0000,0x00007000074c0000)]
  0x00007ff39a9d1800 JavaThread "Handler for socket connection from /127.0.0.1:49287 to /127.0.0.1:49288" [_thread_in_native, id=16643, stack(0x00007000072bd000,0x00007000073bd000)]
  0x00007ff39a9d9800 JavaThread "Daemon" [_thread_blocked, id=16899, stack(0x00007000071ba000,0x00007000072ba000)]
  0x00007ff39a24b800 JavaThread "Incoming local TCP Connector on port 49287" [_thread_in_native, id=17411, stack(0x00007000070b7000,0x00007000071b7000)]
  0x00007ff39a9b5800 JavaThread "Daemon health stats" [_thread_blocked, id=17923, stack(0x0000700006fb4000,0x00007000070b4000)]
  0x00007ff3990a8800 JavaThread "Service Thread" daemon [_thread_blocked, id=13827, stack(0x0000700006dae000,0x0000700006eae000)]
  0x00007ff39905a000 JavaThread "C1 CompilerThread1" daemon [_thread_blocked, id=13571, stack(0x0000700006cab000,0x0000700006dab000)]
=>0x00007ff399059800 JavaThread "C2 CompilerThread0" daemon [_thread_in_native, id=13315, stack(0x0000700006ba8000,0x0000700006ca8000)]
  0x00007ff39983a000 JavaThread "Signal Dispatcher" daemon [_thread_blocked, id=12803, stack(0x0000700006aa5000,0x0000700006ba5000)]
  0x00007ff399836000 JavaThread "Finalizer" daemon [_thread_blocked, id=21507, stack(0x000070000691f000,0x0000700006a1f000)]
  0x00007ff399026000 JavaThread "Reference Handler" daemon [_thread_blocked, id=11523, stack(0x000070000681c000,0x000070000691c000)]
  0x00007ff399801000 JavaThread "main" [_thread_blocked, id=6403, stack(0x0000700006410000,0x0000700006510000)]

Other Threads:
  0x00007ff39901f000 VMThread [stack: 0x0000700006719000,0x0000700006819000] [id=11011]
  0x00007ff399838800 WatcherThread [stack: 0x0000700006eb1000,0x0000700006fb1000] [id=18435]

VM state:not at safepoint (normal execution)

VM Mutex/Monitor currently owned by a thread: None

heap address: 0x00000007d0800000, size: 512 MB, Compressed Oops mode: Zero based, Oop shift amount: 3
Narrow klass base: 0x00000007f0800000, Narrow klass shift: 0
Compressed class space size: 1073741824 Address: 0x00000007f0800000

Heap:
 PSYoungGen      total 124416K, used 105860K [0x00000007e5d80000, 0x00000007f0800000, 0x00000007f0800000)
  eden space 79360K, 93% used [0x00000007e5d80000,0x00000007ea637460,0x00000007eab00000)
  from space 45056K, 69% used [0x00000007edc00000,0x00000007efaa9e48,0x00000007f0800000)
  to   space 47616K, 0% used [0x00000007eab00000,0x00000007eab00000,0x00000007ed980000)
 ParOldGen       total 349696K, used 293224K [0x00000007d0800000, 0x00000007e5d80000, 0x00000007e5d80000)
  object space 349696K, 83% used [0x00000007d0800000,0x00000007e265a380,0x00000007e5d80000)
 Metaspace       used 111285K, capacity 119386K, committed 119592K, reserved 1153024K
  class space    used 14376K, capacity 16349K, committed 16424K, reserved 1048576K

Card table byte_map: [0x000000010606f000,0x0000000106170000] byte_map_base: 0x00000001021eb000

Marking Bits: (ParMarkBitMap*) 0x0000000105620ec8
 Begin Bits: [0x000000010621b000, 0x0000000106a1b000)
 End Bits:   [0x0000000106a1b000, 0x000000010721b000)

Polling page: 0x0000000104437000

CodeCache: size=245760Kb used=71294Kb max_used=71542Kb free=174465Kb
 bounds [0x0000000112f6d000, 0x000000011759d000, 0x0000000121f6d000]
 total_blobs=24515 nmethods=23558 adapters=869
 compilation: enabled

Compilation events (10 events):
Event: 215.769 Thread 0x00007ff39905a000 29106       2       org.gradle.internal.logging.services.DefaultLoggingManager::<init> (114 bytes)
Event: 215.770 Thread 0x00007ff39905a000 nmethod 29106 0x0000000116d0bed0 code [0x0000000116d0c0a0, 0x0000000116d0c908]
Event: 215.796 Thread 0x00007ff39905a000 29107       2       org.gradle.api.internal.artifacts.ivyservice.resolveengine.store.CachedStoreFactory$SimpleStore::load (70 bytes)
Event: 215.799 Thread 0x00007ff39905a000 nmethod 29107 0x0000000116a92650 code [0x0000000116a92840, 0x0000000116a92f28]
Event: 215.819 Thread 0x00007ff39905a000 29108       2       com.android.tools.r8.code.z0::a (1 bytes)
Event: 215.819 Thread 0x00007ff39905a000 nmethod 29108 0x0000000116000950 code [0x0000000116000aa0, 0x0000000116000bf0]
Event: 215.864 Thread 0x00007ff39905a000 29109       2       com.android.tools.r8.code.G3::a (1 bytes)
Event: 215.864 Thread 0x00007ff39905a000 nmethod 29109 0x0000000116ef27d0 code [0x0000000116ef2920, 0x0000000116ef2a70]
Event: 215.866 Thread 0x00007ff39905a000 29110       2       com.android.tools.r8.code.j0::a (1 bytes)
Event: 215.866 Thread 0x00007ff39905a000 nmethod 29110 0x0000000116ef2490 code [0x0000000116ef25e0, 0x0000000116ef2730]

GC Heap History (10 events):
Event: 208.574 GC heap before
{Heap before GC invocations=93 (full 5):
 PSYoungGen      total 154624K, used 140800K [0x00000007e5d80000, 0x00000007f0800000, 0x00000007f0800000)
  eden space 140800K, 100% used [0x00000007e5d80000,0x00000007ee700000,0x00000007ee700000)
  from space 13824K, 0% used [0x00000007efa80000,0x00000007efa80000,0x00000007f0800000)
  to   space 16896K, 0% used [0x00000007ee700000,0x00000007ee700000,0x00000007ef780000)
 ParOldGen       total 349696K, used 265063K [0x00000007d0800000, 0x00000007e5d80000, 0x00000007e5d80000)
  object space 349696K, 75% used [0x00000007d0800000,0x00000007e0ad9e78,0x00000007e5d80000)
 Metaspace       used 111215K, capacity 119382K, committed 119592K, reserved 1153024K
  class space    used 14377K, capacity 16351K, committed 16424K, reserved 1048576K
Event: 208.704 GC heap after
Heap after GC invocations=93 (full 5):
 PSYoungGen      total 157696K, used 16864K [0x00000007e5d80000, 0x00000007f0800000, 0x00000007f0800000)
  eden space 140800K, 0% used [0x00000007e5d80000,0x00000007e5d80000,0x00000007ee700000)
  from space 16896K, 99% used [0x00000007ee700000,0x00000007ef778340,0x00000007ef780000)
  to   space 16896K, 0% used [0x00000007ef780000,0x00000007ef780000,0x00000007f0800000)
 ParOldGen       total 349696K, used 281840K [0x00000007d0800000, 0x00000007e5d80000, 0x00000007e5d80000)
  object space 349696K, 80% used [0x00000007d0800000,0x00000007e1b3c090,0x00000007e5d80000)
 Metaspace       used 111215K, capacity 119382K, committed 119592K, reserved 1153024K
  class space    used 14377K, capacity 16351K, committed 16424K, reserved 1048576K
}
Event: 209.946 GC heap before
{Heap before GC invocations=94 (full 5):
 PSYoungGen      total 157696K, used 157664K [0x00000007e5d80000, 0x00000007f0800000, 0x00000007f0800000)
  eden space 140800K, 100% used [0x00000007e5d80000,0x00000007ee700000,0x00000007ee700000)
  from space 16896K, 99% used [0x00000007ee700000,0x00000007ef778340,0x00000007ef780000)
  to   space 16896K, 0% used [0x00000007ef780000,0x00000007ef780000,0x00000007f0800000)
 ParOldGen       total 349696K, used 281840K [0x00000007d0800000, 0x00000007e5d80000, 0x00000007e5d80000)
  object space 349696K, 80% used [0x00000007d0800000,0x00000007e1b3c090,0x00000007e5d80000)
 Metaspace       used 111242K, capacity 119394K, committed 119592K, reserved 1153024K
  class space    used 14377K, capacity 16351K, committed 16424K, reserved 1048576K
Event: 210.238 GC heap after
Heap after GC invocations=94 (full 5):
 PSYoungGen      total 104448K, used 16880K [0x00000007e5d80000, 0x00000007f0800000, 0x00000007f0800000)
  eden space 87552K, 0% used [0x00000007e5d80000,0x00000007e5d80000,0x00000007eb300000)
  from space 16896K, 99% used [0x00000007ef780000,0x00000007f07fc228,0x00000007f0800000)
  to   space 43520K, 0% used [0x00000007eb300000,0x00000007eb300000,0x00000007edd80000)
 ParOldGen       total 349696K, used 326983K [0x00000007d0800000, 0x00000007e5d80000, 0x00000007e5d80000)
  object space 349696K, 93% used [0x00000007d0800000,0x00000007e4751d78,0x00000007e5d80000)
 Metaspace       used 111242K, capacity 119394K, committed 119592K, reserved 1153024K
  class space    used 14377K, capacity 16351K, committed 16424K, reserved 1048576K
}
Event: 210.238 GC heap before
{Heap before GC invocations=95 (full 6):
 PSYoungGen      total 104448K, used 16880K [0x00000007e5d80000, 0x00000007f0800000, 0x00000007f0800000)
  eden space 87552K, 0% used [0x00000007e5d80000,0x00000007e5d80000,0x00000007eb300000)
  from space 16896K, 99% used [0x00000007ef780000,0x00000007f07fc228,0x00000007f0800000)
  to   space 43520K, 0% used [0x00000007eb300000,0x00000007eb300000,0x00000007edd80000)
 ParOldGen       total 349696K, used 326983K [0x00000007d0800000, 0x00000007e5d80000, 0x00000007e5d80000)
  object space 349696K, 93% used [0x00000007d0800000,0x00000007e4751d78,0x00000007e5d80000)
 Metaspace       used 111242K, capacity 119394K, committed 119592K, reserved 1153024K
  class space    used 14377K, capacity 16351K, committed 16424K, reserved 1048576K
Event: 213.294 GC heap after
Heap after GC invocations=95 (full 6):
 PSYoungGen      total 104448K, used 0K [0x00000007e5d80000, 0x00000007f0800000, 0x00000007f0800000)
  eden space 87552K, 0% used [0x00000007e5d80000,0x00000007e5d80000,0x00000007eb300000)
  from space 16896K, 0% used [0x00000007ef780000,0x00000007ef780000,0x00000007f0800000)
  to   space 43520K, 0% used [0x00000007eb300000,0x00000007eb300000,0x00000007edd80000)
 ParOldGen       total 349696K, used 293224K [0x00000007d0800000, 0x00000007e5d80000, 0x00000007e5d80000)
  object space 349696K, 83% used [0x00000007d0800000,0x00000007e265a380,0x00000007e5d80000)
 Metaspace       used 111239K, capacity 119386K, committed 119592K, reserved 1153024K
  class space    used 14376K, capacity 16349K, committed 16424K, reserved 1048576K
}
Event: 214.119 GC heap before
{Heap before GC invocations=96 (full 6):
 PSYoungGen      total 104448K, used 87552K [0x00000007e5d80000, 0x00000007f0800000, 0x00000007f0800000)
  eden space 87552K, 100% used [0x00000007e5d80000,0x00000007eb300000,0x00000007eb300000)
  from space 16896K, 0% used [0x00000007ef780000,0x00000007ef780000,0x00000007f0800000)
  to   space 43520K, 0% used [0x00000007eb300000,0x00000007eb300000,0x00000007edd80000)
 ParOldGen       total 349696K, used 293224K [0x00000007d0800000, 0x00000007e5d80000, 0x00000007e5d80000)
  object space 349696K, 83% used [0x00000007d0800000,0x00000007e265a380,0x00000007e5d80000)
 Metaspace       used 111272K, capacity 119386K, committed 119592K, reserved 1153024K
  class space    used 14376K, capacity 16349K, committed 16424K, reserved 1048576K
Event: 214.222 GC heap after
Heap after GC invocations=96 (full 6):
 PSYoungGen      total 114176K, used 26250K [0x00000007e5d80000, 0x00000007f0800000, 0x00000007f0800000)
  eden space 87552K, 0% used [0x00000007e5d80000,0x00000007e5d80000,0x00000007eb300000)
  from space 26624K, 98% used [0x00000007eb300000,0x00000007ecca2990,0x00000007ecd00000)
  to   space 45056K, 0% used [0x00000007edc00000,0x00000007edc00000,0x00000007f0800000)
 ParOldGen       total 349696K, used 293224K [0x00000007d0800000, 0x00000007e5d80000, 0x00000007e5d80000)
  object space 349696K, 83% used [0x00000007d0800000,0x00000007e265a380,0x00000007e5d80000)
 Metaspace       used 111272K, capacity 119386K, committed 119592K, reserved 1153024K
  class space    used 14376K, capacity 16349K, committed 16424K, reserved 1048576K
}
Event: 214.967 GC heap before
{Heap before GC invocations=97 (full 6):
 PSYoungGen      total 114176K, used 113802K [0x00000007e5d80000, 0x00000007f0800000, 0x00000007f0800000)
  eden space 87552K, 100% used [0x00000007e5d80000,0x00000007eb300000,0x00000007eb300000)
  from space 26624K, 98% used [0x00000007eb300000,0x00000007ecca2990,0x00000007ecd00000)
  to   space 45056K, 0% used [0x00000007edc00000,0x00000007edc00000,0x00000007f0800000)
 ParOldGen       total 349696K, used 293224K [0x00000007d0800000, 0x00000007e5d80000, 0x00000007e5d80000)
  object space 349696K, 83% used [0x00000007d0800000,0x00000007e265a380,0x00000007e5d80000)
 Metaspace       used 111279K, capacity 119386K, committed 119592K, reserved 1153024K
  class space    used 14376K, capacity 16349K, committed 16424K, reserved 1048576K
Event: 215.072 GC heap after
Heap after GC invocations=97 (full 6):
 PSYoungGen      total 124416K, used 31399K [0x00000007e5d80000, 0x00000007f0800000, 0x00000007f0800000)
  eden space 79360K, 0% used [0x00000007e5d80000,0x00000007e5d80000,0x00000007eab00000)
  from space 45056K, 69% used [0x00000007edc00000,0x00000007efaa9e48,0x00000007f0800000)
  to   space 47616K, 0% used [0x00000007eab00000,0x00000007eab00000,0x00000007ed980000)
 ParOldGen       total 349696K, used 293224K [0x00000007d0800000, 0x00000007e5d80000, 0x00000007e5d80000)
  object space 349696K, 83% used [0x00000007d0800000,0x00000007e265a380,0x00000007e5d80000)
 Metaspace       used 111279K, capacity 119386K, committed 119592K, reserved 1153024K
  class space    used 14376K, capacity 16349K, committed 16424K, reserved 1048576K
}

Deoptimization events (10 events):
Event: 202.571 Thread 0x00007ff39aa09000 Uncommon trap: reason=class_check action=maybe_recompile pc=0x0000000117156544 method=com.android.tools.r8.ir.optimize.I.a(Lcom/android/tools/r8/u/b/d0;)Z @ 93
Event: 202.571 Thread 0x00007ff39aa09000 Uncommon trap: reason=class_check action=maybe_recompile pc=0x0000000117156544 method=com.android.tools.r8.ir.optimize.I.a(Lcom/android/tools/r8/u/b/d0;)Z @ 93
Event: 202.978 Thread 0x00007ff39c070000 Uncommon trap: reason=unstable_if action=reinterpret pc=0x0000000113af1fdc method=java.nio.Bits.copyToArray(JLjava/lang/Object;JJJ)V @ 19
Event: 207.227 Thread 0x00007ff399026000 Uncommon trap: reason=unstable_if action=reinterpret pc=0x00000001137b26a0 method=java.lang.ref.Reference.tryHandlePending(Z)Z @ 20
Event: 208.039 Thread 0x00007ff39ab26800 Uncommon trap: reason=unstable_if action=reinterpret pc=0x0000000113d09ce8 method=java.util.Arrays.hashCode([Ljava/lang/Object;)I @ 1
Event: 209.077 Thread 0x00007ff39aa09000 Uncommon trap: reason=class_check action=maybe_recompile pc=0x00000001174dd210 method=com.android.tools.r8.ir.regalloc.LinearScanRegisterAllocator.a(Lcom/android/tools/r8/ir/regalloc/LinearScanRegisterAllocator$a;Z)Lcom/android/tools/r8/ir/regalloc/Linear
Event: 215.139 Thread 0x00007ff39aa09000 Uncommon trap: reason=class_check action=maybe_recompile pc=0x00000001174dd210 method=com.android.tools.r8.ir.regalloc.LinearScanRegisterAllocator.a(Lcom/android/tools/r8/ir/regalloc/LinearScanRegisterAllocator$a;Z)Lcom/android/tools/r8/ir/regalloc/Linear
Event: 215.259 Thread 0x00007ff39db19000 Uncommon trap: reason=null_check action=make_not_entrant pc=0x0000000116474fe8 method=com.google.common.collect.MapMakerInternalMap$WeakKeyDummyValueEntry$Helper.copy(Lcom/google/common/collect/MapMakerInternalMap$Segment;Lcom/google/common/collect/MapMak
Event: 215.423 Thread 0x00007ff39aa09000 Uncommon trap: reason=class_check action=maybe_recompile pc=0x00000001174dd210 method=com.android.tools.r8.ir.regalloc.LinearScanRegisterAllocator.a(Lcom/android/tools/r8/ir/regalloc/LinearScanRegisterAllocator$a;Z)Lcom/android/tools/r8/ir/regalloc/Linear
Event: 215.549 Thread 0x00007ff39aa09000 Uncommon trap: reason=class_check action=maybe_recompile pc=0x00000001174dd210 method=com.android.tools.r8.ir.regalloc.LinearScanRegisterAllocator.a(Lcom/android/tools/r8/ir/regalloc/LinearScanRegisterAllocator$a;Z)Lcom/android/tools/r8/ir/regalloc/Linear

Classes redefined (0 events):
No events

Internal exceptions (10 events):
Event: 214.735 Thread 0x00007ff39aa09000 Exception <a 'sun/nio/fs/UnixException'> (0x00000007e9ab66a0) thrown at [/Volumes/Android/buildbot/src/googleplex-android/openjdk/out/hotspot/src/share/vm/prims/jni.cpp, line 710]
Event: 214.801 Thread 0x00007ff3a0705000 Exception <a 'sun/nio/fs/UnixException'> (0x00000007e9cf9628) thrown at [/Volumes/Android/buildbot/src/googleplex-android/openjdk/out/hotspot/src/share/vm/prims/jni.cpp, line 710]
Event: 214.801 Thread 0x00007ff3a0705000 Exception <a 'sun/nio/fs/UnixException'> (0x00000007e9cfa098) thrown at [/Volumes/Android/buildbot/src/googleplex-android/openjdk/out/hotspot/src/share/vm/prims/jni.cpp, line 710]
Event: 215.249 Thread 0x00007ff39aa09000 Exception <a 'sun/nio/fs/UnixException'> (0x00000007e6e9d2a8) thrown at [/Volumes/Android/buildbot/src/googleplex-android/openjdk/out/hotspot/src/share/vm/prims/jni.cpp, line 710]
Event: 215.259 Thread 0x00007ff39db19000 Implicit null exception at 0x00000001164734e6 to 0x0000000116474f71
Event: 215.272 Thread 0x00007ff3a0705000 Exception <a 'sun/nio/fs/UnixException'> (0x00000007e7044c88) thrown at [/Volumes/Android/buildbot/src/googleplex-android/openjdk/out/hotspot/src/share/vm/prims/jni.cpp, line 710]
Event: 215.272 Thread 0x00007ff3a0705000 Exception <a 'sun/nio/fs/UnixException'> (0x00000007e70456f8) thrown at [/Volumes/Android/buildbot/src/googleplex-android/openjdk/out/hotspot/src/share/vm/prims/jni.cpp, line 710]
Event: 215.717 Thread 0x00007ff39aa09000 Exception <a 'sun/nio/fs/UnixException'> (0x00000007e94ee3c0) thrown at [/Volumes/Android/buildbot/src/googleplex-android/openjdk/out/hotspot/src/share/vm/prims/jni.cpp, line 710]
Event: 215.777 Thread 0x00007ff3a0705000 Exception <a 'sun/nio/fs/UnixException'> (0x00000007e961f270) thrown at [/Volumes/Android/buildbot/src/googleplex-android/openjdk/out/hotspot/src/share/vm/prims/jni.cpp, line 710]
Event: 215.777 Thread 0x00007ff3a0705000 Exception <a 'sun/nio/fs/UnixException'> (0x00000007e961fce0) thrown at [/Volumes/Android/buildbot/src/googleplex-android/openjdk/out/hotspot/src/share/vm/prims/jni.cpp, line 710]

Events (10 events):
Event: 215.259 Thread 0x00007ff39db19000 DEOPT UNPACKING pc=0x0000000112fb247a sp=0x00007000078ca3f8 mode 2
Event: 215.423 Thread 0x00007ff39aa09000 Uncommon trap: trap_request=0xffffffde fr.pc=0x00000001174dd210
Event: 215.423 Thread 0x00007ff39aa09000 DEOPT PACKING pc=0x00000001174dd210 sp=0x00007000076be740
Event: 215.423 Thread 0x00007ff39aa09000 DEOPT UNPACKING pc=0x0000000112fb247a sp=0x00007000076be740 mode 2
Event: 215.549 Thread 0x00007ff39aa09000 Uncommon trap: trap_request=0xffffffde fr.pc=0x00000001174dd210
Event: 215.549 Thread 0x00007ff39aa09000 DEOPT PACKING pc=0x00000001174dd210 sp=0x00007000076be740
Event: 215.549 Thread 0x00007ff39aa09000 DEOPT UNPACKING pc=0x0000000112fb247a sp=0x00007000076be740 mode 2
Event: 215.856 Executing VM operation: RevokeBias
Event: 215.857 Executing VM operation: RevokeBias done
Event: 215.857 Thread 0x00007ff39ab26800 Thread exited: 0x00007ff39ab26800


Dynamic libraries:
0x00007fff3ad13000 	/System/Library/Frameworks/Cocoa.framework/Versions/A/Cocoa
0x00007fff46ae7000 	/System/Library/Frameworks/Security.framework/Versions/A/Security
0x00007fff399a6000 	/System/Library/Frameworks/ApplicationServices.framework/Versions/A/ApplicationServices
0x00007fff66c4c000 	/usr/lib/libz.1.dylib
0x00007fff6452f000 	/usr/lib/libSystem.B.dylib
0x00007fff3b596000 	/System/Library/Frameworks/CoreFoundation.framework/Versions/A/CoreFoundation
0x00007fff3d836000 	/System/Library/Frameworks/Foundation.framework/Versions/C/Foundation
0x00007fff65de6000 	/usr/lib/libobjc.A.dylib
0x00007fff38b9f000 	/System/Library/Frameworks/AppKit.framework/Versions/C/AppKit
0x00007fff3b111000 	/System/Library/Frameworks/CoreData.framework/Versions/A/CoreData
0x00007fff5dff5000 	/System/Library/PrivateFrameworks/RemoteViewServices.framework/Versions/A/RemoteViewServices
0x00007fff6226c000 	/System/Library/PrivateFrameworks/UIFoundation.framework/Versions/A/UIFoundation
0x00007fff63950000 	/System/Library/PrivateFrameworks/XCTTargetBootstrap.framework/Versions/A/XCTTargetBootstrap
0x000000010431b000 	/System/Library/Frameworks/CoreDisplay.framework/Versions/A/CoreDisplay
0x00007fff58d2f000 	/System/Library/PrivateFrameworks/IconServices.framework/Versions/A/IconServices
0x00007fff4015c000 	/System/Library/Frameworks/Metal.framework/Versions/A/Metal
0x00007fff50272000 	/System/Library/PrivateFrameworks/DesktopServicesPriv.framework/Versions/A/DesktopServicesPriv
0x00007fff65149000 	/usr/lib/libenergytrace.dylib
0x0000000104439000 	/System/Library/PrivateFrameworks/SkyLight.framework/Versions/A/SkyLight
0x00007fff3b9dd000 	/System/Library/Frameworks/CoreGraphics.framework/Versions/A/CoreGraphics
0x00007fff37789000 	/System/Library/Frameworks/Accelerate.framework/Versions/A/Accelerate
0x00007fff3df7f000 	/System/Library/Frameworks/IOSurface.framework/Versions/A/IOSurface
0x00007fff500de000 	/System/Library/PrivateFrameworks/DFRFoundation.framework/Versions/A/DFRFoundation
0x00007fff39e89000 	/System/Library/Frameworks/AudioToolbox.framework/Versions/A/AudioToolbox
0x00007fff3a102000 	/System/Library/Frameworks/AudioUnit.framework/Versions/A/AudioUnit
0x00007fff50173000 	/System/Library/PrivateFrameworks/DataDetectorsCore.framework/Versions/A/DataDetectorsCore
0x00007fff3a816000 	/System/Library/Frameworks/Carbon.framework/Versions/A/Frameworks/HIToolbox.framework/Versions/A/HIToolbox
0x00007fff652a2000 	/usr/lib/libicucore.A.dylib
0x00007fff4605b000 	/System/Library/Frameworks/QuartzCore.framework/Versions/A/QuartzCore
0x00007fff3abeb000 	/System/Library/Frameworks/Carbon.framework/Versions/A/Frameworks/SpeechRecognition.framework/Versions/A/SpeechRecognition
0x00007fff64703000 	/usr/lib/libauto.dylib
0x00007fff66b40000 	/usr/lib/libxml2.2.dylib
0x00007fff4fcb9000 	/System/Library/PrivateFrameworks/CoreUI.framework/Versions/A/CoreUI
0x00007fff3affc000 	/System/Library/Frameworks/CoreAudio.framework/Versions/A/CoreAudio
0x00007fff3d66b000 	/System/Library/Frameworks/DiskArbitration.framework/Versions/A/DiskArbitration
0x00007fff65550000 	/usr/lib/liblangid.dylib
0x00007fff5a13a000 	/System/Library/PrivateFrameworks/MultitouchSupport.framework/Versions/A/MultitouchSupport
0x00007fff3deee000 	/System/Library/Frameworks/IOKit.framework/Versions/A/IOKit
0x00007fff640ef000 	/usr/lib/libDiagnosticMessagesClient.dylib
0x00007fff3c809000 	/System/Library/Frameworks/CoreServices.framework/Versions/A/CoreServices
0x00007fff5bdf4000 	/System/Library/PrivateFrameworks/PerformanceAnalysis.framework/Versions/A/PerformanceAnalysis
0x00000001047d7000 	/System/Library/Frameworks/OpenGL.framework/Versions/A/OpenGL
0x00007fff3ad21000 	/System/Library/Frameworks/ColorSync.framework/Versions/A/ColorSync
0x00007fff3c08b000 	/System/Library/Frameworks/CoreImage.framework/Versions/A/CoreImage
0x00007fff3d1e1000 	/System/Library/Frameworks/CoreText.framework/Versions/A/CoreText
0x00007fff3dfe2000 	/System/Library/Frameworks/ImageIO.framework/Versions/A/ImageIO
0x00007fff4c30b000 	/System/Library/PrivateFrameworks/Backup.framework/Versions/A/Backup
0x00007fff645d6000 	/usr/lib/libarchive.2.dylib
0x00007fff3a45b000 	/System/Library/Frameworks/CFNetwork.framework/Versions/A/CFNetwork
0x00007fff47243000 	/System/Library/Frameworks/SystemConfiguration.framework/Versions/A/SystemConfiguration
0x00007fff64020000 	/usr/lib/libCRFSuite.dylib
0x00007fff647f2000 	/usr/lib/libc++.1.dylib
0x00007fff64846000 	/usr/lib/libc++abi.dylib
0x00007fff67442000 	/usr/lib/system/libcache.dylib
0x00007fff67447000 	/usr/lib/system/libcommonCrypto.dylib
0x00007fff67452000 	/usr/lib/system/libcompiler_rt.dylib
0x00007fff6745a000 	/usr/lib/system/libcopyfile.dylib
0x00007fff67464000 	/usr/lib/system/libcorecrypto.dylib
0x00007fff6756f000 	/usr/lib/system/libdispatch.dylib
0x00007fff675a9000 	/usr/lib/system/libdyld.dylib
0x00007fff675d6000 	/usr/lib/system/libkeymgr.dylib
0x00007fff675e4000 	/usr/lib/system/liblaunch.dylib
0x00007fff675e5000 	/usr/lib/system/libmacho.dylib
0x00007fff675eb000 	/usr/lib/system/libquarantine.dylib
0x00007fff675ee000 	/usr/lib/system/libremovefile.dylib
0x00007fff675f0000 	/usr/lib/system/libsystem_asl.dylib
0x00007fff67608000 	/usr/lib/system/libsystem_blocks.dylib
0x00007fff67609000 	/usr/lib/system/libsystem_c.dylib
0x00007fff67691000 	/usr/lib/system/libsystem_configuration.dylib
0x00007fff67695000 	/usr/lib/system/libsystem_coreservices.dylib
0x00007fff67699000 	/usr/lib/system/libsystem_darwin.dylib
0x00007fff676a0000 	/usr/lib/system/libsystem_dnssd.dylib
0x00007fff676a7000 	/usr/lib/system/libsystem_info.dylib
0x00007fff6771c000 	/usr/lib/system/libsystem_m.dylib
0x00007fff67768000 	/usr/lib/system/libsystem_malloc.dylib
0x00007fff67793000 	/usr/lib/system/libsystem_networkextension.dylib
0x00007fff6779e000 	/usr/lib/system/libsystem_notify.dylib
0x00007fff677bb000 	/usr/lib/system/libsystem_sandbox.dylib
0x00007fff677bf000 	/usr/lib/system/libsystem_secinit.dylib
0x00007fff676f3000 	/usr/lib/system/libsystem_kernel.dylib
0x00007fff677a6000 	/usr/lib/system/libsystem_platform.dylib
0x00007fff677b0000 	/usr/lib/system/libsystem_pthread.dylib
0x00007fff677c2000 	/usr/lib/system/libsystem_symptoms.dylib
0x00007fff677ca000 	/usr/lib/system/libsystem_trace.dylib
0x00007fff677e1000 	/usr/lib/system/libunwind.dylib
0x00007fff677e7000 	/usr/lib/system/libxpc.dylib
0x00007fff647d3000 	/usr/lib/libbsm.0.dylib
0x00007fff675d7000 	/usr/lib/system/libkxld.dylib
0x00007fff4b6fc000 	/System/Library/PrivateFrameworks/AppleFSCompression.framework/Versions/A/AppleFSCompression
0x00007fff643ef000 	/usr/lib/libOpenScriptingUtil.dylib
0x00007fff64afb000 	/usr/lib/libcoretls.dylib
0x00007fff64b12000 	/usr/lib/libcoretls_cfhelpers.dylib
0x00007fff66580000 	/usr/lib/libpam.2.dylib
0x00007fff66740000 	/usr/lib/libsqlite3.dylib
0x00007fff66b2e000 	/usr/lib/libxar.1.dylib
0x00007fff647e4000 	/usr/lib/libbz2.1.0.dylib
0x00007fff65552000 	/usr/lib/liblzma.5.dylib
0x00007fff65a03000 	/usr/lib/libnetwork.dylib
0x00007fff645bf000 	/usr/lib/libapple_nghttp2.dylib
0x00007fff66587000 	/usr/lib/libpcap.A.dylib
0x00007fff3cba8000 	/System/Library/Frameworks/CoreServices.framework/Versions/A/Frameworks/FSEvents.framework/Versions/A/FSEvents
0x00007fff3c887000 	/System/Library/Frameworks/CoreServices.framework/Versions/A/Frameworks/CarbonCore.framework/Versions/A/CarbonCore
0x00007fff3cd63000 	/System/Library/Frameworks/CoreServices.framework/Versions/A/Frameworks/Metadata.framework/Versions/A/Metadata
0x00007fff3ce02000 	/System/Library/Frameworks/CoreServices.framework/Versions/A/Frameworks/OSServices.framework/Versions/A/OSServices
0x00007fff3ce4d000 	/System/Library/Frameworks/CoreServices.framework/Versions/A/Frameworks/SearchKit.framework/Versions/A/SearchKit
0x00007fff3c80a000 	/System/Library/Frameworks/CoreServices.framework/Versions/A/Frameworks/AE.framework/Versions/A/AE
0x00007fff3cbb1000 	/System/Library/Frameworks/CoreServices.framework/Versions/A/Frameworks/LaunchServices.framework/Versions/A/LaunchServices
0x00007fff3cb5f000 	/System/Library/Frameworks/CoreServices.framework/Versions/A/Frameworks/DictionaryServices.framework/Versions/A/DictionaryServices
0x00007fff3ceb5000 	/System/Library/Frameworks/CoreServices.framework/Versions/A/Frameworks/SharedFileList.framework/Versions/A/SharedFileList
0x00007fff41224000 	/System/Library/Frameworks/NetFS.framework/Versions/A/NetFS
0x00007fff5a3a0000 	/System/Library/PrivateFrameworks/NetAuth.framework/Versions/A/NetAuth
0x00007fff63d54000 	/System/Library/PrivateFrameworks/login.framework/Versions/A/Frameworks/loginsupport.framework/Versions/A/loginsupport
0x00007fff61e75000 	/System/Library/PrivateFrameworks/TCC.framework/Versions/A/TCC
0x00007fff4f316000 	/System/Library/PrivateFrameworks/CoreNLP.framework/Versions/A/CoreNLP
0x00007fff59e35000 	/System/Library/PrivateFrameworks/MetadataUtilities.framework/Versions/A/MetadataUtilities
0x00007fff65627000 	/usr/lib/libmecabra.dylib
0x00007fff399a7000 	/System/Library/Frameworks/ApplicationServices.framework/Versions/A/Frameworks/ATS.framework/Versions/A/ATS
0x00007fff39cf6000 	/System/Library/Frameworks/ApplicationServices.framework/Versions/A/Frameworks/ColorSyncLegacy.framework/Versions/A/ColorSyncLegacy
0x00007fff39d95000 	/System/Library/Frameworks/ApplicationServices.framework/Versions/A/Frameworks/HIServices.framework/Versions/A/HIServices
0x00007fff39de8000 	/System/Library/Frameworks/ApplicationServices.framework/Versions/A/Frameworks/LangAnalysis.framework/Versions/A/LangAnalysis
0x00007fff39df8000 	/System/Library/Frameworks/ApplicationServices.framework/Versions/A/Frameworks/PrintCore.framework/Versions/A/PrintCore
0x00007fff39e42000 	/System/Library/Frameworks/ApplicationServices.framework/Versions/A/Frameworks/QD.framework/Versions/A/QD
0x00007fff39e7c000 	/System/Library/Frameworks/ApplicationServices.framework/Versions/A/Frameworks/SpeechSynthesis.framework/Versions/A/SpeechSynthesis
0x00007fff6486e000 	/usr/lib/libcompression.dylib
0x00007fff4042c000 	/System/Library/Frameworks/MetalPerformanceShaders.framework/Versions/A/MetalPerformanceShaders
0x00007fff377a1000 	/System/Library/Frameworks/Accelerate.framework/Versions/A/Frameworks/vImage.framework/Versions/A/vImage
0x00007fff389fd000 	/System/Library/Frameworks/Accelerate.framework/Versions/A/Frameworks/vecLib.framework/Versions/A/vecLib
0x00007fff38888000 	/System/Library/Frameworks/Accelerate.framework/Versions/A/Frameworks/vecLib.framework/Versions/A/libvMisc.dylib
0x00007fff386e7000 	/System/Library/Frameworks/Accelerate.framework/Versions/A/Frameworks/vecLib.framework/Versions/A/libvDSP.dylib
0x00007fff38096000 	/System/Library/Frameworks/Accelerate.framework/Versions/A/Frameworks/vecLib.framework/Versions/A/libBLAS.dylib
0x00007fff38282000 	/System/Library/Frameworks/Accelerate.framework/Versions/A/Frameworks/vecLib.framework/Versions/A/libLAPACK.dylib
0x00007fff3863b000 	/System/Library/Frameworks/Accelerate.framework/Versions/A/Frameworks/vecLib.framework/Versions/A/libLinearAlgebra.dylib
0x00007fff386d4000 	/System/Library/Frameworks/Accelerate.framework/Versions/A/Frameworks/vecLib.framework/Versions/A/libSparseBLAS.dylib
0x00007fff38651000 	/System/Library/Frameworks/Accelerate.framework/Versions/A/Frameworks/vecLib.framework/Versions/A/libQuadrature.dylib
0x00007fff3823d000 	/System/Library/Frameworks/Accelerate.framework/Versions/A/Frameworks/vecLib.framework/Versions/A/libBNNS.dylib
0x00007fff38657000 	/System/Library/Frameworks/Accelerate.framework/Versions/A/Frameworks/vecLib.framework/Versions/A/libSparse.dylib
0x00007fff56664000 	/System/Library/PrivateFrameworks/GPUWrangler.framework/Versions/A/GPUWrangler
0x00007fff58964000 	/System/Library/PrivateFrameworks/IOAccelerator.framework/Versions/A/IOAccelerator
0x00007fff5896f000 	/System/Library/PrivateFrameworks/IOPresentment.framework/Versions/A/IOPresentment
0x00007fff500ee000 	/System/Library/PrivateFrameworks/DSExternalDisplay.framework/Versions/A/DSExternalDisplay
0x00000001047f8000 	/System/Library/Frameworks/OpenGL.framework/Versions/A/Libraries/libCoreFSCache.dylib
0x00007fff40220000 	/System/Library/Frameworks/MetalPerformanceShaders.framework/Frameworks/MPSCore.framework/Versions/A/MPSCore
0x00007fff40240000 	/System/Library/Frameworks/MetalPerformanceShaders.framework/Frameworks/MPSImage.framework/Versions/A/MPSImage
0x00007fff402e5000 	/System/Library/Frameworks/MetalPerformanceShaders.framework/Frameworks/MPSNeuralNetwork.framework/Versions/A/MPSNeuralNetwork
0x00007fff402bd000 	/System/Library/Frameworks/MetalPerformanceShaders.framework/Frameworks/MPSMatrix.framework/Versions/A/MPSMatrix
0x00007fff40411000 	/System/Library/Frameworks/MetalPerformanceShaders.framework/Frameworks/MPSRayIntersector.framework/Versions/A/MPSRayIntersector
0x00007fff59e5e000 	/System/Library/PrivateFrameworks/MetalTools.framework/Versions/A/MetalTools
0x00007fff4afa6000 	/System/Library/PrivateFrameworks/AggregateDictionary.framework/Versions/A/AggregateDictionary
0x00007fff643cf000 	/usr/lib/libMobileGestalt.dylib
0x00007fff3d344000 	/System/Library/Frameworks/CoreVideo.framework/Versions/A/CoreVideo
0x00007fff57475000 	/System/Library/PrivateFrameworks/GraphVisualizer.framework/Versions/A/GraphVisualizer
0x00007fff512f4000 	/System/Library/PrivateFrameworks/FaceCore.framework/Versions/A/FaceCore
0x00007fff43cce000 	/System/Library/Frameworks/OpenCL.framework/Versions/A/OpenCL
0x00007fff64127000 	/usr/lib/libFosl_dynamic.dylib
0x00007fff5ac0b000 	/System/Library/PrivateFrameworks/OTSVG.framework/Versions/A/OTSVG
0x00007fff39aab000 	/System/Library/Frameworks/ApplicationServices.framework/Versions/A/Frameworks/ATS.framework/Versions/A/Resources/libFontParser.dylib
0x00007fff39bc3000 	/System/Library/Frameworks/ApplicationServices.framework/Versions/A/Frameworks/ATS.framework/Versions/A/Resources/libFontRegistry.dylib
0x00007fff3e254000 	/System/Library/Frameworks/ImageIO.framework/Versions/A/Resources/libJPEG.dylib
0x00007fff3e567000 	/System/Library/Frameworks/ImageIO.framework/Versions/A/Resources/libTIFF.dylib
0x00007fff3e53d000 	/System/Library/Frameworks/ImageIO.framework/Versions/A/Resources/libPng.dylib
0x00007fff3e171000 	/System/Library/Frameworks/ImageIO.framework/Versions/A/Resources/libGIF.dylib
0x00007fff3e176000 	/System/Library/Frameworks/ImageIO.framework/Versions/A/Resources/libJP2.dylib
0x00007fff3e564000 	/System/Library/Frameworks/ImageIO.framework/Versions/A/Resources/libRadiance.dylib
0x00007fff4b853000 	/System/Library/PrivateFrameworks/AppleJPEG.framework/Versions/A/AppleJPEG
0x000000010480b000 	/System/Library/Frameworks/OpenGL.framework/Versions/A/Libraries/libGFXShared.dylib
0x0000000104820000 	/System/Library/Frameworks/OpenGL.framework/Versions/A/Libraries/libGLU.dylib
0x0000000104873000 	/System/Library/Frameworks/OpenGL.framework/Versions/A/Libraries/libGL.dylib
0x000000010489a000 	/System/Library/Frameworks/OpenGL.framework/Versions/A/Libraries/libGLImage.dylib
0x00000001048e3000 	/System/Library/Frameworks/OpenGL.framework/Versions/A/Libraries/libCVMSPluginSupport.dylib
0x00000001048f1000 	/System/Library/Frameworks/OpenGL.framework/Versions/A/Libraries/libCoreVMClient.dylib
0x00007fff64fbf000 	/usr/lib/libcups.2.dylib
0x00007fff3f727000 	/System/Library/Frameworks/Kerberos.framework/Versions/A/Kerberos
0x00007fff3dc52000 	/System/Library/Frameworks/GSS.framework/Versions/A/GSS
0x00007fff666d5000 	/usr/lib/libresolv.9.dylib
0x00007fff651b1000 	/usr/lib/libiconv.2.dylib
0x00007fff575ea000 	/System/Library/PrivateFrameworks/Heimdal.framework/Versions/A/Heimdal
0x00007fff65181000 	/usr/lib/libheimdal-asn1.dylib
0x00007fff43d42000 	/System/Library/Frameworks/OpenDirectory.framework/Versions/A/OpenDirectory
0x00007fff4e079000 	/System/Library/PrivateFrameworks/CommonAuth.framework/Versions/A/CommonAuth
0x00007fff43d26000 	/System/Library/Frameworks/OpenDirectory.framework/Versions/A/Frameworks/CFOpenDirectory.framework/Versions/A/CFOpenDirectory
0x00007fff46de8000 	/System/Library/Frameworks/SecurityFoundation.framework/Versions/A/SecurityFoundation
0x00007fff4a4ec000 	/System/Library/PrivateFrameworks/APFS.framework/Versions/A/APFS
0x00007fff66b2a000 	/usr/lib/libutil.dylib
0x00007fff6485c000 	/usr/lib/libcharset.1.dylib
0x00007fff4baf0000 	/System/Library/PrivateFrameworks/AppleSauce.framework/Versions/A/AppleSauce
0x00007fff4bc71000 	/System/Library/PrivateFrameworks/AssertionServices.framework/Versions/A/AssertionServices
0x00007fff4c3a1000 	/System/Library/PrivateFrameworks/BaseBoard.framework/Versions/A/BaseBoard
0x00007fff65582000 	/usr/lib/libmecab.1.0.0.dylib
0x00007fff6517b000 	/usr/lib/libgermantok.dylib
0x00007fff645ac000 	/usr/lib/libThaiTokenizer.dylib
0x00007fff64057000 	/usr/lib/libChineseTokenizer.dylib
0x00007fff5901c000 	/System/Library/PrivateFrameworks/LanguageModeling.framework/Versions/A/LanguageModeling
0x00007fff4ed5b000 	/System/Library/PrivateFrameworks/CoreEmoji.framework/Versions/A/CoreEmoji
0x00007fff590f8000 	/System/Library/PrivateFrameworks/Lexicon.framework/Versions/A/Lexicon
0x00007fff5913b000 	/System/Library/PrivateFrameworks/LinguisticData.framework/Versions/A/LinguisticData
0x00007fff6485d000 	/usr/lib/libcmph.dylib
0x00007fff46ea6000 	/System/Library/Frameworks/ServiceManagement.framework/Versions/A/ServiceManagement
0x00007fff4c302000 	/System/Library/PrivateFrameworks/BackgroundTaskManagement.framework/Versions/A/BackgroundTaskManagement
0x00007fff66c23000 	/usr/lib/libxslt.1.dylib
0x00007fff3ab18000 	/System/Library/Frameworks/Carbon.framework/Versions/A/Frameworks/Ink.framework/Versions/A/Ink
0x00007fff620e7000 	/System/Library/PrivateFrameworks/TextureIO.framework/Versions/A/TextureIO
0x00007fff64600000 	/usr/lib/libate.dylib
0x00007fff5003d000 	/System/Library/PrivateFrameworks/CrashReporterSupport.framework/Versions/A/CrashReporterSupport
0x00007fff5f821000 	/System/Library/PrivateFrameworks/Sharing.framework/Versions/A/Sharing
0x00007fff4c054000 	/System/Library/PrivateFrameworks/AuthKit.framework/Versions/A/AuthKit
0x00007fff4b5a8000 	/System/Library/PrivateFrameworks/Apple80211.framework/Versions/A/Apple80211
0x00007fff4fde5000 	/System/Library/PrivateFrameworks/CoreUtils.framework/Versions/A/CoreUtils
0x00007fff3d385000 	/System/Library/Frameworks/CoreWLAN.framework/Versions/A/CoreWLAN
0x00007fff3dd81000 	/System/Library/Frameworks/IOBluetooth.framework/Versions/A/IOBluetooth
0x00007fff5dc95000 	/System/Library/PrivateFrameworks/ProtocolBuffer.framework/Versions/A/ProtocolBuffer
0x00007fff5a096000 	/System/Library/PrivateFrameworks/MobileKeyBag.framework/Versions/A/MobileKeyBag
0x00007fff4f629000 	/System/Library/PrivateFrameworks/CorePhoneNumbers.framework/Versions/A/CorePhoneNumbers
0x00007fff4b807000 	/System/Library/PrivateFrameworks/AppleIDAuthSupport.framework/Versions/A/AppleIDAuthSupport
0x00007fff58fef000 	/System/Library/PrivateFrameworks/KeychainCircle.framework/Versions/A/KeychainCircle
0x00007fff5de4b000 	/System/Library/PrivateFrameworks/ROCKit.framework/Versions/A/ROCKit
0x00007fff4ffd9000 	/System/Library/PrivateFrameworks/CoreWiFi.framework/Versions/A/CoreWiFi
0x00007fff3b0e6000 	/System/Library/Frameworks/CoreBluetooth.framework/Versions/A/CoreBluetooth
0x00007fff50234000 	/System/Library/PrivateFrameworks/DebugSymbols.framework/Versions/A/DebugSymbols
0x00007fff4fba5000 	/System/Library/PrivateFrameworks/CoreSymbolication.framework/Versions/A/CoreSymbolication
0x00007fff61902000 	/System/Library/PrivateFrameworks/Symbolication.framework/Versions/A/Symbolication
0x00007fff611a5000 	/System/Library/PrivateFrameworks/SpeechRecognitionCore.framework/Versions/A/SpeechRecognitionCore
0x0000000104e00000 	/Applications/Android Studio.app/Contents/jre/jdk/Contents/Home/jre/lib/server/libjvm.dylib
0x00007fff66a05000 	/usr/lib/libstdc++.6.dylib
0x0000000104908000 	/Applications/Android Studio.app/Contents/jre/jdk/Contents/Home/jre/lib/libverify.dylib
0x0000000104919000 	/Applications/Android Studio.app/Contents/jre/jdk/Contents/Home/jre/lib/libjava.dylib
0x00000001049ab000 	/Applications/Android Studio.app/Contents/jre/jdk/Contents/Home/jre/lib/libzip.dylib
0x0000000108d63000 	/Applications/Android Studio.app/Contents/jre/jdk/Contents/Home/jre/lib/libnet.dylib
0x0000000108de5000 	/Applications/Android Studio.app/Contents/jre/jdk/Contents/Home/jre/lib/libnio.dylib
0x000000010878e000 	/Users/itcarelaptops/.gradle/native/30/osx-amd64/libnative-platform.dylib
0x00000001091cf000 	/Applications/Android Studio.app/Contents/jre/jdk/Contents/Home/jre/lib/libmanagement.dylib
0x000000010d36e000 	/Applications/Android Studio.app/Contents/jre/jdk/Contents/Home/jre/lib/libsunec.dylib
0x000000010c6b1000 	/private/var/folders/52/wspzf6s90nxg2wqzgs9_d6sw0000gn/T/native-platform2372499797742967491dir/libnative-platform.dylib

VM Arguments:
jvm_args: -XX:MaxMetaspaceSize=256m -XX:+HeapDumpOnOutOfMemoryError -Xms256m -Xmx512m -Dfile.encoding=UTF-8 -Duser.country=PK -Duser.language=en -Duser.variant 
java_command: org.gradle.launcher.daemon.bootstrap.GradleDaemon 5.6.4
java_class_path (initial): /Users/itcarelaptops/.gradle/wrapper/dists/gradle-5.6.4-all/ankdp27end7byghfw1q2sw75f/gradle-5.6.4/lib/gradle-launcher-5.6.4.jar
Launcher Type: SUN_STANDARD

Environment Variables:
PATH=/usr/local/bin:/usr/bin:/bin:/usr/sbin:/sbin:/usr/local/share/dotnet:~/.dotnet/tools:/Library/Frameworks/Mono.framework/Versions/Current/Commands:/Users/itcarelaptops/Library/Android/sdk/emulator:/Users/itcarelaptops/Library/Android/sdk/tools:/Users/itcarelaptops/Library/Android/sdk/tools/bin:/Users/itcarelaptops/Library/Android/sdk/platform-tools
SHELL=/bin/bash

Signal Handlers:
SIGSEGV: [libjvm.dylib+0x5609d5], sa_mask[0]=11111111011111110111111111111111, sa_flags=SA_ONSTACK|SA_RESTART|SA_SIGINFO
SIGBUS: [libjvm.dylib+0x5609d5], sa_mask[0]=11111111011111110111111111111111, sa_flags=SA_RESTART|SA_SIGINFO
SIGFPE: [libjvm.dylib+0x458695], sa_mask[0]=11111111011111110111111111111111, sa_flags=SA_RESTART|SA_SIGINFO
SIGPIPE: [libjvm.dylib+0x458695], sa_mask[0]=11111111011111110111111111111111, sa_flags=SA_RESTART|SA_SIGINFO
SIGXFSZ: [libjvm.dylib+0x458695], sa_mask[0]=11111111011111110111111111111111, sa_flags=SA_RESTART|SA_SIGINFO
SIGILL: [libjvm.dylib+0x458695], sa_mask[0]=11111111011111110111111111111111, sa_flags=SA_RESTART|SA_SIGINFO
SIGUSR1: SIG_DFL, sa_mask[0]=00000000000000000000000000000000, sa_flags=none
SIGUSR2: [libjvm.dylib+0x458f94], sa_mask[0]=00100000000000000000000000000000, sa_flags=SA_RESTART|SA_SIGINFO
SIGHUP: [libjvm.dylib+0x4571b9], sa_mask[0]=11111111011111110111111111111111, sa_flags=SA_RESTART|SA_SIGINFO
SIGINT: [libjvm.dylib+0x4571b9], sa_mask[0]=11111111011111110111111111111111, sa_flags=SA_RESTART|SA_SIGINFO
SIGTERM: [libjvm.dylib+0x4571b9], sa_mask[0]=11111111011111110111111111111111, sa_flags=SA_RESTART|SA_SIGINFO
SIGQUIT: [libjvm.dylib+0x4571b9], sa_mask[0]=11111111011111110111111111111111, sa_flags=SA_RESTART|SA_SIGINFO


---------------  S Y S T E M  ---------------

OS:Bsduname:Darwin 18.7.0 Darwin Kernel Version 18.7.0: Tue Aug 20 16:57:14 PDT 2019; root:xnu-4903.271.2~2/RELEASE_X86_64 x86_64
rlimit: STACK 8192k, CORE 0k, NPROC 709, NOFILE 10240, AS infinity
load average:9.88 6.70 4.83

CPU:total 2 (initial active 2) (2 cores per cpu, 1 threads per core) family 6 model 23 stepping 10, cmov, cx8, fxsr, mmx, sse, sse2, sse3, ssse3, sse4.1, tsc

Memory: 4k page, physical 8388608k(63568k free)

/proc/meminfo:


vm_info: OpenJDK 64-Bit Server VM (25.212-b4-5784211) for bsd-amd64 JRE (1.8.0_212-release-1586-b4-5784211), built by "android-build" with gcc 4.2.1 Compatible Android (5657785 based on r353983d) Clang 9.0.4 (https://android.googlesource.com/toolchain/llvm-project 2a90cc9d899e6fe6dcf0da193244b25f75735c7b)

time: Thu Jun  4 14:29:28 2020
timezone: PKT
elapsed time: 216 seconds (0d 0h 3m 36s)

