JvmtiExport can_access_local_variables 0
JvmtiExport can_hotswap_or_post_breakpoint 0
JvmtiExport can_post_on_exceptions 0
# 832 ciObject found
ciMethod java/lang/Object <init> ()V 4097 1 20415800 0 0
ciMethod java/lang/Object hashCode ()I 2049 1 256 0 -1
ciMethod java/lang/Object equals (Ljava/lang/Object;)Z 4097 1 114231 0 -1
ciMethod java/lang/System arraycopy (Ljava/lang/Object;ILjava/lang/Object;II)V 4097 1 512 0 -1
ciMethod java/util/Map get (Ljava/lang/Object;)Ljava/lang/Object; 0 0 1 0 -1
ciMethod java/util/Map put (Ljava/lang/Object;Ljava/lang/Object;)Ljava/lang/Object; 0 0 1 0 -1
ciMethod java/lang/Number <init> ()V 4097 1 377801 0 32
ciMethod java/lang/Integer valueOf (I)Ljava/lang/Integer; 32537 1 1575212 0 192
ciMethod java/lang/Integer <init> (I)V 12393 1 334813 0 0
ciMethod java/lang/Integer intValue ()I 1049 1 131 0 -1
ciMethod java/lang/Integer highestOneBit (I)I 2065 1 2634 0 -1
ciMethod java/lang/Integer rotateLeft (II)I 4097 1 1274100 0 0
ciMethod java/util/Collection size ()I 0 0 1 0 -1
ciMethod java/util/Collection isEmpty ()Z 0 0 1 0 -1
ciMethod java/util/Collection iterator ()Ljava/util/Iterator; 0 0 1 0 -1
ciMethod java/util/List size ()I 0 0 1 0 -1
ciMethod java/util/List isEmpty ()Z 0 0 1 0 -1
ciMethod java/util/List contains (Ljava/lang/Object;)Z 0 0 1 0 -1
ciMethod java/util/List iterator ()Ljava/util/Iterator; 0 0 1 0 -1
ciMethod java/util/List add (Ljava/lang/Object;)Z 0 0 1 0 -1
ciMethod java/util/List remove (Ljava/lang/Object;)Z 0 0 1 0 -1
ciMethod java/util/List addAll (Ljava/util/Collection;)Z 0 0 1 0 -1
ciMethod java/util/List clear ()V 0 0 1 0 -1
ciMethod java/util/List get (I)Ljava/lang/Object; 0 0 1 0 -1
ciMethod java/util/List indexOf (Ljava/lang/Object;)I 0 0 1 0 -1
ciMethod java/util/List subList (II)Ljava/util/List; 0 0 1 0 -1
ciMethod java/util/AbstractList <init> ()V 2153 1 1961637 0 32
ciMethod java/util/AbstractList listIterator ()Ljava/util/ListIterator; 3097 1 3740210 0 64
ciMethod java/util/AbstractList listIterator (I)Ljava/util/ListIterator; 50233 1 6267 0 -1
ciMethod java/util/AbstractCollection <init> ()V 585 1 4486995 0 32
ciMethod java/util/AbstractCollection size ()I 0 0 1 0 -1
ciMethod java/util/AbstractCollection isEmpty ()Z 2081 1 311238 0 -1
ciMethod java/util/ArrayList <init> ()V 1105 1 980563 0 -1
ciMethod java/util/ArrayList size ()I 1025 1 128 0 0
ciMethod java/util/ArrayList elementData (I)Ljava/lang/Object; 5817 1 876049 0 0
ciMethod java/util/ArrayList get (I)Ljava/lang/Object; 1913 1 841033 0 160
ciMethod java/util/ArrayList add (Ljava/lang/Object;)Z 457 1 1242631 0 -1
ciMethod java/util/ArrayList addAll (Ljava/util/Collection;)Z 70153 1 29271 0 -1
ciMethod java/util/ArrayList rangeCheck (I)V 4129 1 876031 0 0
ciMethod java/util/ArrayList iterator ()Ljava/util/Iterator; 3073 1 293720 0 192
ciMethod java/util/ArrayList access$000 (Ljava/util/ArrayList;)I 1185 1 148 0 0
ciMethod java/util/Collections binarySearch (Ljava/util/List;Ljava/lang/Object;)I 14401 1 1800 0 -1
ciMethod java/util/Collections unmodifiableList (Ljava/util/List;)Ljava/util/List; 1041 1 7827585 0 416
ciMethod java/util/Set iterator ()Ljava/util/Iterator; 0 0 1 0 -1
ciMethod java/util/Set toArray ([Ljava/lang/Object;)[Ljava/lang/Object; 0 0 1 0 -1
ciMethod java/util/AbstractSet <init> ()V 193 1 1318177 0 32
ciMethod java/util/AbstractSet removeAll (Ljava/util/Collection;)Z 7105 5657 888 0 -1
ciMethod java/util/AbstractMap <init> ()V 657 1 2664309 0 32
ciMethod java/util/Collections$UnmodifiableRandomAccessList <init> (Ljava/util/List;)V 1049 1 7832077 0 0
ciMethod java/util/Collections$UnmodifiableList <init> (Ljava/util/List;)V 1049 1 7831977 0 0
ciMethod java/util/Collections$UnmodifiableList get (I)Ljava/lang/Object; 52281 1 21170 0 288
ciMethod java/util/Collections$UnmodifiableCollection <init> (Ljava/util/Collection;)V 1081 1 87361 0 96
ciMethod java/util/HashMap <init> ()V 321 1 1996379 0 32
ciMethod java/lang/Math max (II)I 721 1 471637 0 -1
ciMethod java/lang/Math min (II)I 4097 1 1017704 0 -1
ciMethod java/util/Arrays sort ([Ljava/lang/Object;)V 4097 1 4197 0 -1
ciMethod java/util/Arrays sort ([Ljava/lang/Object;Ljava/util/Comparator;)V 32809 1 64376 0 0
ciMethod java/util/Arrays legacyMergeSort ([Ljava/lang/Object;Ljava/util/Comparator;)V 0 0 1 0 -1
ciMethod java/util/Arrays copyOf ([II)[I 2993 1 2803 0 0
ciMethod java/util/Arrays asList ([Ljava/lang/Object;)Ljava/util/List; 1305 1 168032 0 224
ciMethod java/util/Objects requireNonNull (Ljava/lang/Object;)Ljava/lang/Object; 3217 1 1754605 0 64
ciMethod java/util/Iterator hasNext ()Z 0 0 1 0 -1
ciMethod java/util/Iterator next ()Ljava/lang/Object; 0 0 1 0 -1
ciMethod java/util/Iterator remove ()V 0 0 1 0 -1
ciMethod java/lang/Enum ordinal ()I 1585 1 198 0 -1
ciMethodData java/lang/Object <init> ()V 2 20415800 orig 264 168 237 94 5 1 0 0 0 128 180 49 7 1 0 0 0 32 1 0 0 0 0 0 0 0 0 0 0 0 0 0 0 0 0 0 0 0 0 0 0 0 0 0 0 0 0 0 0 0 0 0 0 0 0 0 0 0 0 0 0 0 0 0 0 0 0 0 0 0 0 0 0 0 0 0 0 0 0 0 0 77 68 79 32 101 120 116 114 97 32 100 97 116 97 32 108 111 99 107 0 0 0 0 0 0 0 0 0 0 0 0 0 0 0 0 0 0 0 0 0 0 0 0 0 0 0 0 0 0 0 0 0 0 0 0 0 0 0 0 0 0 0 0 0 0 0 0 0 0 0 0 0 0 0 0 0 0 0 0 0 0 0 0 0 0 0 0 0 0 0 0 0 0 0 0 0 0 0 0 0 0 0 0 0 1 0 0 0 0 0 0 0 1 0 0 0 0 0 0 0 1 0 0 0 0 0 0 0 0 0 0 0 0 0 0 0 0 2 0 0 193 25 188 9 1 0 0 0 0 0 0 0 0 0 0 0 2 0 0 0 0 0 3 0 1 0 0 0 0 0 0 0 255 255 255 255 0 0 0 0 0 0 0 0 data 0 oops 0
ciMethod java/util/BitSet wordIndex (I)I 2049 1 14184 0 -1
ciMethod java/util/BitSet checkInvariants ()V 2057 1 13570 0 -1
ciMethod java/util/BitSet recalculateWordsInUse ()V 3089 16353 6442 0 -1
ciMethod java/util/BitSet <init> (I)V 836577 1 104268 0 -1
ciMethod java/util/BitSet expandTo (I)V 10921 1 1365 0 -1
ciMethod java/util/BitSet set (I)V 1889369 1 233330 0 0
ciMethod java/util/BitSet set (IZ)V 30217 1 3777 0 0
ciMethod java/util/BitSet clear (I)V 448385 1 55312 0 0
ciMethod java/util/HashSet <init> ()V 161 1 805680 0 -1
ciMethod java/util/HashSet contains (Ljava/lang/Object;)Z 4900161 1 911696 0 -1
ciMethod java/util/HashSet add (Ljava/lang/Object;)Z 4844521 1 1432945 0 -1
ciMethod java/util/LinkedList <init> ()V 2073 1 748008 0 -1
ciMethod java/util/LinkedList <init> (Ljava/util/Collection;)V 3105 1 1665 0 -1
ciMethod java/util/LinkedList linkLast (Ljava/lang/Object;)V 3137 1 16209 0 -1
ciMethod java/util/LinkedList unlink (Ljava/util/LinkedList$Node;)Ljava/lang/Object; 3089 1 8802 0 -1
ciMethod java/util/LinkedList size ()I 1041 1 130 0 0
ciMethod java/util/LinkedList add (Ljava/lang/Object;)Z 3137 1 305685 0 -1
ciMethod java/util/LinkedList remove (Ljava/lang/Object;)Z 81921 9729 34077 0 -1
ciMethod java/util/LinkedList addAll (Ljava/util/Collection;)Z 19609 1 68007 0 -1
ciMethod java/util/LinkedList get (I)Ljava/lang/Object; 83297 1 1824216 0 256
ciMethod java/util/LinkedList isElementIndex (I)Z 2065 1 1814025 0 0
ciMethod java/util/LinkedList isPositionIndex (I)Z 3113 1 1617890 0 0
ciMethod java/util/LinkedList checkElementIndex (I)V 7041 1 1814526 0 0
ciMethod java/util/LinkedList checkPositionIndex (I)V 3113 1 1618044 0 96
ciMethod java/util/LinkedList node (I)Ljava/util/LinkedList$Node; 1697 1 15397 0 160
ciMethod java/util/LinkedList listIterator (I)Ljava/util/ListIterator; 3073 1 3847999 0 448
ciMethod java/util/AbstractSequentialList iterator ()Ljava/util/Iterator; 2113 1 1467090 0 64
ciMethod java/util/Arrays$ArrayList <init> ([Ljava/lang/Object;)V 1305 1 168037 0 0
ciMethod java/util/Arrays$ArrayList get (I)Ljava/lang/Object; 3345 1 1518 0 0
ciMethodData java/util/ArrayList get (I)Ljava/lang/Object; 2 841033 orig 264 168 237 94 5 1 0 0 0 48 202 62 7 1 0 0 0 144 1 0 0 0 0 0 0 0 0 0 0 0 0 0 0 0 0 0 0 0 0 0 0 0 0 0 0 0 0 0 0 0 0 0 0 0 0 0 0 0 0 0 0 0 0 0 0 0 0 0 0 0 0 0 0 0 0 0 0 0 0 0 0 77 68 79 32 101 120 116 114 97 32 100 97 116 97 32 108 111 99 107 0 0 0 0 0 0 0 0 0 0 0 0 0 0 0 0 0 0 0 0 0 0 0 0 0 0 0 0 0 0 0 0 0 0 0 0 0 0 0 0 0 0 0 0 0 0 0 0 0 0 0 0 0 0 0 0 0 0 0 0 0 0 0 0 0 0 0 0 0 0 0 0 0 0 0 0 0 0 0 0 0 0 0 0 0 0 0 0 0 0 0 0 0 0 0 0 0 0 0 0 0 0 0 0 0 0 0 0 0 0 0 0 0 0 0 0 0 239 0 0 0 209 162 102 0 1 0 0 0 0 0 0 0 0 0 0 0 2 0 0 0 0 0 6 0 2 0 0 0 64 0 0 0 255 255 255 255 2 0 2 0 0 0 0 0 data 8 0x20002 0xcd467 0x70005 0x0 0x7ff3a798eef0 0xcd481 0x0 0x0 oops 1 4 java/util/ArrayList
ciMethodData java/util/ArrayList rangeCheck (I)V 2 876031 orig 264 168 237 94 5 1 0 0 0 16 211 62 7 1 0 0 0 104 1 0 0 0 0 0 0 0 0 0 0 0 0 0 0 0 0 0 0 0 0 0 0 0 0 0 0 0 0 0 0 0 0 0 0 0 0 0 0 0 0 0 0 0 0 0 0 0 0 0 0 0 0 0 0 0 0 0 0 0 0 0 0 77 68 79 32 101 120 116 114 97 32 100 97 116 97 32 108 111 99 107 0 0 0 0 0 0 0 0 0 0 0 0 0 0 0 0 0 0 0 0 0 0 0 0 0 0 0 0 0 0 0 0 0 0 0 0 0 0 0 0 0 0 0 0 0 0 0 0 0 0 0 0 0 0 0 0 0 0 0 0 0 0 0 0 0 0 0 0 0 0 0 0 0 0 0 0 0 0 0 0 0 0 0 0 0 25 0 0 0 0 0 0 0 0 0 0 0 0 0 0 0 1 0 0 0 0 0 0 0 0 0 0 0 0 0 0 0 239 0 0 0 217 223 106 0 1 0 0 0 0 0 0 0 0 0 0 0 2 0 0 0 0 0 5 0 2 0 0 0 64 0 0 0 255 255 255 255 7 0 5 0 0 0 0 0 data 8 0x50007 0xd5c01 0x40 0x0 0xe0002 0x0 0x110002 0x0 oops 0
ciMethodData java/util/ArrayList elementData (I)Ljava/lang/Object; 2 876054 orig 264 168 237 94 5 1 0 0 0 144 201 62 7 1 0 0 0 40 1 0 0 0 0 0 0 0 0 0 0 0 0 0 0 0 0 0 0 0 0 0 0 0 0 0 0 0 0 0 0 0 0 0 0 0 0 0 0 0 0 0 0 0 0 0 0 0 0 0 0 0 0 0 0 0 0 0 0 0 0 0 0 77 68 79 32 101 120 116 114 97 32 100 97 116 97 32 108 111 99 107 0 0 0 0 0 0 0 0 0 0 0 0 0 0 0 0 0 0 0 0 0 0 0 0 0 0 0 0 0 0 0 0 0 0 0 0 0 0 0 0 0 0 0 0 0 0 0 0 0 0 0 0 0 0 0 0 0 0 0 0 0 0 0 0 0 0 0 0 0 0 0 0 0 0 0 0 0 0 0 0 0 0 0 0 0 1 0 0 0 0 0 0 0 0 0 0 0 0 0 0 0 1 0 0 0 0 0 0 0 0 0 0 0 0 0 0 0 239 0 0 0 249 217 106 0 1 0 0 0 0 0 0 0 0 0 0 0 2 0 0 0 0 0 3 0 1 0 0 0 0 0 0 0 255 255 255 255 0 0 0 0 0 0 0 0 data 0 oops 0
ciMethodData java/util/AbstractSet <init> ()V 2 1318235 orig 264 168 237 94 5 1 0 0 0 200 109 63 7 1 0 0 0 48 1 0 0 0 0 0 0 0 0 0 0 0 0 0 0 0 0 0 0 0 0 0 0 0 0 0 0 0 0 0 0 0 0 0 0 0 0 0 0 0 0 0 0 0 0 0 0 0 0 0 0 0 0 0 0 0 0 0 0 0 0 0 0 77 68 79 32 101 120 116 114 97 32 100 97 116 97 32 108 111 99 107 0 0 0 0 0 0 0 0 0 0 0 0 0 0 0 0 0 0 0 0 0 0 0 0 0 0 0 0 0 0 0 0 0 0 0 0 0 0 0 0 0 0 0 0 0 0 0 0 0 0 0 0 0 0 0 0 0 0 0 0 0 0 0 0 0 0 0 0 0 0 0 0 0 0 0 0 0 0 0 0 0 0 0 0 0 1 0 0 0 0 0 0 0 0 0 0 0 0 0 0 0 1 0 0 0 0 0 0 0 0 0 0 0 0 0 0 0 24 0 0 0 25 234 160 0 1 0 0 0 0 0 0 0 0 0 0 0 2 0 0 0 0 0 3 0 2 0 0 0 16 0 0 0 255 255 255 255 2 0 1 0 0 0 0 0 data 2 0x10002 0x141d76 oops 0
ciMethodData java/util/AbstractCollection <init> ()V 2 4486995 orig 264 168 237 94 5 1 0 0 0 136 57 62 7 1 0 0 0 48 1 0 0 0 0 0 0 0 0 0 0 0 0 0 0 0 0 0 0 0 0 0 0 0 0 0 0 0 0 0 0 0 0 0 0 0 0 0 0 0 0 0 0 0 0 0 0 0 0 0 0 0 0 0 0 0 0 0 0 0 0 0 0 77 68 79 32 101 120 116 114 97 32 100 97 116 97 32 108 111 99 107 0 0 0 0 0 0 0 0 0 0 0 0 0 0 0 0 0 0 0 0 0 0 0 0 0 0 0 0 0 0 0 0 0 0 0 0 0 0 0 0 0 0 0 0 0 0 0 0 0 0 0 0 0 0 0 0 0 0 0 0 0 0 0 0 0 0 0 0 0 0 0 0 0 0 0 0 0 0 0 0 0 0 0 0 0 1 0 0 0 0 0 0 0 0 0 0 0 0 0 0 0 1 0 0 0 0 0 0 0 0 0 0 0 0 0 0 0 73 0 0 0 81 184 35 2 1 0 0 0 0 0 0 0 0 0 0 0 2 0 0 0 0 0 3 0 2 0 0 0 16 0 0 0 255 255 255 255 2 0 1 0 0 0 0 0 data 2 0x10002 0x447a04 oops 0
ciMethodData java/util/HashMap <init> ()V 2 1996379 orig 264 168 237 94 5 1 0 0 0 48 82 64 7 1 0 0 0 48 1 0 0 0 0 0 0 0 0 0 0 0 0 0 0 0 0 0 0 0 0 0 0 0 0 0 0 0 0 0 0 0 0 0 0 0 0 0 0 0 0 0 0 0 0 0 0 0 0 0 0 0 0 0 0 0 0 0 0 0 0 0 0 77 68 79 32 101 120 116 114 97 32 100 97 116 97 32 108 111 99 107 0 0 0 0 0 0 0 0 0 0 0 0 0 0 0 0 0 0 0 0 0 0 0 0 0 0 0 0 0 0 0 0 0 0 0 0 0 0 0 0 0 0 0 0 0 0 0 0 0 0 0 0 0 0 0 0 0 0 0 0 0 0 0 0 0 0 0 0 0 0 0 0 0 0 0 0 0 0 0 0 0 0 0 0 0 1 0 0 0 0 0 0 0 0 0 0 0 0 0 0 0 1 0 0 0 0 0 0 0 0 0 0 0 0 0 0 0 40 0 0 0 153 177 243 0 1 0 0 0 0 0 0 0 0 0 0 0 2 0 0 0 0 0 3 0 2 0 0 0 16 0 0 0 255 255 255 255 2 0 1 0 0 0 0 0 data 2 0x10002 0x1e768a oops 0
ciMethodData java/util/AbstractMap <init> ()V 2 2664309 orig 264 168 237 94 5 1 0 0 0 160 162 63 7 1 0 0 0 48 1 0 0 0 0 0 0 0 0 0 0 0 0 0 0 0 0 0 0 0 0 0 0 0 0 0 0 0 0 0 0 0 0 0 0 0 0 0 0 0 0 0 0 0 0 0 0 0 0 0 0 0 0 0 0 0 0 0 0 0 0 0 0 77 68 79 32 101 120 116 114 97 32 100 97 116 97 32 108 111 99 107 0 0 0 0 0 0 0 0 0 0 0 0 0 0 0 0 0 0 0 0 0 0 0 0 0 0 0 0 0 0 0 0 0 0 0 0 0 0 0 0 0 0 0 0 0 0 0 0 0 0 0 0 0 0 0 0 0 0 0 0 0 0 0 0 0 0 0 0 0 0 0 0 0 0 0 0 0 0 0 0 0 0 0 0 0 1 0 0 0 0 0 0 0 0 0 0 0 0 0 0 0 1 0 0 0 0 0 0 0 0 0 0 0 0 0 0 0 82 0 0 0 25 57 69 1 1 0 0 0 0 0 0 0 0 0 0 0 2 0 0 0 0 0 3 0 2 0 0 0 16 0 0 0 255 255 255 255 2 0 1 0 0 0 0 0 data 2 0x10002 0x28a7ab oops 0
ciMethod java/lang/AssertionError <init> ()V 0 0 1 0 -1
ciMethod java/util/ArrayList$Itr <init> (Ljava/util/ArrayList;)V 6521 1 294160 0 0
ciMethod java/util/ArrayList$Itr hasNext ()Z 3241 1 173509 0 96
ciMethod java/util/ArrayList$Itr next ()Ljava/lang/Object; 3209 1 10084 0 256
ciMethod java/util/ArrayList$Itr checkForComodification ()V 3249 1 11136 0 0
ciMethodData java/util/AbstractList <init> ()V 2 1961640 orig 264 168 237 94 5 1 0 0 0 232 37 62 7 1 0 0 0 48 1 0 0 0 0 0 0 0 0 0 0 0 0 0 0 0 0 0 0 0 0 0 0 0 0 0 0 0 0 0 0 0 0 0 0 0 0 0 0 0 0 0 0 0 0 0 0 0 0 0 0 0 0 0 0 0 0 0 0 0 0 0 0 77 68 79 32 101 120 116 114 97 32 100 97 116 97 32 108 111 99 107 0 0 0 0 0 0 0 0 0 0 0 0 0 0 0 0 0 0 0 0 0 0 0 0 0 0 0 0 0 0 0 0 0 0 0 0 0 0 0 0 0 0 0 0 0 0 0 0 0 0 0 0 0 0 0 0 0 0 0 0 0 0 0 0 0 0 0 0 0 0 0 0 0 0 0 0 0 0 0 0 0 0 0 0 0 1 0 0 0 0 0 0 0 0 0 0 0 0 0 0 0 1 0 0 0 0 0 0 0 0 0 0 0 0 0 0 0 13 1 0 0 217 108 239 0 1 0 0 0 0 0 0 0 0 0 0 0 2 0 0 0 0 0 3 0 2 0 0 0 16 0 0 0 255 255 255 255 2 0 1 0 0 0 0 0 data 2 0x10002 0x1dee01 oops 0
ciMethod java/util/AbstractQueue addAll (Ljava/util/Collection;)Z 16401 175785 18471 0 -1
ciMethodData java/util/ArrayList$Itr hasNext ()Z 2 173509 orig 264 168 237 94 5 1 0 0 0 160 255 91 7 1 0 0 0 144 1 0 0 0 0 0 0 0 0 0 0 0 0 0 0 0 0 0 0 0 0 0 0 0 0 0 0 0 0 0 0 0 0 0 0 0 0 0 0 0 0 0 0 0 0 0 0 0 0 0 0 0 0 0 0 0 0 0 0 0 0 0 0 77 68 79 32 101 120 116 114 97 32 100 97 116 97 32 108 111 99 107 0 0 0 0 0 0 0 0 0 0 0 0 0 0 0 0 0 0 0 0 0 0 0 0 0 0 0 0 0 0 0 0 0 0 0 0 0 0 0 0 0 0 0 0 0 0 0 0 0 0 0 0 0 0 0 0 0 0 0 0 0 0 0 0 0 0 0 0 0 0 0 0 0 0 0 0 0 0 0 0 0 0 0 0 0 17 0 0 0 0 0 0 0 0 0 0 0 0 0 0 0 1 0 0 0 0 0 0 0 0 0 0 0 0 0 0 0 149 1 0 0 129 33 21 0 1 0 0 0 0 0 0 0 0 0 0 0 2 0 0 0 0 0 6 0 2 0 0 0 72 0 0 0 255 255 255 255 2 0 8 0 0 0 0 0 data 9 0x80002 0x2a430 0xb0007 0x1b1e 0x38 0x28912 0xf0003 0x28912 0x18 oops 0
ciMethodData java/util/ArrayList$Itr next ()Ljava/lang/Object; 2 10084 orig 264 168 237 94 5 1 0 0 0 128 0 92 7 1 0 0 0 232 1 0 0 96 0 0 0 0 0 0 0 0 0 0 0 0 0 0 0 0 0 0 0 0 0 0 0 0 0 0 0 0 0 0 0 0 0 0 0 0 0 0 0 0 0 0 0 0 0 0 0 0 0 0 0 0 0 0 0 0 0 0 0 77 68 79 32 101 120 116 114 97 32 100 97 116 97 32 108 111 99 107 0 0 0 0 0 0 0 0 0 0 0 0 0 0 0 0 0 0 0 0 0 0 0 0 0 0 0 0 0 0 0 0 0 0 0 0 0 0 0 0 0 0 0 0 0 0 0 0 0 0 0 0 0 0 0 0 0 0 0 0 0 0 0 0 0 0 0 0 0 0 0 0 0 0 0 0 0 0 0 0 0 0 0 0 0 25 0 0 0 0 0 0 0 0 0 0 0 0 0 0 0 1 0 0 0 0 0 0 0 0 0 0 0 0 0 0 0 144 1 0 0 153 46 1 0 1 0 0 0 0 0 0 0 0 0 0 0 2 0 0 0 0 0 10 0 2 0 0 0 160 0 0 0 255 255 255 255 5 0 1 0 0 0 0 0 data 20 0x10005 0x54 0x7ff3a798efa0 0x257f 0x0 0x0 0xe0002 0x25d3 0x110007 0x25d3 0x30 0x0 0x180002 0x0 0x270007 0x25d3 0x30 0x0 0x2e0002 0x0 oops 1 2 java/util/ArrayList$Itr
ciMethodData java/util/ArrayList$Itr checkForComodification ()V 2 11136 orig 264 168 237 94 5 1 0 0 0 16 3 92 7 1 0 0 0 80 1 0 0 0 0 0 0 0 0 0 0 0 0 0 0 0 0 0 0 0 0 0 0 0 0 0 0 0 0 0 0 0 0 0 0 0 0 0 0 0 0 0 0 0 0 0 0 0 0 0 0 0 0 0 0 0 0 0 0 0 0 0 0 77 68 79 32 101 120 116 114 97 32 100 97 116 97 32 108 111 99 107 0 0 0 0 0 0 0 0 0 0 0 0 0 0 0 0 0 0 0 0 0 0 0 0 0 0 0 0 0 0 0 0 0 0 0 0 0 0 0 0 0 0 0 0 0 0 0 0 0 0 0 0 0 0 0 0 0 0 0 0 0 0 0 0 0 0 0 0 0 0 0 0 0 0 0 0 0 0 0 0 0 0 0 0 0 25 0 0 0 0 0 0 0 0 0 0 0 0 0 0 0 1 0 0 0 0 0 0 0 0 0 0 0 0 0 0 0 149 1 0 0 81 79 1 0 1 0 0 0 0 0 0 0 0 0 0 0 2 0 0 0 0 0 5 0 2 0 0 0 48 0 0 0 255 255 255 255 7 0 11 0 0 0 0 0 data 6 0xb0007 0x29ea 0x30 0x0 0x120002 0x0 oops 0
ciMethod java/util/LinkedList$ListItr <init> (Ljava/util/LinkedList;I)V 3073 1 8582 0 256
ciMethod java/util/LinkedList$ListItr hasNext ()Z 2305 1 5342328 0 96
ciMethod java/util/LinkedList$ListItr next ()Ljava/lang/Object; 3297 1 15009 0 224
ciMethod java/util/LinkedList$ListItr remove ()V 3089 1 13158 0 -1
ciMethod java/util/LinkedList$ListItr checkForComodification ()V 3025 1 49074 0 96
ciMethodData java/lang/Number <init> ()V 2 377801 orig 264 168 237 94 5 1 0 0 0 8 169 59 7 1 0 0 0 48 1 0 0 0 0 0 0 0 0 0 0 0 0 0 0 0 0 0 0 0 0 0 0 0 0 0 0 0 0 0 0 0 0 0 0 0 0 0 0 0 0 0 0 0 0 0 0 0 0 0 0 0 0 0 0 0 0 0 0 0 0 0 0 77 68 79 32 101 120 116 114 97 32 100 97 116 97 32 108 111 99 107 0 0 0 0 0 0 0 0 0 0 0 0 0 0 0 0 0 0 0 0 0 0 0 0 0 0 0 0 0 0 0 0 0 0 0 0 0 0 0 0 0 0 0 0 0 0 0 0 0 0 0 0 0 0 0 0 0 0 0 0 0 0 0 0 0 0 0 0 0 0 0 0 0 0 0 0 0 0 0 0 0 0 0 0 0 0 0 0 0 0 0 0 0 0 0 0 0 0 0 0 0 0 0 0 0 0 0 0 0 0 0 0 0 0 0 0 0 0 2 0 0 73 14 46 0 1 0 0 0 0 0 0 0 0 0 0 0 2 0 0 0 0 0 3 0 2 0 0 0 16 0 0 0 255 255 255 255 2 0 1 0 0 0 0 0 data 2 0x10002 0x5c1d0 oops 0
ciMethodData java/util/LinkedList$ListItr hasNext ()Z 2 5342328 orig 264 168 237 94 5 1 0 0 0 16 215 98 7 1 0 0 0 88 1 0 0 0 0 0 0 0 0 0 0 0 0 0 0 0 0 0 0 0 0 0 0 0 0 0 0 0 0 0 0 0 0 0 0 0 0 0 0 0 0 0 0 0 0 0 0 0 0 0 0 0 0 0 0 0 0 0 0 0 0 0 0 77 68 79 32 101 120 116 114 97 32 100 97 116 97 32 108 111 99 107 0 0 0 0 0 0 0 0 0 0 0 0 0 0 0 0 0 0 0 0 0 0 0 0 0 0 0 0 0 0 0 0 0 0 0 0 0 0 0 0 0 0 0 0 0 0 0 0 0 0 0 0 0 0 0 0 0 0 0 0 0 0 0 0 0 0 0 0 0 0 0 0 0 0 0 0 0 0 0 0 0 0 0 0 0 1 0 0 0 0 0 0 0 0 0 0 0 0 0 0 0 1 0 0 0 0 0 0 0 0 0 0 0 0 0 0 0 32 1 0 0 193 26 140 2 1 0 0 0 0 0 0 0 0 0 0 0 2 0 0 0 0 0 6 0 2 0 0 0 56 0 0 0 255 255 255 255 7 0 11 0 0 0 0 0 data 7 0xb0007 0xcb7f4 0x38 0x44c9f5 0xf0003 0x44d66c 0x18 oops 0
ciMethodData java/util/LinkedList$ListItr checkForComodification ()V 2 49074 orig 264 168 237 94 5 1 0 0 0 160 222 98 7 1 0 0 0 80 1 0 0 0 0 0 0 0 0 0 0 0 0 0 0 0 0 0 0 0 0 0 0 0 0 0 0 0 0 0 0 0 0 0 0 0 0 0 0 0 0 0 0 0 0 0 0 0 0 0 0 0 0 0 0 0 0 0 0 0 0 0 0 77 68 79 32 101 120 116 114 97 32 100 97 116 97 32 108 111 99 107 0 0 0 0 0 0 0 0 0 0 0 0 0 0 0 0 0 0 0 0 0 0 0 0 0 0 0 0 0 0 0 0 0 0 0 0 0 0 0 0 0 0 0 0 0 0 0 0 0 0 0 0 0 0 0 0 0 0 0 0 0 0 0 0 0 0 0 0 0 0 0 0 0 0 0 0 0 0 0 0 0 0 0 0 0 25 0 0 0 0 0 0 0 0 0 0 0 0 0 0 0 1 0 0 0 0 0 0 0 0 0 0 0 0 0 0 0 122 1 0 0 193 241 5 0 1 0 0 0 0 0 0 0 0 0 0 0 2 0 0 0 0 0 5 0 2 0 0 0 48 0 0 0 255 255 255 255 7 0 11 0 0 0 0 0 data 6 0xb0007 0xbe38 0x30 0x0 0x120002 0x0 oops 0
ciMethodData java/util/ArrayList iterator ()Ljava/util/Iterator; 2 293720 orig 264 168 237 94 5 1 0 0 0 72 219 62 7 1 0 0 0 48 1 0 0 0 0 0 0 0 0 0 0 0 0 0 0 0 0 0 0 0 0 0 0 0 0 0 0 0 0 0 0 0 0 0 0 0 0 0 0 0 0 0 0 0 0 0 0 0 0 0 0 0 0 0 0 0 0 0 0 0 0 0 0 77 68 79 32 101 120 116 114 97 32 100 97 116 97 32 108 111 99 107 0 0 0 0 0 0 0 0 0 0 0 0 0 0 0 0 0 0 0 0 0 0 0 0 0 0 0 0 0 0 0 0 0 0 0 0 0 0 0 0 0 0 0 0 0 0 0 0 0 0 0 0 0 0 0 0 0 0 0 0 0 0 0 0 0 0 0 0 0 0 0 0 0 0 0 0 0 0 0 0 0 0 0 0 0 13 0 0 0 0 0 0 0 0 0 0 0 0 0 0 0 0 0 0 0 0 0 0 0 0 0 0 0 0 0 0 0 128 1 0 0 193 206 35 0 1 0 0 0 0 0 0 0 0 0 0 0 2 0 0 0 0 0 3 0 2 0 0 0 16 0 0 0 255 255 255 255 2 0 5 0 0 0 0 0 data 2 0x50002 0x479d8 oops 0
ciMethodData java/util/ArrayList$Itr <init> (Ljava/util/ArrayList;)V 2 294160 orig 264 168 237 94 5 1 0 0 0 248 254 91 7 1 0 0 0 56 1 0 0 0 0 0 0 0 0 0 0 0 0 0 0 0 0 0 0 0 0 0 0 0 0 0 0 0 0 0 0 0 0 0 0 0 0 0 0 0 0 0 0 0 0 0 0 0 0 0 0 0 0 0 0 0 0 0 0 0 0 0 0 77 68 79 32 101 120 116 114 97 32 100 97 116 97 32 108 111 99 107 0 0 0 0 0 0 0 0 0 0 0 0 0 0 0 0 0 0 0 0 0 0 0 0 0 0 0 0 0 0 0 0 0 0 0 0 0 0 0 0 0 0 0 0 0 0 0 0 0 0 0 0 0 0 0 0 0 0 0 0 0 0 0 0 0 0 0 0 0 0 0 0 0 0 0 0 0 0 0 0 0 0 0 0 0 1 0 0 0 0 0 0 0 0 0 0 0 0 0 0 0 1 0 0 0 0 0 0 0 0 0 0 0 0 0 0 0 128 1 0 0 9 207 35 0 1 0 0 0 0 0 0 0 0 0 0 0 2 0 0 0 0 0 3 0 2 0 0 0 16 0 0 0 255 255 255 255 2 0 6 0 0 0 0 0 data 2 0x60002 0x479e2 oops 0
ciMethod java/util/NoSuchElementException <init> ()V 0 0 1 0 -1
ciMethod java/util/Arrays$LegacyMergeSort access$000 ()Z 4097 1 98264 0 -1
ciMethod java/util/SortedSet comparator ()Ljava/util/Comparator; 0 0 1 0 -1
ciMethodData java/util/Arrays copyOf ([II)[I 2 2803 orig 264 168 237 94 5 1 0 0 0 88 94 67 7 1 0 0 0 112 1 0 0 0 0 0 0 0 0 0 0 0 0 0 0 0 0 0 0 0 0 0 0 0 0 0 0 0 0 0 0 0 0 0 0 0 0 0 0 0 0 0 0 0 0 0 0 0 0 0 0 0 0 0 0 0 0 0 0 0 0 0 0 77 68 79 32 101 120 116 114 97 32 100 97 116 97 32 108 111 99 107 0 0 0 0 0 0 0 0 0 0 0 0 0 0 0 0 0 0 0 0 0 0 0 0 0 0 0 0 0 0 0 0 0 0 0 0 0 0 0 0 0 0 0 0 0 0 0 0 0 0 0 0 0 0 0 0 0 0 0 0 0 0 0 0 0 0 0 0 0 0 0 0 0 0 0 0 0 0 0 0 0 0 0 0 0 29 0 0 0 0 0 0 0 0 0 0 0 0 0 0 0 0 0 0 0 0 0 0 0 0 0 0 0 0 0 0 0 113 0 0 0 233 75 0 0 1 0 0 0 0 0 0 0 0 0 0 0 2 0 0 0 0 0 3 0 2 0 0 0 32 0 0 0 255 255 255 255 2 0 11 0 0 0 0 0 data 4 0xb0002 0x97d 0xe0002 0x97d oops 0
ciMethodData java/util/AbstractCollection isEmpty ()Z 2 311788 orig 264 168 237 94 5 1 0 0 0 64 59 62 7 1 0 0 0 176 1 0 0 0 0 0 0 0 0 0 0 0 0 0 0 0 0 0 0 0 0 0 0 0 0 0 0 0 0 0 0 0 0 0 0 0 0 0 0 0 0 0 0 0 0 0 0 0 0 0 0 0 0 0 0 0 0 0 0 0 0 0 0 77 68 79 32 101 120 116 114 97 32 100 97 116 97 32 108 111 99 107 0 0 0 0 0 0 0 0 0 0 0 0 0 0 0 0 0 0 0 0 0 0 0 0 0 0 0 0 0 0 0 0 0 0 0 0 0 0 0 0 0 0 0 0 0 0 0 0 0 0 0 0 0 0 0 0 0 0 0 0 0 0 0 0 0 0 0 0 0 0 0 0 0 0 0 0 0 0 0 0 0 0 0 0 0 17 0 0 0 0 0 0 0 0 0 0 0 0 0 0 0 0 0 0 0 0 0 0 0 0 0 0 0 0 0 0 0 4 1 0 0 65 7 38 0 1 0 0 0 0 0 0 0 0 0 0 0 2 0 0 0 0 0 6 0 2 0 0 0 104 0 0 0 255 255 255 255 5 0 1 0 0 0 0 0 data 13 0x10005 0x25f9 0x7ff3a8078480 0x104 0x7ff3a8078530 0xc3c5 0x40007 0x3723c 0x38 0x14ebd 0x80003 0x14ebd 0x18 oops 2 2 org/gradle/internal/classpath/DefaultClassPath$ImmutableUniqueList 4 com/google/common/collect/RegularImmutableList
ciMethod java/util/function/Predicate test (Ljava/lang/Object;)Z 0 0 1 0 -1
ciMethodData java/util/LinkedList$ListItr next ()Ljava/lang/Object; 2 15009 orig 264 168 237 94 5 1 0 0 0 224 215 98 7 1 0 0 0 216 1 0 0 0 0 0 0 0 0 0 0 0 0 0 0 0 0 0 0 0 0 0 0 0 0 0 0 0 0 0 0 0 0 0 0 0 0 0 0 0 0 0 0 0 0 0 0 0 0 0 0 0 0 0 0 0 0 0 0 0 0 0 0 77 68 79 32 101 120 116 114 97 32 100 97 116 97 32 108 111 99 107 0 0 0 0 0 0 0 0 0 0 0 0 0 0 0 0 0 0 0 0 0 0 0 0 0 0 0 0 0 0 0 0 0 0 0 0 0 0 0 0 0 0 0 0 0 0 0 0 0 0 0 0 0 0 0 0 0 0 0 0 0 0 0 0 0 0 0 0 0 0 0 0 0 0 0 0 0 0 0 0 0 0 0 0 0 0 0 0 0 0 0 0 0 0 0 0 0 0 0 0 0 0 0 0 0 0 0 0 0 0 0 0 0 0 0 0 0 156 1 0 0 41 200 1 0 1 0 0 0 0 0 0 0 0 0 0 0 2 0 0 0 0 0 12 0 2 0 0 0 144 0 0 0 255 255 255 255 5 0 1 0 0 0 0 0 data 18 0x10005 0x0 0x7ff3a798f310 0x3905 0x0 0x0 0x50005 0x0 0x7ff3a798f310 0x3905 0x0 0x0 0x80007 0x3905 0x30 0x0 0xf0002 0x0 oops 2 2 java/util/LinkedList$ListItr 8 java/util/LinkedList$ListItr
ciMethodData java/util/Objects requireNonNull (Ljava/lang/Object;)Ljava/lang/Object; 2 1754607 orig 264 168 237 94 5 1 0 0 0 240 218 68 7 1 0 0 0 80 1 0 0 0 0 0 0 0 0 0 0 0 0 0 0 0 0 0 0 0 0 0 0 0 0 0 0 0 0 0 0 0 0 0 0 0 0 0 0 0 0 0 0 0 0 0 0 0 0 0 0 0 0 0 0 0 0 0 0 0 0 0 0 77 68 79 32 101 120 116 114 97 32 100 97 116 97 32 108 111 99 107 0 0 0 0 0 0 0 0 0 0 0 0 0 0 0 0 0 0 0 0 0 0 0 0 0 0 0 0 0 0 0 0 0 0 0 0 0 0 0 0 0 0 0 0 0 0 0 0 0 0 0 0 0 0 0 0 0 0 0 0 0 0 0 0 0 0 0 0 0 0 0 0 0 0 0 0 0 0 0 0 0 0 0 0 0 27 0 0 0 0 0 0 0 0 0 0 0 0 0 0 0 1 0 0 0 0 0 0 0 1 0 0 0 0 0 0 0 146 1 0 0 233 34 214 0 1 0 0 0 0 0 0 0 0 0 0 0 2 0 0 0 0 0 5 0 2 0 0 0 48 0 0 0 255 255 255 255 7 0 1 0 0 0 0 0 data 6 0x10007 0x1ac485 0x30 0x0 0x80002 0x0 oops 0
ciMethodData java/util/Arrays$ArrayList get (I)Ljava/lang/Object; 2 1518 orig 264 168 237 94 5 1 0 0 0 192 23 88 7 1 0 0 0 40 1 0 0 0 0 0 0 0 0 0 0 0 0 0 0 0 0 0 0 0 0 0 0 0 0 0 0 0 0 0 0 0 0 0 0 0 0 0 0 0 0 0 0 0 0 0 0 0 0 0 0 0 0 0 0 0 0 0 0 0 0 0 0 77 68 79 32 101 120 116 114 97 32 100 97 116 97 32 108 111 99 107 0 0 0 0 0 0 0 0 0 0 0 0 0 0 0 0 0 0 0 0 0 0 0 0 0 0 0 0 0 0 0 0 0 0 0 0 0 0 0 0 0 0 0 0 0 0 0 0 0 0 0 0 0 0 0 0 0 0 0 0 0 0 0 0 0 0 0 0 0 0 0 0 0 0 0 0 0 0 0 0 0 0 0 0 0 0 0 0 0 0 0 0 0 0 0 0 0 0 0 0 0 0 0 0 0 0 0 0 0 0 0 0 0 0 0 0 0 162 1 0 0 97 34 0 0 1 0 0 0 0 0 0 0 0 0 0 0 2 0 0 0 0 0 3 0 1 0 0 0 0 0 0 0 255 255 255 255 0 0 0 0 0 0 0 0 data 0 oops 0
ciMethod java/util/NavigableMap firstKey ()Ljava/lang/Object; 0 0 1 0 -1
ciMethod java/util/NavigableMap put (Ljava/lang/Object;Ljava/lang/Object;)Ljava/lang/Object; 0 0 1 0 -1
ciMethodData java/util/Arrays asList ([Ljava/lang/Object;)Ljava/util/List; 2 168038 orig 264 168 237 94 5 1 0 0 0 152 106 67 7 1 0 0 0 48 1 0 0 0 0 0 0 0 0 0 0 0 0 0 0 0 0 0 0 0 0 0 0 0 0 0 0 0 0 0 0 0 0 0 0 0 0 0 0 0 0 0 0 0 0 0 0 0 0 0 0 0 0 0 0 0 0 0 0 0 0 0 0 77 68 79 32 101 120 116 114 97 32 100 97 116 97 32 108 111 99 107 0 0 0 0 0 0 0 0 0 0 0 0 0 0 0 0 0 0 0 0 0 0 0 0 0 0 0 0 0 0 0 0 0 0 0 0 0 0 0 0 0 0 0 0 0 0 0 0 0 0 0 0 0 0 0 0 0 0 0 0 0 0 0 0 0 0 0 0 0 0 0 0 0 0 0 0 0 0 0 0 0 0 0 0 0 29 0 0 0 0 0 0 0 0 0 0 0 0 0 0 0 0 0 0 0 0 0 0 0 0 0 0 0 0 0 0 0 163 0 0 0 25 126 20 0 1 0 0 0 0 0 0 0 0 0 0 0 2 0 0 0 0 0 7 0 2 0 0 0 16 0 0 0 255 255 255 255 2 0 5 0 0 0 0 0 data 2 0x50002 0x28fc2 oops 0
ciMethodData java/util/Arrays$ArrayList <init> ([Ljava/lang/Object;)V 2 168037 orig 264 168 237 94 5 1 0 0 0 48 21 88 7 1 0 0 0 160 1 0 0 0 0 0 0 0 0 0 0 0 0 0 0 0 0 0 0 0 0 0 0 0 0 0 0 0 0 0 0 0 0 0 0 0 0 0 0 0 0 0 0 0 0 0 0 0 0 0 0 0 0 0 0 0 0 0 0 0 0 0 0 77 68 79 32 101 120 116 114 97 32 100 97 116 97 32 108 111 99 107 0 0 0 0 0 0 0 0 0 0 0 0 0 0 0 0 0 0 0 0 0 0 0 0 0 0 0 0 0 0 0 0 0 0 0 0 0 0 0 0 0 0 0 0 0 0 0 0 0 0 0 0 0 0 0 0 0 0 0 0 0 0 0 0 0 0 0 0 0 0 0 0 0 0 0 0 0 0 0 0 0 0 0 0 0 17 0 0 0 0 0 0 0 0 0 0 0 0 0 0 0 1 0 0 0 0 0 0 0 0 0 0 0 0 0 0 0 163 0 0 0 17 126 20 0 1 0 0 0 0 0 0 0 0 0 0 0 2 0 0 0 0 0 0 0 0 0 0 0 80 0 0 0 255 255 255 255 2 0 1 0 0 0 0 0 data 10 0x10002 0x28fc6 0x60002 0x28fc6 0x90004 0x0 0x7ff3a3b979d0 0x3c 0x7ff3a3b97a30 0x11 oops 2 6 [Ljava/lang/reflect/Method; 8 [Ljava/lang/Class;
ciMethodData java/util/Collections unmodifiableList (Ljava/util/List;)Ljava/util/List; 2 7827585 orig 264 168 237 94 5 1 0 0 0 128 34 63 7 1 0 0 0 208 1 0 0 96 0 0 0 0 0 0 0 0 0 0 0 0 0 0 0 0 0 0 0 0 0 0 0 0 0 0 0 0 0 0 0 0 0 0 0 0 0 0 0 0 0 0 0 0 0 0 0 0 0 0 0 0 0 0 0 0 0 0 0 77 68 79 32 101 120 116 114 97 32 100 97 116 97 32 108 111 99 107 0 0 0 0 0 0 0 0 0 0 0 0 0 0 0 0 0 0 0 0 0 0 0 0 0 0 0 0 0 0 0 0 0 0 0 0 0 0 0 0 0 0 0 0 0 0 0 0 0 0 0 0 0 0 0 0 0 0 0 0 0 0 0 0 0 0 0 0 0 0 0 0 0 0 0 0 0 0 0 0 0 0 0 0 0 0 0 0 0 0 0 0 0 0 0 0 0 0 0 0 0 0 0 0 0 0 0 0 0 0 0 0 0 0 0 0 0 130 0 0 0 249 127 187 3 1 0 0 0 0 0 0 0 0 0 0 0 2 0 0 0 0 0 14 0 2 0 0 0 136 0 0 0 255 255 255 255 4 0 1 0 0 0 0 0 data 17 0x10004 0xffffffffffffff90 0x7ff3a798eef0 0x777674 0x7ff3a3bb1970 0xa0 0x40007 0x70 0x48 0x77787e 0xc0002 0x77830c 0xf0003 0x778455 0x28 0x170002 0x70 oops 2 2 java/util/ArrayList 4 java/util/Arrays$ArrayList
ciMethodData java/util/Collections$UnmodifiableRandomAccessList <init> (Ljava/util/List;)V 2 7832077 orig 264 168 237 94 5 1 0 0 0 8 188 63 7 1 0 0 0 56 1 0 0 0 0 0 0 0 0 0 0 0 0 0 0 0 0 0 0 0 0 0 0 0 0 0 0 0 0 0 0 0 0 0 0 0 0 0 0 0 0 0 0 0 0 0 0 0 0 0 0 0 0 0 0 0 0 0 0 0 0 0 0 77 68 79 32 101 120 116 114 97 32 100 97 116 97 32 108 111 99 107 0 0 0 0 0 0 0 0 0 0 0 0 0 0 0 0 0 0 0 0 0 0 0 0 0 0 0 0 0 0 0 0 0 0 0 0 0 0 0 0 0 0 0 0 0 0 0 0 0 0 0 0 0 0 0 0 0 0 0 0 0 0 0 0 0 0 0 0 0 0 0 0 0 0 0 0 0 0 0 0 0 0 0 0 0 0 0 0 0 0 0 0 0 0 0 0 0 0 0 0 0 0 0 0 0 0 0 0 0 0 0 0 0 0 0 0 0 131 0 0 0 81 12 188 3 1 0 0 0 0 0 0 0 0 0 0 0 2 0 0 0 0 0 7 0 2 0 0 0 16 0 0 0 255 255 255 255 2 0 2 0 0 0 0 0 data 2 0x20002 0x778274 oops 0
ciMethodData java/util/Collections$UnmodifiableList <init> (Ljava/util/List;)V 2 7831977 orig 264 168 237 94 5 1 0 0 0 216 194 63 7 1 0 0 0 56 1 0 0 0 0 0 0 0 0 0 0 0 0 0 0 0 0 0 0 0 0 0 0 0 0 0 0 0 0 0 0 0 0 0 0 0 0 0 0 0 0 0 0 0 0 0 0 0 0 0 0 0 0 0 0 0 0 0 0 0 0 0 0 77 68 79 32 101 120 116 114 97 32 100 97 116 97 32 108 111 99 107 0 0 0 0 0 0 0 0 0 0 0 0 0 0 0 0 0 0 0 0 0 0 0 0 0 0 0 0 0 0 0 0 0 0 0 0 0 0 0 0 0 0 0 0 0 0 0 0 0 0 0 0 0 0 0 0 0 0 0 0 0 0 0 0 0 0 0 0 0 0 0 0 0 0 0 0 0 0 0 0 0 0 0 0 0 0 0 0 0 0 0 0 0 0 0 0 0 0 0 0 0 0 0 0 0 0 0 0 0 0 0 0 0 0 0 0 0 131 0 0 0 49 9 188 3 1 0 0 0 0 0 0 0 0 0 0 0 2 0 0 0 0 0 6 0 2 0 0 0 16 0 0 0 255 255 255 255 2 0 2 0 0 0 0 0 data 2 0x20002 0x7782b7 oops 0
ciMethodData java/util/Collections$UnmodifiableCollection <init> (Ljava/util/Collection;)V 2 87361 orig 264 168 237 94 5 1 0 0 0 248 209 63 7 1 0 0 0 104 1 0 0 0 0 0 0 0 0 0 0 0 0 0 0 0 0 0 0 0 0 0 0 0 0 0 0 0 0 0 0 0 0 0 0 0 0 0 0 0 0 0 0 0 0 0 0 0 0 0 0 0 0 0 0 0 0 0 0 0 0 0 0 77 68 79 32 101 120 116 114 97 32 100 97 116 97 32 108 111 99 107 0 0 0 0 0 0 0 0 0 0 0 0 0 0 0 0 0 0 0 0 0 0 0 0 0 0 0 0 0 0 0 0 0 0 0 0 0 0 0 0 0 0 0 0 0 0 0 0 0 0 0 0 0 0 0 0 0 0 0 0 0 0 0 0 0 0 0 0 0 0 0 0 0 0 0 0 0 0 0 0 0 0 0 0 0 0 0 0 0 0 0 0 0 0 0 0 0 0 0 0 0 0 0 0 0 0 0 0 0 0 0 0 0 0 0 0 0 135 0 0 0 209 165 10 0 1 0 0 0 0 0 0 0 0 0 0 0 2 0 0 0 0 0 5 0 2 0 0 0 64 0 0 0 255 255 255 255 2 0 1 0 0 0 0 0 data 8 0x10002 0x154ba 0x50007 0x154ba 0x30 0x0 0xc0002 0x0 oops 0
ciMethod java/util/TimSort sort ([Ljava/lang/Object;IILjava/util/Comparator;[Ljava/lang/Object;II)V 2617 65 103982 0 -1
ciMethodData java/lang/Integer valueOf (I)Ljava/lang/Integer; 2 1576904 orig 264 168 237 94 5 1 0 0 0 200 21 60 7 1 0 0 0 112 1 0 0 32 0 0 0 0 0 0 0 0 0 0 0 0 0 0 0 0 0 0 0 0 0 0 0 0 0 0 0 0 0 0 0 0 0 0 0 0 0 0 0 0 0 0 0 0 0 0 0 0 0 0 0 0 0 0 0 0 0 0 0 77 68 79 32 101 120 116 114 97 32 100 97 116 97 32 108 111 99 107 0 0 0 0 0 0 0 0 0 0 0 0 0 0 0 0 0 0 0 0 0 0 0 0 0 0 0 0 0 0 0 0 0 0 0 0 0 0 0 0 0 0 0 0 0 0 0 0 0 0 0 0 0 0 0 0 0 0 0 0 0 0 0 0 0 0 0 0 0 0 0 0 0 0 0 0 0 0 0 0 0 0 0 0 0 0 0 0 0 0 0 0 0 0 0 0 0 0 0 0 0 0 0 0 0 0 0 0 0 0 0 0 0 0 0 0 0 69 0 0 0 41 255 191 0 1 0 0 0 0 0 0 0 0 0 0 0 2 0 0 0 0 0 8 0 2 0 0 0 80 0 0 0 255 255 255 255 7 0 3 0 0 0 0 0 data 10 0x30007 0x2248 0x40 0x17db87 0xa0007 0x4f364 0x20 0x12eaa6 0x1c0002 0x515b0 oops 0
ciMethodData java/lang/Integer <init> (I)V 2 334813 orig 264 168 237 94 5 1 0 0 0 104 22 60 7 1 0 0 0 56 1 0 0 0 0 0 0 0 0 0 0 0 0 0 0 0 0 0 0 0 0 0 0 0 0 0 0 0 0 0 0 0 0 0 0 0 0 0 0 0 0 0 0 0 0 0 0 0 0 0 0 0 0 0 0 0 0 0 0 0 0 0 0 77 68 79 32 101 120 116 114 97 32 100 97 116 97 32 108 111 99 107 0 0 0 0 0 0 0 0 0 0 0 0 0 0 0 0 0 0 0 0 0 0 0 0 0 0 0 0 0 0 0 0 0 0 0 0 0 0 0 0 0 0 0 0 0 0 0 0 0 0 0 0 0 0 0 0 0 0 0 0 0 0 0 0 0 0 0 0 0 0 0 0 0 0 0 0 0 0 0 0 0 0 0 0 0 0 0 0 0 0 0 0 0 0 0 0 0 0 0 0 0 0 0 0 0 0 0 0 0 0 0 0 0 0 0 0 0 34 1 0 0 129 174 40 0 1 0 0 0 0 0 0 0 0 0 0 0 2 0 0 0 0 0 3 0 2 0 0 0 16 0 0 0 255 255 255 255 2 0 1 0 0 0 0 0 data 2 0x10002 0x515f4 oops 0
ciMethodData java/util/AbstractList listIterator ()Ljava/util/ListIterator; 2 3740210 orig 264 168 237 94 5 1 0 0 0 48 45 62 7 1 0 0 0 120 1 0 0 0 0 0 0 0 0 0 0 0 0 0 0 0 0 0 0 0 0 0 0 0 0 0 0 0 0 0 0 0 0 0 0 0 0 0 0 0 0 0 0 0 0 0 0 0 0 0 0 0 0 0 0 0 0 0 0 0 0 0 0 77 68 79 32 101 120 116 114 97 32 100 97 116 97 32 108 111 99 107 0 0 0 0 0 0 0 0 0 0 0 0 0 0 0 0 0 0 0 0 0 0 0 0 0 0 0 0 0 0 0 0 0 0 0 0 0 0 0 0 0 0 0 0 0 0 0 0 0 0 0 0 0 0 0 0 0 0 0 0 0 0 0 0 0 0 0 0 0 0 0 0 0 0 0 0 0 0 0 0 0 0 0 0 0 17 0 0 0 0 0 0 0 0 0 0 0 0 0 0 0 0 0 0 0 0 0 0 0 0 0 0 0 0 0 0 0 131 1 0 0 121 133 200 1 1 0 0 0 0 0 0 0 0 0 0 0 2 0 0 0 0 0 3 0 2 0 0 0 48 0 0 0 255 255 255 255 5 0 2 0 0 0 0 0 data 6 0x20005 0x4e9 0x7ff3a798ed90 0x38fd2e 0x7ff39f779320 0x153c oops 2 2 java/util/LinkedList 4 java/util/ArrayList$SubList
ciMethodData java/util/AbstractSequentialList iterator ()Ljava/util/Iterator; 2 1467487 orig 264 168 237 94 5 1 0 0 0 64 87 84 7 1 0 0 0 120 1 0 0 0 0 0 0 0 0 0 0 0 0 0 0 0 0 0 0 0 0 0 0 0 0 0 0 0 0 0 0 0 0 0 0 0 0 0 0 0 0 0 0 0 0 0 0 0 0 0 0 0 0 0 0 0 0 0 0 0 0 0 0 77 68 79 32 101 120 116 114 97 32 100 97 116 97 32 108 111 99 107 0 0 0 0 0 0 0 0 0 0 0 0 0 0 0 0 0 0 0 0 0 0 0 0 0 0 0 0 0 0 0 0 0 0 0 0 0 0 0 0 0 0 0 0 0 0 0 0 0 0 0 0 0 0 0 0 0 0 0 0 0 0 0 0 0 0 0 0 0 0 0 0 0 0 0 0 0 0 0 0 0 0 0 0 0 17 0 0 0 0 0 0 0 0 0 0 0 0 0 0 0 0 0 0 0 0 0 0 0 0 0 0 0 0 0 0 0 8 1 0 0 185 26 179 0 1 0 0 0 0 0 0 0 0 0 0 0 2 0 0 0 0 0 3 0 2 0 0 0 48 0 0 0 255 255 255 255 5 0 1 0 0 0 0 0 data 6 0x10005 0x0 0x7ff3a798ed90 0x166717 0x7ff39f778580 0x2 oops 2 2 java/util/LinkedList 4 com/google/common/collect/Lists$TransformingSequentialList
ciMethodData java/util/LinkedList add (Ljava/lang/Object;)Z 2 306889 orig 264 168 237 94 5 1 0 0 0 8 49 84 7 1 0 0 0 128 1 0 0 0 0 0 0 0 0 0 0 0 0 0 0 0 0 0 0 0 0 0 0 0 0 0 0 0 0 0 0 0 0 0 0 0 0 0 0 0 0 0 0 0 0 0 0 0 0 0 0 0 0 0 0 0 0 0 0 0 0 0 0 77 68 79 32 101 120 116 114 97 32 100 97 116 97 32 108 111 99 107 0 0 0 0 0 0 0 0 0 0 0 0 0 0 0 0 0 0 0 0 0 0 0 0 0 0 0 0 0 0 0 0 0 0 0 0 0 0 0 0 0 0 0 0 0 0 0 0 0 0 0 0 0 0 0 0 0 0 0 0 0 0 0 0 0 0 0 0 0 0 0 0 0 0 0 0 0 0 0 0 0 0 0 0 0 0 0 0 0 0 0 0 0 0 0 0 0 0 0 0 0 0 0 0 0 0 0 0 0 0 0 0 0 0 0 0 0 136 1 0 0 9 106 37 0 1 0 0 0 0 0 0 0 0 0 0 0 2 0 0 0 0 0 3 0 2 0 0 0 48 0 0 0 255 255 255 255 5 0 2 0 0 0 0 0 data 6 0x20005 0x0 0x7ff3a798ed90 0x4ad41 0x0 0x0 oops 1 2 java/util/LinkedList
ciMethodData java/util/LinkedList linkLast (Ljava/lang/Object;)V 2 16209 orig 264 168 237 94 5 1 0 0 0 200 39 84 7 1 0 0 0 112 1 0 0 0 0 0 0 0 0 0 0 0 0 0 0 0 0 0 0 0 0 0 0 0 0 0 0 0 0 0 0 0 0 0 0 0 0 0 0 0 0 0 0 0 0 0 0 0 0 0 0 0 0 0 0 0 0 0 0 0 0 0 0 77 68 79 32 101 120 116 114 97 32 100 97 116 97 32 108 111 99 107 0 0 0 0 0 0 0 0 0 0 0 0 0 0 0 0 0 0 0 0 0 0 0 0 0 0 0 0 0 0 0 0 0 0 0 0 0 0 0 0 0 0 0 0 0 0 0 0 0 0 0 0 0 0 0 0 0 0 0 0 0 0 0 0 0 0 0 0 0 0 0 0 0 0 0 0 0 0 0 0 0 0 0 0 0 25 0 0 0 0 0 0 0 0 0 0 0 0 0 0 0 1 0 0 0 0 0 0 0 0 0 0 0 0 0 0 0 136 1 0 0 73 238 1 0 1 0 0 0 0 0 0 0 0 0 0 0 2 0 0 0 0 0 6 0 2 0 0 0 72 0 0 0 255 255 255 255 2 0 12 0 0 0 0 0 data 9 0xc0002 0x3dc9 0x160007 0x209c 0x38 0x1d2d 0x1e0003 0x1d2d 0x18 oops 0
ciMethodData java/util/LinkedList checkPositionIndex (I)V 2 1618044 orig 264 168 237 94 5 1 0 0 0 192 58 84 7 1 0 0 0 120 1 0 0 0 0 0 0 0 0 0 0 0 0 0 0 0 0 0 0 0 0 0 0 0 0 0 0 0 0 0 0 0 0 0 0 0 0 0 0 0 0 0 0 0 0 0 0 0 0 0 0 0 0 0 0 0 0 0 0 0 0 0 0 77 68 79 32 101 120 116 114 97 32 100 97 116 97 32 108 111 99 107 0 0 0 0 0 0 0 0 0 0 0 0 0 0 0 0 0 0 0 0 0 0 0 0 0 0 0 0 0 0 0 0 0 0 0 0 0 0 0 0 0 0 0 0 0 0 0 0 0 0 0 0 0 0 0 0 0 0 0 0 0 0 0 0 0 0 0 0 0 0 0 0 0 0 0 0 0 0 0 0 0 0 0 0 0 0 0 0 0 0 0 0 0 0 0 0 0 0 0 0 0 0 0 0 0 0 0 0 0 0 0 0 0 0 0 0 0 133 1 0 0 185 119 197 0 1 0 0 0 0 0 0 0 0 0 0 0 2 0 0 0 0 0 12 0 2 0 0 0 80 0 0 0 255 255 255 255 2 0 2 0 0 0 0 0 data 10 0x20002 0x18af22 0x50007 0x18af53 0x40 0x0 0xe0002 0x0 0x110002 0x0 oops 0
ciMethodData java/util/LinkedList isPositionIndex (I)Z 2 1617890 orig 264 168 237 94 5 1 0 0 0 192 56 84 7 1 0 0 0 128 1 0 0 0 0 0 0 0 0 0 0 0 0 0 0 0 0 0 0 0 0 0 0 0 0 0 0 0 0 0 0 0 0 0 0 0 0 0 0 0 0 0 0 0 0 0 0 0 0 0 0 0 0 0 0 0 0 0 0 0 0 0 0 77 68 79 32 101 120 116 114 97 32 100 97 116 97 32 108 111 99 107 0 0 0 0 0 0 0 0 0 0 0 0 0 0 0 0 0 0 0 0 0 0 0 0 0 0 0 0 0 0 0 0 0 0 0 0 0 0 0 0 0 0 0 0 0 0 0 0 0 0 0 0 0 0 0 0 0 0 0 0 0 0 0 0 0 0 0 0 0 0 0 0 0 0 0 0 0 0 0 0 0 0 0 0 0 0 0 0 0 0 0 0 0 0 0 0 0 0 0 0 0 0 0 0 0 0 0 0 0 0 0 0 0 0 0 0 0 133 1 0 0 233 114 197 0 1 0 0 0 0 0 0 0 0 0 0 0 2 0 0 0 0 0 9 0 2 0 0 0 88 0 0 0 255 255 255 255 7 0 1 0 0 0 0 0 data 11 0x10007 0x0 0x58 0x18af4d 0x90007 0x0 0x38 0x18ad0e 0xd0003 0x18af6e 0x18 oops 0
ciMethodData java/util/LinkedList$ListItr remove ()V 2 13158 orig 264 168 237 94 5 1 0 0 0 128 219 98 7 1 0 0 0 16 2 0 0 80 0 0 0 0 0 0 0 0 0 0 0 0 0 0 0 0 0 0 0 0 0 0 0 0 0 0 0 0 0 0 0 0 0 0 0 0 0 0 0 0 0 0 0 0 0 0 0 0 0 0 0 0 0 0 0 0 0 0 0 77 68 79 32 101 120 116 114 97 32 100 97 116 97 32 108 111 99 107 0 0 0 0 0 0 0 0 0 0 0 0 0 0 0 0 0 0 0 0 0 0 0 0 0 0 0 0 0 0 0 0 0 0 0 0 0 0 0 0 0 0 0 0 0 0 0 0 0 0 0 0 0 0 0 0 0 0 0 0 0 0 0 0 0 0 0 0 0 0 0 0 0 0 0 0 0 0 0 0 0 0 0 0 0 25 0 0 0 0 0 0 0 0 0 0 0 0 0 0 0 1 0 0 0 0 0 0 0 0 0 0 0 0 0 0 0 130 1 0 0 33 143 1 0 1 0 0 0 0 0 0 0 0 0 0 0 2 0 0 0 0 0 11 0 2 0 0 0 200 0 0 0 255 255 255 255 5 0 1 0 0 0 0 0 data 25 0x10005 0x0 0x7ff3a798f310 0x31e4 0x0 0x0 0x80007 0x31e4 0x30 0x0 0xf0002 0x0 0x230005 0x0 0x7ff3a798ed90 0x31e4 0x0 0x0 0x2f0007 0x3093 0x38 0x151 0x370003 0x151 0x18 oops 2 2 java/util/LinkedList$ListItr 14 java/util/LinkedList
ciMethodData java/util/LinkedList unlink (Ljava/util/LinkedList$Node;)Ljava/lang/Object; 2 8802 orig 264 168 237 94 5 1 0 0 0 88 43 84 7 1 0 0 0 160 1 0 0 32 0 0 0 0 0 0 0 0 0 0 0 0 0 0 0 0 0 0 0 0 0 0 0 0 0 0 0 0 0 0 0 0 0 0 0 0 0 0 0 0 0 0 0 0 0 0 0 0 0 0 0 0 0 0 0 0 0 0 0 77 68 79 32 101 120 116 114 97 32 100 97 116 97 32 108 111 99 107 0 0 0 0 0 0 0 0 0 0 0 0 0 0 0 0 0 0 0 0 0 0 0 0 0 0 0 0 0 0 0 0 0 0 0 0 0 0 0 0 0 0 0 0 0 0 0 0 0 0 0 0 0 0 0 0 0 0 0 0 0 0 0 0 0 0 0 0 0 0 0 0 0 0 0 0 0 0 0 0 0 0 0 0 0 17 0 0 0 0 0 0 0 0 0 0 0 0 0 0 0 3 0 0 0 0 0 0 0 0 0 0 0 0 0 0 0 130 1 0 0 1 7 1 0 1 0 0 0 0 0 0 0 0 0 0 0 2 0 0 0 0 0 9 0 2 0 0 0 112 0 0 0 255 255 255 255 7 0 18 0 0 0 0 0 data 14 0x120007 0x446 0x38 0x1c9a 0x1a0003 0x1c9a 0x18 0x290007 0xd5f 0x38 0x1381 0x320003 0x1381 0x18 oops 0
ciMethodData java/util/LinkedList listIterator (I)Ljava/util/ListIterator; 2 3847999 orig 264 168 237 94 5 1 0 0 0 184 71 84 7 1 0 0 0 72 1 0 0 0 0 0 0 0 0 0 0 0 0 0 0 0 0 0 0 0 0 0 0 0 0 0 0 0 0 0 0 0 0 0 0 0 0 0 0 0 0 0 0 0 0 0 0 0 0 0 0 0 0 0 0 0 0 0 0 0 0 0 0 77 68 79 32 101 120 116 114 97 32 100 97 116 97 32 108 111 99 107 0 0 0 0 0 0 0 0 0 0 0 0 0 0 0 0 0 0 0 0 0 0 0 0 0 0 0 0 0 0 0 0 0 0 0 0 0 0 0 0 0 0 0 0 0 0 0 0 0 0 0 0 0 0 0 0 0 0 0 0 0 0 0 0 0 0 0 0 0 0 0 0 0 0 0 0 0 0 0 0 0 0 0 0 0 0 0 0 0 0 0 0 0 0 0 0 0 0 0 0 0 0 0 0 0 0 0 0 0 0 0 0 0 0 0 0 0 128 1 0 0 249 173 213 1 1 0 0 0 0 0 0 0 0 0 0 0 2 0 0 0 0 0 13 0 2 0 0 0 32 0 0 0 255 255 255 255 2 0 2 0 0 0 0 0 data 4 0x20002 0x3ab69a 0xb0002 0x3ab914 oops 0
ciMethodData java/util/LinkedList$ListItr <init> (Ljava/util/LinkedList;I)V 2 8582 orig 264 168 237 94 5 1 0 0 0 104 214 98 7 1 0 0 0 208 1 0 0 48 0 0 0 0 0 0 0 0 0 0 0 0 0 0 0 0 0 0 0 0 0 0 0 0 0 0 0 0 0 0 0 0 0 0 0 0 0 0 0 0 0 0 0 0 0 0 0 0 0 0 0 0 0 0 0 0 0 0 0 77 68 79 32 101 120 116 114 97 32 100 97 116 97 32 108 111 99 107 0 0 0 0 0 0 0 0 0 0 0 0 0 0 0 0 0 0 0 0 0 0 0 0 0 0 0 0 0 0 0 0 0 0 0 0 0 0 0 0 0 0 0 0 0 0 0 0 0 0 0 0 0 0 0 0 0 0 0 0 0 0 0 0 0 0 0 0 0 0 0 0 0 0 0 0 0 0 0 0 0 0 0 0 0 0 0 0 0 0 0 0 0 0 0 0 0 0 0 0 0 0 0 0 0 0 0 0 0 0 0 0 0 0 0 0 0 128 1 0 0 49 0 1 0 1 0 0 0 0 0 0 0 0 0 0 0 2 0 0 0 0 0 6 0 2 0 0 0 120 0 0 0 255 255 255 255 2 0 6 0 0 0 0 0 data 15 0x60002 0x2006 0x1a0007 0x1dc0 0x38 0x246 0x1e0003 0x246 0x48 0x230005 0x0 0x7ff3a798ed90 0x1dc0 0x0 0x0 oops 1 11 java/util/LinkedList
ciMethodData java/util/LinkedList node (I)Ljava/util/LinkedList$Node; 2 15397 orig 264 168 237 94 5 1 0 0 0 160 59 84 7 1 0 0 0 184 1 0 0 64 0 0 0 0 0 0 0 0 0 0 0 0 0 0 0 0 0 0 0 0 0 0 0 0 0 0 0 0 0 0 0 0 0 0 0 0 0 0 0 0 0 0 0 0 0 0 0 0 0 0 0 0 0 0 0 0 0 0 0 77 68 79 32 101 120 116 114 97 32 100 97 116 97 32 108 111 99 107 0 0 0 0 0 0 0 0 0 0 0 0 0 0 0 0 0 0 0 0 0 0 0 0 0 0 0 0 0 0 0 0 0 0 0 0 0 0 0 0 0 0 0 0 0 0 0 0 0 0 0 0 0 0 0 0 0 0 0 0 0 0 0 0 0 0 0 0 0 0 0 0 0 0 0 0 0 0 0 0 0 0 0 0 0 0 0 0 0 0 0 0 0 0 0 0 0 0 0 0 0 0 0 0 0 0 0 0 0 0 0 0 0 0 0 0 0 212 0 0 0 137 218 1 0 161 25 1 0 0 0 0 0 0 0 0 0 2 0 0 0 2 0 11 0 2 0 0 0 144 0 0 0 255 255 255 255 7 0 7 0 0 0 0 0 data 18 0x70007 0x210b 0x58 0x1a46 0x130007 0x1a46 0x38 0x16f9 0x1e0003 0x16f9 0xffffffffffffffe0 0x310007 0x210b 0x38 0xc3b 0x3c0003 0xc3b 0xffffffffffffffe0 oops 0
ciMethodData java/lang/Integer rotateLeft (II)I 2 1274100 orig 264 168 237 94 5 1 0 0 0 0 41 60 7 1 0 0 0 40 1 0 0 0 0 0 0 0 0 0 0 0 0 0 0 0 0 0 0 0 0 0 0 0 0 0 0 0 0 0 0 0 0 0 0 0 0 0 0 0 0 0 0 0 0 0 0 0 0 0 0 0 0 0 0 0 0 0 0 0 0 0 0 77 68 79 32 101 120 116 114 97 32 100 97 116 97 32 108 111 99 107 0 0 0 0 0 0 0 0 0 0 0 0 0 0 0 0 0 0 0 0 0 0 0 0 0 0 0 0 0 0 0 0 0 0 0 0 0 0 0 0 0 0 0 0 0 0 0 0 0 0 0 0 0 0 0 0 0 0 0 0 0 0 0 0 0 0 0 0 0 0 0 0 0 0 0 0 0 0 0 0 0 0 0 0 0 0 0 0 0 0 0 0 0 0 0 0 0 0 0 0 0 0 0 0 0 0 0 0 0 0 0 0 0 0 0 0 0 0 2 0 0 161 119 155 0 1 0 0 0 0 0 0 0 0 0 0 0 2 0 0 0 0 0 3 0 1 0 0 0 0 0 0 0 255 255 255 255 0 0 0 0 0 0 0 0 data 0 oops 0
ciMethod java/lang/invoke/LambdaForm$MH linkToTargetMethod (Ljava/lang/Object;Ljava/lang/Object;)Ljava/lang/Object; 98401 1 625540 0 -1
ciMethodData java/util/Arrays sort ([Ljava/lang/Object;Ljava/util/Comparator;)V 2 64376 orig 264 168 237 94 5 1 0 0 0 72 42 67 7 1 0 0 0 0 2 0 0 136 0 0 0 0 0 0 0 0 0 0 0 0 0 0 0 0 0 0 0 0 0 0 0 0 0 0 0 0 0 0 0 0 0 0 0 0 0 0 0 0 0 0 0 0 0 0 0 0 0 0 0 0 0 0 0 0 0 0 0 77 68 79 32 101 120 116 114 97 32 100 97 116 97 32 108 111 99 107 0 0 0 0 0 0 0 0 0 0 0 0 0 0 0 0 0 0 0 0 0 0 0 0 0 0 0 0 0 0 0 0 0 0 0 0 0 0 0 0 0 0 0 0 0 0 0 0 0 0 0 0 0 0 0 0 0 0 0 0 0 0 0 0 0 0 0 0 0 0 0 0 0 0 0 0 0 0 0 0 0 0 0 0 0 17 0 0 0 0 0 0 0 0 0 0 0 0 0 0 0 0 0 0 0 0 0 0 0 0 0 0 0 0 0 0 0 192 0 0 0 153 91 7 0 1 0 0 0 0 0 0 0 0 0 0 0 2 0 0 0 0 0 10 0 2 0 0 0 176 0 0 0 255 255 255 255 7 0 1 0 0 0 0 0 data 22 0x10007 0xeb08 0x48 0x70 0x50002 0x70 0x80003 0x70 0x80 0xb0002 0xeb08 0xe0007 0xeb07 0x48 0x0 0x130002 0x0 0x160003 0x0 0x28 0x210002 0xeb08 oops 0
ciMethod java/util/TreeSet <init> (Ljava/util/Comparator;)V 8657 1 1932 0 -1
ciMethod java/util/TreeSet <init> (Ljava/util/SortedSet;)V 105 1 1125 0 -1
ciMethod java/util/TreeSet iterator ()Ljava/util/Iterator; 64825 1 42664 0 -1
ciMethod java/util/TreeSet size ()I 828281 1 108993 0 -1
ciMethod java/util/TreeSet isEmpty ()Z 639281 1 79609 0 -1
ciMethod java/util/TreeSet contains (Ljava/lang/Object;)Z 7849 1 981 0 -1
ciMethod java/util/TreeSet add (Ljava/lang/Object;)Z 33737 1 344011 0 -1
ciMethod java/util/TreeSet remove (Ljava/lang/Object;)Z 30025 1 9394 0 -1
ciMethod java/util/TreeSet clear ()V 25 1 129 0 -1
ciMethod java/util/TreeSet addAll (Ljava/util/Collection;)Z 83937 1 10463 0 -1
ciMethod java/util/TreeSet first ()Ljava/lang/Object; 369 1 872 0 -1
ciMethod java/util/TreeSet last ()Ljava/lang/Object; 13233 1 3586 0 -1
ciMethod java/util/TreeSet pollLast ()Ljava/lang/Object; 22985 1 2873 0 -1
ciMethod java/util/function/BiPredicate test (Ljava/lang/Object;Ljava/lang/Object;)Z 0 0 1 0 -1
ciMethodData java/util/TreeSet add (Ljava/lang/Object;)Z 2 344968 orig 264 168 237 94 5 1 0 0 0 64 232 22 11 1 0 0 0 184 1 0 0 0 0 0 0 0 0 0 0 0 0 0 0 0 0 0 0 0 0 0 0 0 0 0 0 0 0 0 0 0 0 0 0 0 0 0 0 0 0 0 0 0 0 0 0 0 0 0 0 0 0 0 0 0 0 0 0 0 0 0 0 77 68 79 32 101 120 116 114 97 32 100 97 116 97 32 108 111 99 107 0 0 0 0 0 0 0 0 0 0 0 0 0 0 0 0 0 0 0 0 0 0 0 0 0 0 0 0 0 0 0 0 0 0 0 0 0 0 0 0 0 0 0 0 0 0 0 0 0 0 0 0 0 0 0 0 0 0 0 0 0 0 0 0 0 0 0 0 0 0 0 0 0 0 0 0 0 0 0 0 0 0 0 0 0 17 0 0 0 0 0 0 0 0 0 0 0 0 0 0 0 1 0 0 0 0 0 0 0 0 0 0 0 0 0 0 0 218 0 0 0 121 152 41 0 1 0 0 0 0 0 0 0 0 0 0 0 2 0 0 0 0 0 6 0 2 0 0 0 104 0 0 0 255 255 255 255 5 0 8 0 0 0 0 0 data 13 0x80005 0x0 0x7ff3891467f0 0x5330f 0x0 0x0 0xd0007 0x24d 0x38 0x530b1 0x110003 0x530b1 0x18 oops 1 2 java/util/TreeMap
ciMethodData java/util/LinkedList checkElementIndex (I)V 2 1814526 orig 264 168 237 94 5 1 0 0 0 24 58 84 7 1 0 0 0 120 1 0 0 0 0 0 0 0 0 0 0 0 0 0 0 0 0 0 0 0 0 0 0 0 0 0 0 0 0 0 0 0 0 0 0 0 0 0 0 0 0 0 0 0 0 0 0 0 0 0 0 0 0 0 0 0 0 0 0 0 0 0 0 77 68 79 32 101 120 116 114 97 32 100 97 116 97 32 108 111 99 107 0 0 0 0 0 0 0 0 0 0 0 0 0 0 0 0 0 0 0 0 0 0 0 0 0 0 0 0 0 0 0 0 0 0 0 0 0 0 0 0 0 0 0 0 0 0 0 0 0 0 0 0 0 0 0 0 0 0 0 0 0 0 0 0 0 0 0 0 0 0 0 0 0 0 0 0 0 0 0 0 0 0 0 0 0 0 0 0 0 0 0 0 0 0 0 0 0 0 0 0 0 0 0 0 0 0 0 0 0 0 0 0 0 0 0 0 0 2 1 0 0 113 100 221 0 1 0 0 0 0 0 0 0 0 0 0 0 2 0 0 0 0 0 8 0 2 0 0 0 80 0 0 0 255 255 255 255 2 0 2 0 0 0 0 0 data 10 0x20002 0x1baceb 0x50007 0x1bad5a 0x40 0x0 0xe0002 0x0 0x110002 0x0 oops 0
ciMethodData java/util/LinkedList isElementIndex (I)Z 2 1814025 orig 264 168 237 94 5 1 0 0 0 32 56 84 7 1 0 0 0 128 1 0 0 0 0 0 0 0 0 0 0 0 0 0 0 0 0 0 0 0 0 0 0 0 0 0 0 0 0 0 0 0 0 0 0 0 0 0 0 0 0 0 0 0 0 0 0 0 0 0 0 0 0 0 0 0 0 0 0 0 0 0 0 77 68 79 32 101 120 116 114 97 32 100 97 116 97 32 108 111 99 107 0 0 0 0 0 0 0 0 0 0 0 0 0 0 0 0 0 0 0 0 0 0 0 0 0 0 0 0 0 0 0 0 0 0 0 0 0 0 0 0 0 0 0 0 0 0 0 0 0 0 0 0 0 0 0 0 0 0 0 0 0 0 0 0 0 0 0 0 0 0 0 0 0 0 0 0 0 0 0 0 0 0 0 0 0 0 0 0 0 0 0 0 0 0 0 0 0 0 0 0 0 0 0 0 0 0 0 0 0 0 0 0 0 0 0 0 0 2 1 0 0 57 104 221 0 1 0 0 0 0 0 0 0 0 0 0 0 2 0 0 0 0 0 0 0 0 0 0 0 88 0 0 0 255 255 255 255 7 0 1 0 0 0 0 0 data 11 0x10007 0x0 0x58 0x1bad15 0x90007 0x0 0x38 0x1bad1d 0xd0003 0x1bad50 0x18 oops 0
ciMethodData java/util/LinkedList remove (Ljava/lang/Object;)Z 2 297553 orig 264 168 237 94 5 1 0 0 0 248 49 84 7 1 0 0 0 200 2 0 0 168 0 0 0 0 0 0 0 0 0 0 0 0 0 0 0 0 0 0 0 0 0 0 0 0 0 0 0 0 0 0 0 0 0 0 0 0 0 0 0 0 0 0 0 0 0 0 0 0 0 0 0 0 0 0 0 0 0 0 0 77 68 79 32 101 120 116 114 97 32 100 97 116 97 32 108 111 99 107 0 0 0 0 0 0 0 0 0 0 0 0 0 0 0 0 0 0 0 0 0 0 0 0 0 0 0 0 0 0 0 0 0 0 0 0 0 0 0 0 0 0 0 0 0 0 0 0 0 0 0 0 0 0 0 0 0 0 0 0 0 0 0 0 0 0 0 0 0 0 0 0 0 0 0 0 0 0 0 0 0 0 0 0 0 0 0 0 0 0 0 0 0 0 0 0 0 0 0 0 0 0 0 0 0 0 0 0 0 0 0 0 0 0 0 0 0 128 2 0 0 233 232 2 0 137 44 36 0 0 0 0 0 0 0 0 0 2 0 0 0 2 0 16 0 2 0 0 0 120 1 0 0 255 255 255 255 7 0 1 0 0 0 0 0 data 47 0x10007 0x5d1d 0xc0 0x0 0xa0007 0x0 0x88 0x0 0x110007 0x0 0x50 0x0 0x160005 0x0 0x0 0x0 0x0 0x0 0x210003 0x0 0xffffffffffffff90 0x240003 0x0 0xd0 0x2d0007 0x6ef 0xb8 0x4dbbb 0x350005 0x2e90f 0x7ff3a807ccc0 0x1c1 0x7ff3a807cd70 0x1f0f0 0x380007 0x48591 0x50 0x562e 0x3d0005 0x0 0x7ff3a798ed90 0x562e 0x0 0x0 0x480003 0x48592 0xffffffffffffff60 oops 3 30 org/gradle/api/internal/artifacts/ivyservice/resolveengine/graph/builder/EdgeState 32 com/android/tools/r8/u/c/M$f 40 java/util/LinkedList
ciMethodData java/util/LinkedList <init> (Ljava/util/Collection;)V 2 1666 orig 264 168 237 94 5 1 0 0 0 24 38 84 7 1 0 0 0 144 1 0 0 0 0 0 0 0 0 0 0 0 0 0 0 0 0 0 0 0 0 0 0 0 0 0 0 0 0 0 0 0 0 0 0 0 0 0 0 0 0 0 0 0 0 0 0 0 0 0 0 0 0 0 0 0 0 0 0 0 0 0 0 77 68 79 32 101 120 116 114 97 32 100 97 116 97 32 108 111 99 107 0 0 0 0 0 0 0 0 0 0 0 0 0 0 0 0 0 0 0 0 0 0 0 0 0 0 0 0 0 0 0 0 0 0 0 0 0 0 0 0 0 0 0 0 0 0 0 0 0 0 0 0 0 0 0 0 0 0 0 0 0 0 0 0 0 0 0 0 0 0 0 0 0 0 0 0 0 0 0 0 0 0 0 0 0 17 0 0 0 0 0 0 0 0 0 0 0 0 0 0 0 0 0 0 0 0 0 0 0 0 0 0 0 0 0 0 0 132 1 0 0 241 39 0 0 1 0 0 0 0 0 0 0 0 0 0 0 2 0 0 0 0 0 3 0 2 0 0 0 64 0 0 0 255 255 255 255 2 0 1 0 0 0 0 0 data 8 0x10002 0x4fe 0x60005 0x0 0x7ff3a798ed90 0x4fe 0x0 0x0 oops 1 4 java/util/LinkedList
ciMethodData java/util/LinkedList get (I)Ljava/lang/Object; 2 1824217 orig 264 168 237 94 5 1 0 0 0 120 53 84 7 1 0 0 0 144 1 0 0 0 0 0 0 0 0 0 0 0 0 0 0 0 0 0 0 0 0 0 0 0 0 0 0 0 0 0 0 0 0 0 0 0 0 0 0 0 0 0 0 0 0 0 0 0 0 0 0 0 0 0 0 0 0 0 0 0 0 0 0 77 68 79 32 101 120 116 114 97 32 100 97 116 97 32 108 111 99 107 0 0 0 0 0 0 0 0 0 0 0 0 0 0 0 0 0 0 0 0 0 0 0 0 0 0 0 0 0 0 0 0 0 0 0 0 0 0 0 0 0 0 0 0 0 0 0 0 0 0 0 0 0 0 0 0 0 0 0 0 0 0 0 0 0 0 0 0 0 0 0 0 0 0 0 0 0 0 0 0 0 0 0 0 0 0 0 0 0 0 0 0 0 0 0 0 0 0 0 0 0 0 0 0 0 0 0 0 0 0 0 0 0 0 0 0 0 56 1 0 0 105 105 221 0 1 0 0 0 0 0 0 0 0 0 0 0 2 0 0 0 0 0 8 0 2 0 0 0 64 0 0 0 255 255 255 255 2 0 2 0 0 0 0 0 data 8 0x20002 0x1bad99 0x70005 0x0 0x7ff3a798ed90 0x1bae8e 0x0 0x0 oops 1 4 java/util/LinkedList
ciMethodData java/util/PriorityQueue add (Ljava/lang/Object;)Z 2 232521 orig 264 168 237 94 5 1 0 0 0 208 74 204 15 1 0 0 0 128 1 0 0 0 0 0 0 0 0 0 0 0 0 0 0 0 0 0 0 0 0 0 0 0 0 0 0 0 0 0 0 0 0 0 0 0 0 0 0 0 0 0 0 0 0 0 0 0 0 0 0 0 0 0 0 0 0 0 0 0 0 0 0 77 68 79 32 101 120 116 114 97 32 100 97 116 97 32 108 111 99 107 0 0 0 0 0 0 0 0 0 0 0 0 0 0 0 0 0 0 0 0 0 0 0 0 0 0 0 0 0 0 0 0 0 0 0 0 0 0 0 0 0 0 0 0 0 0 0 0 0 0 0 0 0 0 0 0 0 0 0 0 0 0 0 0 0 0 0 0 0 0 0 0 0 0 0 0 0 0 0 0 0 0 0 0 0 0 0 0 0 0 0 0 0 0 0 0 0 0 0 0 0 0 0 0 0 0 0 0 0 0 0 0 0 0 0 0 0 123 1 0 0 73 53 4 0 1 0 0 0 0 0 0 0 0 0 0 0 2 0 0 0 0 0 3 0 2 0 0 0 48 0 0 0 255 255 255 255 5 0 2 0 0 0 0 0 data 6 0x20005 0x0 0x7ff3a798ee40 0x86aa 0x0 0x0 oops 1 2 java/util/PriorityQueue
ciMethodData java/util/PriorityQueue offer (Ljava/lang/Object;)Z 2 233515 orig 264 168 237 94 5 1 0 0 0 184 75 204 15 1 0 0 0 40 2 0 0 176 0 0 0 0 0 0 0 0 0 0 0 0 0 0 0 0 0 0 0 0 0 0 0 0 0 0 0 0 0 0 0 0 0 0 0 0 0 0 0 0 0 0 0 0 0 0 0 0 0 0 0 0 0 0 0 0 0 0 0 77 68 79 32 101 120 116 114 97 32 100 97 116 97 32 108 111 99 107 0 0 0 0 0 0 0 0 0 0 0 0 0 0 0 0 0 0 0 0 0 0 0 0 0 0 0 0 0 0 0 0 0 0 0 0 0 0 0 0 0 0 0 0 0 0 0 0 0 0 0 0 0 0 0 0 0 0 0 0 0 0 0 0 0 0 0 0 0 0 0 0 0 0 0 0 0 0 0 0 0 0 0 0 0 25 0 0 0 0 0 0 0 0 0 0 0 0 0 0 0 1 0 0 0 0 0 0 0 0 0 0 0 0 0 0 0 123 1 0 0 153 64 28 0 1 0 0 0 0 0 0 0 0 0 0 0 2 0 0 0 0 0 14 0 2 0 0 0 216 0 0 0 255 255 255 255 7 0 1 0 0 0 0 0 data 27 0x10007 0x38818 0x30 0x0 0x80002 0x0 0x210007 0x3732a 0x30 0x14fc 0x280002 0x14fc 0x330007 0x33d79 0x68 0x4aac 0x3c0004 0x0 0x7ff39903f5c0 0x8 0x7ff3a798f050 0x4905 0x3d0003 0x4aab 0x28 0x430002 0x33d79 oops 2 18 java/io/File 20 com/android/tools/r8/ir/regalloc/a
ciMethodData java/util/PriorityQueue poll ()Ljava/lang/Object; 1 143088 orig 264 168 237 94 5 1 0 0 0 88 83 204 15 1 0 0 0 200 1 0 0 0 0 0 0 0 0 0 0 0 0 0 0 0 0 0 0 0 0 0 0 0 0 0 0 0 0 0 0 0 0 0 0 0 0 0 0 0 0 0 0 0 0 0 0 0 0 0 0 0 0 0 0 0 0 0 0 0 0 0 0 77 68 79 32 101 120 116 114 97 32 100 97 116 97 32 108 111 99 107 0 0 0 0 0 0 0 0 0 0 0 0 0 0 0 0 0 0 0 0 0 0 0 0 0 0 0 0 0 0 0 0 0 0 0 0 0 0 0 0 0 0 0 0 0 0 0 0 0 0 0 0 0 0 0 0 0 0 0 0 0 0 0 0 0 0 0 0 0 0 0 0 0 0 0 0 0 0 0 0 0 0 0 0 0 17 0 0 0 0 0 0 0 0 0 0 0 0 0 0 0 1 0 0 0 0 0 0 0 0 0 0 0 0 0 0 0 186 1 0 0 1 0 0 0 1 0 0 0 0 0 0 0 0 0 0 0 2 0 0 0 0 0 11 0 2 0 0 0 128 0 0 0 255 255 255 255 7 0 4 0 0 0 0 0 data 16 0x40007 0x0 0x20 0x0 0x330004 0x0 0x0 0x0 0x0 0x0 0x350007 0x0 0x30 0x0 0x3b0002 0x0 oops 0
ciMethodData java/util/Collections$UnmodifiableList get (I)Ljava/lang/Object; 2 21170 orig 264 168 237 94 5 1 0 0 0 184 196 63 7 1 0 0 0 128 1 0 0 0 0 0 0 0 0 0 0 0 0 0 0 0 0 0 0 0 0 0 0 0 0 0 0 0 0 0 0 0 0 0 0 0 0 0 0 0 0 0 0 0 0 0 0 0 0 0 0 0 0 0 0 0 0 0 0 0 0 0 0 77 68 79 32 101 120 116 114 97 32 100 97 116 97 32 108 111 99 107 0 0 0 0 0 0 0 0 0 0 0 0 0 0 0 0 0 0 0 0 0 0 0 0 0 0 0 0 0 0 0 0 0 0 0 0 0 0 0 0 0 0 0 0 0 0 0 0 0 0 0 0 0 0 0 0 0 0 0 0 0 0 0 0 0 0 0 0 0 0 0 0 0 0 0 0 0 0 0 0 0 0 0 0 0 17 0 0 0 0 0 0 0 0 0 0 0 0 0 0 0 1 0 0 0 0 0 0 0 0 0 0 0 0 0 0 0 0 1 0 0 89 201 1 0 1 0 0 0 0 0 0 0 0 0 0 0 2 0 0 0 0 0 3 0 2 0 0 0 48 0 0 0 255 255 255 255 5 0 5 0 0 0 0 0 data 6 0x50005 0x0 0x7ff3a798eef0 0x3926 0x7ff3a3bb1970 0x5 oops 2 2 java/util/ArrayList 4 java/util/Arrays$ArrayList
ciMethodData java/util/BitSet clear (I)V 1 55380 orig 264 168 237 94 5 1 0 0 0 192 158 75 7 1 0 0 0 112 2 0 0 224 0 0 0 0 0 0 0 0 0 0 0 0 0 0 0 0 0 0 0 0 0 0 0 0 0 0 0 0 0 0 0 0 0 0 0 0 0 0 0 0 0 0 0 0 0 0 0 0 0 0 0 0 0 0 0 0 0 0 0 77 68 79 32 101 120 116 114 97 32 100 97 116 97 32 108 111 99 107 0 0 0 0 0 0 0 0 0 0 0 0 0 0 0 0 0 0 0 0 0 0 0 0 0 0 0 0 0 0 0 0 0 0 0 0 0 0 0 0 0 0 0 0 0 0 0 0 0 0 0 0 0 0 0 0 0 0 0 0 0 0 0 0 0 0 0 0 0 0 0 0 0 0 0 0 0 0 0 0 0 0 0 0 0 25 0 0 0 0 0 0 0 0 0 0 0 0 0 0 0 1 0 0 0 0 0 0 0 0 0 0 0 0 0 0 0 136 1 0 0 81 4 0 0 1 0 0 0 0 0 0 0 0 0 0 0 2 0 0 0 0 0 7 0 2 0 0 0 32 1 0 0 255 255 255 255 7 0 1 0 0 0 0 0 data 36 0x10007 0x8a 0xd0 0x0 0xc0002 0x0 0x110005 0x0 0x0 0x0 0x0 0x0 0x150005 0x0 0x0 0x0 0x0 0x0 0x180005 0x0 0x0 0x0 0x0 0x0 0x1b0002 0x0 0x200002 0x8a 0x290007 0x8a 0x20 0x0 0x3e0002 0x8a 0x420002 0x8a oops 0
ciMethod java/util/PriorityQueue <init> ()V 4673 1 17700 0 -1
ciMethod java/util/PriorityQueue add (Ljava/lang/Object;)Z 1601353 1 231633 0 -1
ciMethod java/util/PriorityQueue offer (Ljava/lang/Object;)Z 16577 1 232944 0 -1
ciMethod java/util/PriorityQueue indexOf (Ljava/lang/Object;)I 31041 298977 14336 0 -1
ciMethod java/util/PriorityQueue remove (Ljava/lang/Object;)Z 39937 1 116722 0 -1
ciMethod java/util/PriorityQueue contains (Ljava/lang/Object;)Z 1617 1 275 0 -1
ciMethod java/util/PriorityQueue clear ()V 73 745 129 0 -1
ciMethod java/util/PriorityQueue poll ()Ljava/lang/Object; 1156729 1 142501 0 -1
ciMethod java/util/PriorityQueue removeAt (I)Ljava/lang/Object; 629001 1 79271 0 -1
ciMethod java/util/PriorityQueue siftDown (ILjava/lang/Object;)V 19393 1 2424 0 -1
ciMethod com/android/tools/r8/s/a/a/b/Q <init> ()V 14049 1 170179 0 0
ciMethod com/android/tools/r8/s/a/a/b/Q iterator ()Lcom/android/tools/r8/s/a/a/b/N2; 0 0 1 0 -1
ciMethod com/android/tools/r8/s/a/a/b/t0 h ()Lcom/android/tools/r8/s/a/a/b/t0; 5457 1 1434275 0 0
ciMethod com/android/tools/r8/s/a/a/b/t0 a (Ljava/util/Collection;)Lcom/android/tools/r8/s/a/a/b/t0; 4481793 1 551457 0 -1
ciMethod com/android/tools/r8/s/a/a/b/t0 a ()Lcom/android/tools/r8/s/a/a/b/W; 3153 1 394 0 0
ciMethod com/android/tools/r8/s/a/a/b/t0 c ()Lcom/android/tools/r8/s/a/a/b/W; 0 0 1 0 -1
ciMethod com/android/tools/r8/s/a/a/b/N2 hasNext ()Z 0 0 1 0 -1
ciMethod com/android/tools/r8/s/a/a/b/N2 next ()Ljava/lang/Object; 0 0 1 0 -1
ciMethod com/android/tools/r8/s/a/a/b/v a (ILjava/lang/String;)I 1271633 1 156887 0 0
ciMethod com/android/tools/r8/s/a/a/b/v c (I)I 49249 1 401676 0 0
ciMethod com/android/tools/r8/s/a/a/b/v a (ID)I 167849 1 20611 0 0
ciMethod com/android/tools/r8/s/a/a/b/v b ([Ljava/lang/Object;)Lcom/android/tools/r8/s/a/a/b/N2; 3441 1 10994 0 -1
ciMethod com/android/tools/r8/s/a/a/b/v a (Lcom/android/tools/r8/s/a/a/b/T1;)Lcom/android/tools/r8/s/a/a/b/r0; 105 1 972 0 0
ciMethod com/android/tools/r8/s/a/a/b/a a (I)Ljava/lang/Object; 0 0 1 0 -1
ciMethod com/android/tools/r8/s/a/a/b/a hasNext ()Z 57369 1 27264 0 -1
ciMethod com/android/tools/r8/s/a/a/b/a next ()Ljava/lang/Object; 500489 1 69111 0 -1
ciMethod com/android/tools/r8/s/a/a/b/L0 hasNext ()Z 16465 1 2058 0 -1
ciMethod com/android/tools/r8/s/a/a/b/L0 next ()Ljava/lang/Object; 16809 1 58338 0 -1
ciMethod com/android/tools/r8/s/a/a/b/v0 iterator ()Lcom/android/tools/r8/s/a/a/b/N2; 8489 1 1050 0 0
ciMethod com/android/tools/r8/s/a/a/b/v0 c ()Lcom/android/tools/r8/s/a/a/b/W; 3041 1 380 0 0
ciMethod com/android/tools/r8/s/a/a/b/W <init> ()V 13049 1 2062 0 0
ciMethod com/android/tools/r8/s/a/a/b/W iterator ()Lcom/android/tools/r8/s/a/a/b/N2; 358561 1 46267 0 -1
ciMethod com/android/tools/r8/s/a/a/a/J a (ZLjava/lang/String;I)V 7145 1 899 0 0
ciMethod com/android/tools/r8/s/a/a/a/J a (ZLjava/lang/String;J)V 1961 1 245 0 0
ciMethod com/android/tools/r8/s/a/a/a/J a (Ljava/lang/Object;)Ljava/lang/Object; 54553 1 283006 0 0
ciMethod com/android/tools/r8/s/a/a/b/L <init> ()V 3041 1 380 0 0
ciMethod com/android/tools/r8/s/a/a/b/n2 iterator ()Ljava/util/Iterator; 39401 1 15492 0 -1
ciMethod com/android/tools/r8/s/a/a/b/G2 iterator ()Lcom/android/tools/r8/s/a/a/b/N2; 3401 1 425 0 -1
ciMethod com/android/tools/r8/s/a/a/b/G2 iterator ()Ljava/util/Iterator; 5458753 1 673297 0 -1
ciMethod com/android/tools/r8/ir/analysis/type/k t ()Z 1185 1 148 0 -1
ciMethod com/android/tools/r8/ir/analysis/type/k n ()Z 1265 1 158 0 -1
ciMethod com/android/tools/r8/ir/analysis/type/k m ()Z 1497 1 187 0 -1
ciMethod com/android/tools/r8/ir/analysis/type/k o ()Z 1201 1 150 0 0
ciMethod com/android/tools/r8/ir/analysis/type/k k ()Z 1201 1 150 0 -1
ciMethod com/android/tools/r8/u/b/d0 L0 ()Ljava/util/List; 1113 1 139 0 -1
ciMethod com/android/tools/r8/u/b/d0 x2 ()Lcom/android/tools/r8/u/b/g1; 1153 1 144 0 -1
ciMethod com/android/tools/r8/u/b/d0 C0 ()I 1865 1 233 0 0
ciMethod com/android/tools/r8/u/b/d0 N0 ()Z 1121 1 140 0 -1
ciMethod com/android/tools/r8/u/b/d0 c2 ()Z 1057 1 132 0 -1
ciMethod com/android/tools/r8/u/b/d0 D0 ()Lcom/android/tools/r8/u/b/v; 0 0 1 0 -1
ciMethod com/android/tools/r8/u/b/d0 A0 ()Lcom/android/tools/r8/graph/r; 284329 1 462828 0 -1
ciMethod com/android/tools/r8/u/b/d0 f ()Lcom/android/tools/r8/u/b/h; 0 0 1 0 -1
ciMethod com/android/tools/r8/u/b/d0 Q0 ()Z 1025 1 128 0 -1
ciMethod com/android/tools/r8/u/b/d0 e ()Lcom/android/tools/r8/u/b/g; 0 0 1 0 -1
ciMethod com/android/tools/r8/u/b/d0 l ()Lcom/android/tools/r8/u/b/p; 0 0 1 0 -1
ciMethod com/android/tools/r8/u/b/d0 m ()Lcom/android/tools/r8/u/b/s; 0 0 1 0 -1
ciMethod com/android/tools/r8/u/b/d0 f1 ()Z 1169 1 146 0 -1
ciMethod com/android/tools/r8/u/b/d0 O1 ()Z 1289 1 161 0 -1
ciMethod com/android/tools/r8/u/b/d0 T ()Lcom/android/tools/r8/u/b/u0; 0 0 1 0 -1
ciMethod com/android/tools/r8/u/b/d0 v1 ()Z 1129 1 141 0 -1
ciMethod com/android/tools/r8/u/b/d0 S1 ()Z 1409 1 176 0 -1
ciMethod com/android/tools/r8/u/b/d0 X ()Lcom/android/tools/r8/u/b/A0; 0 0 1 0 -1
ciMethod com/android/tools/r8/u/b/d0 Y1 ()Z 1025 1 128 0 -1
ciMethod com/android/tools/r8/u/b/d0 d0 ()Lcom/android/tools/r8/u/b/G0; 0 0 1 0 -1
ciMethod com/android/tools/r8/u/b/d0 T1 ()Z 1177 1 147 0 -1
ciMethod com/android/tools/r8/s/a/a/b/B2 <init> ()V 3049 1 469 0 0
ciMethod com/android/tools/r8/graph/a j ()Z 201089 1 364463 0 -1
ciMethod com/android/tools/r8/graph/a a (I)Z 187985 1 723852 0 -1
ciMethod com/android/tools/r8/graph/S y ()Lcom/android/tools/r8/ir/optimize/info/f; 0 0 751 0 -1
ciMethod com/android/tools/r8/ir/optimize/info/f u ()Z 0 0 1 0 -1
ciMethod com/android/tools/r8/u/b/v D0 ()Lcom/android/tools/r8/u/b/v; 23473 1 2934 0 0
ciMethod com/android/tools/r8/u/b/y f1 ()Z 1177 1 147 0 0
ciMethodData com/android/tools/r8/graph/a a (I)Z 2 725131 orig 264 168 237 94 5 1 0 0 0 8 167 243 16 1 0 0 0 96 1 0 0 0 0 0 0 0 0 0 0 0 0 0 0 0 0 0 0 0 0 0 0 0 0 0 0 0 0 0 0 0 0 0 0 0 0 0 0 0 0 0 0 0 0 0 0 0 0 0 0 0 0 0 0 0 0 0 0 0 0 0 0 77 68 79 32 101 120 116 114 97 32 100 97 116 97 32 108 111 99 107 0 0 0 0 0 0 0 0 0 0 0 0 0 0 0 0 0 0 0 0 0 0 0 0 0 0 0 0 0 0 0 0 0 0 0 0 0 0 0 0 0 0 0 0 0 0 0 0 0 0 0 0 0 0 0 0 0 0 0 0 0 0 0 0 0 0 0 0 0 0 0 0 0 0 0 0 0 0 0 0 0 0 0 0 0 1 0 0 0 0 0 0 0 0 0 0 0 0 0 0 0 1 0 0 0 0 0 0 0 0 0 0 0 0 0 0 0 14 1 0 0 9 166 85 0 1 0 0 0 0 0 0 0 0 0 0 0 2 0 0 0 0 0 3 0 2 0 0 0 56 0 0 0 255 255 255 255 7 0 6 0 0 0 0 0 data 7 0x60007 0x8e7c6 0x38 0x1cd2a 0xa0003 0x1cd29 0x18 oops 0
ciMethodData java/util/PriorityQueue remove (Ljava/lang/Object;)Z 2 117199 orig 264 168 237 94 5 1 0 0 0 200 77 204 15 1 0 0 0 104 1 0 0 16 0 0 0 0 0 0 0 0 0 0 0 0 0 0 0 0 0 0 0 0 0 0 0 0 0 0 0 0 0 0 0 0 0 0 0 0 0 0 0 0 0 0 0 0 0 0 0 0 0 0 0 0 0 0 0 0 0 0 0 77 68 79 32 101 120 116 114 97 32 100 97 116 97 32 108 111 99 107 0 0 0 0 0 0 0 0 0 0 0 0 0 0 0 0 0 0 0 0 0 0 0 0 0 0 0 0 0 0 0 0 0 0 0 0 0 0 0 0 0 0 0 0 0 0 0 0 0 0 0 0 0 0 0 0 0 0 0 0 0 0 0 0 0 0 0 0 0 0 0 0 0 0 0 0 0 0 0 0 0 0 0 0 0 17 0 0 0 0 0 0 0 0 0 0 0 0 0 0 0 1 0 0 0 0 0 0 0 0 0 0 0 0 0 0 0 2 2 0 0 177 194 13 0 1 0 0 0 0 0 0 0 0 0 0 0 2 0 0 0 0 0 5 0 2 0 0 0 64 0 0 0 255 255 255 255 2 0 2 0 0 0 0 0 data 8 0x20002 0x1b856 0x80007 0x11910 0x20 0x9f43 0xf0002 0x11917 oops 0
ciMethodData com/android/tools/r8/ir/regalloc/a d (Lcom/android/tools/r8/ir/regalloc/a;)I 2 484764 orig 264 168 237 94 5 1 0 0 0 152 121 74 17 1 0 0 0 200 3 0 0 144 0 0 0 0 0 0 0 0 0 0 0 0 0 0 0 0 0 0 0 0 0 0 0 0 0 0 0 0 0 0 0 0 0 0 0 0 0 0 0 0 0 0 0 0 0 0 0 0 0 0 0 0 0 0 0 0 0 0 0 77 68 79 32 101 120 116 114 97 32 100 97 116 97 32 108 111 99 107 0 0 0 0 0 0 0 0 0 0 0 0 0 0 0 0 0 0 0 0 0 0 0 0 0 0 0 0 0 0 0 0 0 0 0 0 0 0 0 0 0 0 0 0 0 0 0 0 0 0 0 0 0 0 0 0 0 0 0 0 0 0 0 0 0 0 0 0 0 0 0 0 0 0 0 0 0 0 0 0 0 0 0 0 0 17 0 0 0 0 0 0 0 0 0 0 0 0 0 0 0 3 0 0 0 0 0 0 0 0 0 0 0 0 0 0 0 172 7 0 0 241 141 3 0 161 212 55 0 0 0 0 0 0 0 0 0 2 0 0 0 2 0 13 0 2 0 0 0 120 2 0 0 255 255 255 255 5 0 5 0 0 0 0 0 data 79 0x50005 0x0 0x7ff3a798eef0 0x71be 0x0 0x0 0xc0005 0x0 0x7ff3a798efa0 0x71be 0x0 0x0 0x110004 0x0 0x7ff3a74cd070 0x71be 0x0 0x0 0x180005 0x0 0x7ff3a798eef0 0x71be 0x0 0x0 0x1f0005 0x0 0x7ff3a798efa0 0xf926 0x0 0x0 0x240007 0x5d2c 0x188 0x9bfa 0x280005 0x0 0x7ff3a798efa0 0x9bfa 0x0 0x0 0x2d0004 0x0 0x7ff3a74cd070 0x9bfa 0x0 0x0 0x390007 0x93e3 0xe8 0x66ee2 0x3d0005 0x0 0x7ff3a798efa0 0x66ee2 0x0 0x0 0x420007 0x666cc 0x20 0x817 0x480005 0x0 0x7ff3a798efa0 0x666cc 0x0 0x0 0x4d0004 0x0 0x7ff3a74cd070 0x666cc 0x0 0x0 0x510003 0x666cc 0xffffffffffffff30 0x5f0007 0x8768 0xfffffffffffffe68 0xc7b oops 10 2 java/util/ArrayList 8 java/util/ArrayList$Itr 14 com/android/tools/r8/ir/regalloc/c 20 java/util/ArrayList 26 java/util/ArrayList$Itr 36 java/util/ArrayList$Itr 42 com/android/tools/r8/ir/regalloc/c 52 java/util/ArrayList$Itr 62 java/util/ArrayList$Itr 68 com/android/tools/r8/ir/regalloc/c
ciMethodData com/android/tools/r8/u/b/v D0 ()Lcom/android/tools/r8/u/b/v; 2 2934 orig 264 168 237 94 5 1 0 0 0 240 101 252 16 1 0 0 0 32 1 0 0 0 0 0 0 0 0 0 0 0 0 0 0 0 0 0 0 0 0 0 0 0 0 0 0 0 0 0 0 0 0 0 0 0 0 0 0 0 0 0 0 0 0 0 0 0 0 0 0 0 0 0 0 0 0 0 0 0 0 0 0 77 68 79 32 101 120 116 114 97 32 100 97 116 97 32 108 111 99 107 0 0 0 0 0 0 0 0 0 0 0 0 0 0 0 0 0 0 0 0 0 0 0 0 0 0 0 0 0 0 0 0 0 0 0 0 0 0 0 0 0 0 0 0 0 0 0 0 0 0 0 0 0 0 0 0 0 0 0 0 0 0 0 0 0 0 0 0 0 0 0 0 0 0 0 0 0 0 0 0 0 0 0 0 0 0 0 0 0 0 0 0 0 0 0 0 0 0 0 0 0 0 0 0 0 0 0 0 0 0 0 0 0 0 0 0 0 152 2 0 0 1 0 0 0 1 0 0 0 0 0 0 0 0 0 0 0 2 0 0 0 0 0 3 0 1 0 0 0 0 0 0 0 255 255 255 255 0 0 0 0 0 0 0 0 data 0 oops 0
ciMethod com/android/tools/r8/s/a/a/b/K d ()Lcom/android/tools/r8/s/a/a/b/K; 105 1 971 0 0
ciMethod com/android/tools/r8/s/a/a/b/K <init> ()V 105 1 971 0 0
ciMethod com/android/tools/r8/s/a/a/b/K add (Ljava/lang/Object;)Z 345 1 6509 0 0
ciMethod com/android/tools/r8/s/a/a/b/j <init> (Ljava/util/Map;)V 105 1 971 0 0
ciMethod com/android/tools/r8/s/a/a/b/j entrySet ()Ljava/util/Set; 16345 1 2027 0 0
ciMethod com/android/tools/r8/s/a/a/b/j b (Ljava/lang/Object;)I 0 0 1 0 -1
ciMethod com/android/tools/r8/s/a/a/b/j b (Ljava/lang/Object;I)I 52785 1 6560 0 0
ciMethod com/android/tools/r8/s/a/a/b/n <init> ()V 105 1 971 0 0
ciMethod com/android/tools/r8/s/a/a/b/n size ()I 5057 1 1013 0 0
ciMethod com/android/tools/r8/s/a/a/b/n b (Ljava/lang/Object;I)I 0 0 1 0 -1
ciMethod com/android/tools/r8/s/a/a/b/n entrySet ()Ljava/util/Set; 5169 1 646 0 0
ciMethod com/android/tools/r8/s/a/a/b/n a ()Ljava/util/Set; 2585 1 323 0 0
ciMethod com/android/tools/r8/s/a/a/b/n$b <init> (Lcom/android/tools/r8/s/a/a/b/n;)V 2585 1 323 0 0
ciMethod com/android/tools/r8/s/a/a/b/Y1 <init> ()V 2585 1 323 0 0
ciMethod com/android/tools/r8/s/a/a/b/x <init> (I)V 3169 1 397 0 0
ciMethod com/android/tools/r8/s/a/a/b/x a ()I 10433 1 1304 0 0
ciMethod com/android/tools/r8/s/a/a/b/x a (I)V 1961 1 245 0 0
ciMethod com/android/tools/r8/s/a/a/b/T1$a b ()Ljava/lang/Object; 0 0 1 0 -1
ciMethod com/android/tools/r8/s/a/a/b/T1$a a ()I 0 0 1 0 -1
ciMethod com/android/tools/r8/s/a/a/b/U1 <init> ()V 8225 1 1028 0 0
ciMethod com/android/tools/r8/s/a/a/b/r0 a (Ljava/util/Collection;)Lcom/android/tools/r8/s/a/a/b/r0; 105 1 972 0 0
ciMethod com/android/tools/r8/s/a/a/b/r0 <init> ()V 3225 1 403 0 0
ciMethod com/android/tools/r8/s/a/a/b/r0 entrySet ()Lcom/android/tools/r8/s/a/a/b/t0; 5065 1 1014 0 0
ciMethod com/android/tools/r8/s/a/a/b/s0 <init> ()V 3073 1 384 0 0
ciMethod com/android/tools/r8/s/a/a/b/r0$a <init> (Lcom/android/tools/r8/s/a/a/b/r0;Lcom/android/tools/r8/s/a/a/b/q0;)V 3217 1 402 0 -1
ciMethod com/android/tools/r8/s/a/a/b/l2 <init> (Ljava/util/Collection;)V 5073 6809 1015 0 0
ciMethod com/android/tools/r8/s/a/a/b/Z1 <init> (Ljava/lang/Object;I)V 4305 1 538 0 0
ciMethod com/android/tools/r8/s/a/a/b/Z1 b ()Ljava/lang/Object; 3153 1 394 0 -1
ciMethod com/android/tools/r8/s/a/a/b/m2 <init> (Ljava/lang/Object;ILcom/android/tools/r8/s/a/a/b/Z1;)V 217 1 28 0 0
ciMethodData com/android/tools/r8/ir/regalloc/LinearScanRegisterAllocator a (Lcom/android/tools/r8/ir/regalloc/a;)V 1 147405 orig 264 168 237 94 5 1 0 0 0 16 188 73 17 1 0 0 0 32 5 0 0 16 2 0 0 0 0 0 0 0 0 0 0 0 0 0 0 0 0 0 0 0 0 0 0 0 0 0 0 0 0 0 0 0 0 0 0 0 0 0 0 0 0 0 0 0 0 0 0 0 0 0 0 0 0 0 0 0 0 0 0 77 68 79 32 101 120 116 114 97 32 100 97 116 97 32 108 111 99 107 0 0 0 0 0 0 0 0 0 0 0 0 0 0 0 0 0 0 0 0 0 0 0 0 0 0 0 0 0 0 0 0 0 0 0 0 0 0 0 0 0 0 0 0 0 0 0 0 0 0 0 0 0 0 0 0 0 0 0 0 0 0 0 0 0 0 0 0 0 0 0 0 0 0 0 0 0 0 0 0 0 0 0 0 0 0 0 0 0 0 0 0 0 0 0 0 0 0 0 0 0 0 0 0 0 0 0 0 0 0 0 0 0 0 0 0 0 5 2 0 0 1 0 0 0 1 0 0 0 0 0 0 0 0 0 0 0 2 0 0 0 0 0 34 0 2 0 0 0 208 3 0 0 255 255 255 255 7 0 3 0 0 0 0 0 data 122 0x30007 0x0 0x78 0x0 0x80002 0x0 0xb0007 0x0 0x38 0x0 0xe0003 0x0 0x28 0x150002 0x0 0x1a0005 0x0 0x0 0x0 0x0 0x0 0x210007 0x0 0x98 0x0 0x260005 0x0 0x0 0x0 0x0 0x0 0x300007 0x0 0x38 0x0 0x330003 0x0 0x28 0x3a0002 0x0 0x440002 0x0 0x470005 0x0 0x0 0x0 0x0 0x0 0x4b0005 0x0 0x0 0x0 0x0 0x0 0x4e0005 0x0 0x0 0x0 0x0 0x0 0x510007 0x0 0x60 0x0 0x5b0002 0x0 0x5e0005 0x0 0x0 0x0 0x0 0x0 0x630005 0x0 0x0 0x0 0x0 0x0 0x660007 0x0 0x160 0x0 0x6b0005 0x0 0x0 0x0 0x0 0x0 0x6e0007 0x0 0x110 0x0 0x720005 0x0 0x0 0x0 0x0 0x0 0x750005 0x0 0x0 0x0 0x0 0x0 0x790005 0x0 0x0 0x0 0x0 0x0 0x7c0007 0x0 0x60 0x0 0x810005 0x0 0x0 0x0 0x0 0x0 0x840002 0x0 oops 0
ciMethodData com/android/tools/r8/u/b/p D2 ()Lcom/android/tools/r8/u/b/g1; 2 24518 orig 264 168 237 94 5 1 0 0 0 72 39 44 17 1 0 0 0 168 1 0 0 0 0 0 0 0 0 0 0 0 0 0 0 0 0 0 0 0 0 0 0 0 0 0 0 0 0 0 0 0 0 0 0 0 0 0 0 0 0 0 0 0 0 0 0 0 0 0 0 0 0 0 0 0 0 0 0 0 0 0 0 77 68 79 32 101 120 116 114 97 32 100 97 116 97 32 108 111 99 107 0 0 0 0 0 0 0 0 0 0 0 0 0 0 0 0 0 0 0 0 0 0 0 0 0 0 0 0 0 0 0 0 0 0 0 0 0 0 0 0 0 0 0 0 0 0 0 0 0 0 0 0 0 0 0 0 0 0 0 0 0 0 0 0 0 0 0 0 0 0 0 0 0 0 0 0 0 0 0 0 0 0 0 0 0 17 0 0 0 0 0 0 0 0 0 0 0 0 0 0 0 1 0 0 0 0 0 0 0 0 0 0 0 0 0 0 0 37 1 0 0 89 107 0 0 1 0 0 0 0 0 0 0 0 0 0 0 2 0 0 0 0 0 3 0 2 0 0 0 96 0 0 0 255 255 255 255 5 0 5 0 0 0 0 0 data 12 0x50005 0x0 0x7ff3a798eef0 0xd6b 0x0 0x0 0xa0004 0x0 0x7ff3a798f100 0xd57 0x7ff3a798f890 0x14 oops 3 2 java/util/ArrayList 8 com/android/tools/r8/u/b/g1 10 com/android/tools/r8/u/b/M0
ciMethodData com/android/tools/r8/ir/regalloc/LinearScanRegisterAllocator g (Lcom/android/tools/r8/ir/regalloc/a;)V 1 159274 orig 264 168 237 94 5 1 0 0 0 56 189 73 17 1 0 0 0 88 4 0 0 120 1 0 0 0 0 0 0 0 0 0 0 0 0 0 0 0 0 0 0 0 0 0 0 0 0 0 0 0 0 0 0 0 0 0 0 0 0 0 0 0 0 0 0 0 0 0 0 0 0 0 0 0 0 0 0 0 0 0 0 77 68 79 32 101 120 116 114 97 32 100 97 116 97 32 108 111 99 107 0 0 0 0 0 0 0 0 0 0 0 0 0 0 0 0 0 0 0 0 0 0 0 0 0 0 0 0 0 0 0 0 0 0 0 0 0 0 0 0 0 0 0 0 0 0 0 0 0 0 0 0 0 0 0 0 0 0 0 0 0 0 0 0 0 0 0 0 0 0 0 0 0 0 0 0 0 0 0 0 0 0 0 0 0 0 0 0 0 0 0 0 0 0 0 0 0 0 0 0 0 0 0 0 0 0 0 0 0 0 0 0 0 0 0 0 0 128 2 0 0 1 0 0 0 1 0 0 0 0 0 0 0 0 0 0 0 2 0 0 0 0 0 34 0 2 0 0 0 8 3 0 0 255 255 255 255 5 0 2 0 0 0 0 0 data 97 0x20005 0x0 0x0 0x0 0x0 0x0 0x60005 0x0 0x0 0x0 0x0 0x0 0x90005 0x0 0x0 0x0 0x0 0x0 0x100007 0x0 0x78 0x0 0x160002 0x0 0x190007 0x0 0x38 0x0 0x1c0003 0x0 0x28 0x230002 0x0 0x2d0002 0x0 0x300005 0x0 0x0 0x0 0x0 0x0 0x340007 0x0 0x60 0x0 0x3e0002 0x0 0x410005 0x0 0x0 0x0 0x0 0x0 0x460005 0x0 0x0 0x0 0x0 0x0 0x490007 0x0 0x130 0x0 0x4e0005 0x0 0x0 0x0 0x0 0x0 0x510007 0x0 0xe0 0x0 0x550005 0x0 0x0 0x0 0x0 0x0 0x5a0005 0x0 0x0 0x0 0x0 0x0 0x5e0005 0x0 0x0 0x0 0x0 0x0 0x610007 0x0 0x30 0x0 0x660002 0x0 oops 0
ciMethodData com/android/tools/r8/ir/regalloc/LinearScanRegisterAllocator a (Lcom/android/tools/r8/ir/regalloc/a;I)V 2 179891 orig 264 168 237 94 5 1 0 0 0 0 146 73 17 1 0 0 0 32 10 0 0 80 6 0 0 0 0 0 0 0 0 0 0 0 0 0 0 0 0 0 0 0 0 0 0 0 0 0 0 0 0 0 0 0 0 0 0 0 0 0 0 0 0 0 0 0 0 0 0 0 0 0 0 0 0 0 0 0 0 0 0 77 68 79 32 101 120 116 114 97 32 100 97 116 97 32 108 111 99 107 0 0 0 0 0 0 0 0 0 0 0 0 0 0 0 0 0 0 0 0 0 0 0 0 0 0 0 0 0 0 0 0 0 0 0 0 0 0 0 0 0 0 0 0 0 0 0 0 0 0 0 0 0 0 0 0 0 0 0 0 0 0 0 0 0 0 0 0 0 0 0 0 0 0 0 0 0 0 0 0 0 0 0 0 0 0 0 0 0 0 0 0 0 0 0 0 0 0 0 0 0 0 0 0 0 0 0 0 0 0 0 0 0 0 0 0 0 206 3 0 0 249 186 18 0 41 60 19 0 0 0 0 0 0 0 0 0 2 0 0 0 3 0 42 0 2 0 0 0 200 8 0 0 255 255 255 255 7 0 3 0 0 0 0 0 data 281 0x30007 0x25765 0x98 0x0 0x80005 0x0 0x0 0x0 0x0 0x0 0x120007 0x0 0x38 0x0 0x150003 0x0 0x28 0x1c0002 0x0 0x230005 0x0 0x7ff3a798f050 0x25767 0x0 0x0 0x260005 0x0 0x7ff3a798f050 0x2576d 0x0 0x0 0x2b0005 0x0 0x7ff3a798f100 0x240a5 0x7ff3a798f890 0x16c9 0x2e0005 0x0 0x7ff3a798fb50 0x20109 0x7ff3a798fc00 0x5667 0x350005 0x0 0x7ff3a798fcb0 0x211e0 0x7ff3a798fd60 0xacce 0x3a0007 0x2573c 0x3f8 0x6741 0x3e0005 0x0 0x7ff3a798fcb0 0x10da 0x7ff3a798fd60 0x5667 0x430004 0x0 0x7ff3a798f890 0x6741 0x0 0x0 0x490005 0x0 0x7ff3a798f890 0x6741 0x0 0x0 0x4f0005 0x0 0x7ff3a798f050 0x6740 0x0 0x0 0x520007 0x4cc2 0xfffffffffffffef0 0x1a7f 0x5d0005 0x0 0x7ff3a798f050 0x1a7f 0x0 0x0 0x670005 0x0 0x7ff3a798f890 0xbf4e 0x0 0x0 0x6a0005 0x0 0x7ff3a798eef0 0xbf4e 0x0 0x0 0x6f0007 0x1a7f 0xfffffffffffffe40 0xa4cf 0x760005 0x0 0x7ff3a798f890 0xa4cf 0x0 0x0 0x790005 0x0 0x7ff3a798f100 0x7fb6 0x7ff3a798f890 0x2519 0x7e0005 0x0 0x7ff3a798f890 0xa4cf 0x0 0x0 0x810005 0x0 0x7ff3a798f3c0 0xa4cf 0x0 0x0 0x860005 0x0 0x7ff3a3bd2830 0xa4cf 0x0 0x0 0x8b0004 0x0 0x7ff3a798f3c0 0xa4ce 0x0 0x0 0x8e0005 0x0 0x7ff3a798f3c0 0xa4ce 0x0 0x0 0x910005 0x0 0x7ff3a3bd28e0 0xa4cf 0x0 0x0 0x940005 0x0 0x7ff3a798f050 0xa4cf 0x0 0x0 0x9a0005 0x0 0x7ff3a798f050 0xa4cf 0x0 0x0 0x9d0007 0x2491 0x50 0x803e 0xa80005 0x0 0x7ff3a798f050 0x803e 0x0 0x0 0xae0003 0xa4cf 0xfffffffffffffd50 0xb20005 0x0 0x7ff3a798f100 0x240a9 0x7ff3a798f890 0x16c9 0xb50007 0x240a3 0x318 0x16c9 0xb90005 0x0 0x7ff3a798f050 0x16c9 0x0 0x0 0xbd0007 0x25 0x2c8 0x16a4 0xc10005 0x0 0x7ff3a798f890 0x16a4 0x0 0x0 0xc60005 0x0 0x7ff3a798f890 0x16a4 0x0 0x0 0xd00005 0x0 0x7ff3a798f890 0xb2ce 0x0 0x0 0xd30005 0x0 0x7ff3a798eef0 0xb2ce 0x0 0x0 0xd80007 0x16a4 0x1e8 0x9c2a 0xde0005 0x0 0x7ff3a798f890 0x9c2a 0x0 0x0 0xe20005 0x0 0x7ff3a798f3c0 0x9c2a 0x0 0x0 0xe70005 0x0 0x7ff3a3bd2830 0x9c2a 0x0 0x0 0xec0004 0x0 0x7ff3a798f3c0 0x9c2a 0x0 0x0 0xf10005 0x0 0x7ff3a798f100 0x7934 0x7ff3a798f890 0x22f6 0xf60005 0x0 0x7ff3a798f3c0 0x9c2a 0x0 0x0 0xf90005 0x0 0x7ff3a3bd28e0 0x9c2a 0x0 0x0 0xfc0005 0x0 0x7ff3a798f050 0x9c2a 0x0 0x0 0x1040005 0x0 0x7ff3a798f050 0x9c2a 0x0 0x0 0x10a0003 0x9c2a 0xfffffffffffffdd0 oops 45 21 com/android/tools/r8/ir/regalloc/a 27 com/android/tools/r8/ir/regalloc/a 33 com/android/tools/r8/u/b/g1 35 com/android/tools/r8/u/b/M0 39 com/android/tools/r8/s/a/a/b/n2 41 com/android/tools/r8/s/a/a/b/G2 45 com/android/tools/r8/s/a/a/b/M0 47 com/android/tools/r8/s/a/a/b/L0 55 com/android/tools/r8/s/a/a/b/M0 57 com/android/tools/r8/s/a/a/b/L0 61 com/android/tools/r8/u/b/M0 67 com/android/tools/r8/u/b/M0 73 com/android/tools/r8/ir/regalloc/a 83 com/android/tools/r8/ir/regalloc/a 89 com/android/tools/r8/u/b/M0 95 java/util/ArrayList 105 com/android/tools/r8/u/b/M0 111 com/android/tools/r8/u/b/g1 113 com/android/tools/r8/u/b/M0 117 com/android/tools/r8/u/b/M0 123 com/android/tools/r8/u/b/l 129 java/util/Collections$UnmodifiableRandomAccessList 135 com/android/tools/r8/u/b/l 141 com/android/tools/r8/u/b/l 147 com/android/tools/r8/u/b/S 153 com/android/tools/r8/ir/regalloc/a 159 com/android/tools/r8/ir/regalloc/a 169 com/android/tools/r8/ir/regalloc/a 178 com/android/tools/r8/u/b/g1 180 com/android/tools/r8/u/b/M0 188 com/android/tools/r8/ir/regalloc/a 198 com/android/tools/r8/u/b/M0 204 com/android/tools/r8/u/b/M0 210 com/android/tools/r8/u/b/M0 216 java/util/ArrayList 226 com/android/tools/r8/u/b/M0 232 com/android/tools/r8/u/b/l 238 java/util/Collections$UnmodifiableRandomAccessList 244 com/android/tools/r8/u/b/l 250 com/android/tools/r8/u/b/g1 252 com/android/tools/r8/u/b/M0 256 com/android/tools/r8/u/b/l 262 com/android/tools/r8/u/b/S 268 com/android/tools/r8/ir/regalloc/a 274 com/android/tools/r8/ir/regalloc/a
ciMethodData com/android/tools/r8/ir/regalloc/a a (Lcom/android/tools/r8/ir/regalloc/a;Ljava/util/PriorityQueue;)V 2 104249 orig 264 168 237 94 5 1 0 0 0 200 97 74 17 1 0 0 0 112 2 0 0 80 0 0 0 0 0 0 0 0 0 0 0 0 0 0 0 0 0 0 0 0 0 0 0 0 0 0 0 0 0 0 0 0 0 0 0 0 0 0 0 0 0 0 0 0 0 0 0 0 0 0 0 0 0 0 0 0 0 0 0 77 68 79 32 101 120 116 114 97 32 100 97 116 97 32 108 111 99 107 0 0 0 0 0 0 0 0 0 0 0 0 0 0 0 0 0 0 0 0 0 0 0 0 0 0 0 0 0 0 0 0 0 0 0 0 0 0 0 0 0 0 0 0 0 0 0 0 0 0 0 0 0 0 0 0 0 0 0 0 0 0 0 0 0 0 0 0 0 0 0 0 0 0 0 0 0 0 0 0 0 0 0 0 0 0 0 0 0 0 0 0 0 0 0 0 0 0 0 0 0 0 0 0 0 0 0 0 0 0 0 0 0 0 0 0 0 106 2 0 0 121 166 12 0 1 0 0 0 0 0 0 0 0 0 0 0 2 0 0 0 0 0 20 0 2 0 0 0 24 1 0 0 255 255 255 255 5 0 2 0 0 0 0 0 data 35 0x20005 0x0 0x7ff3a798f050 0x194cf 0x0 0x0 0x60007 0x1215d 0x38 0x7373 0xb0003 0x7373 0x18 0x110007 0x7373 0xb0 0x1215d 0x160005 0x0 0x7ff3a798ee40 0x1215d 0x0 0x0 0x1e0002 0x1215c 0x240007 0xa032 0x50 0x812a 0x290005 0x0 0x7ff3a798ee40 0x812b 0x0 0x0 oops 3 2 com/android/tools/r8/ir/regalloc/a 19 java/util/PriorityQueue 31 java/util/PriorityQueue
ciMethodData com/android/tools/r8/ir/regalloc/LinearScanRegisterAllocator h ()Z 2 105480 orig 264 168 237 94 5 1 0 0 0 88 11 73 17 1 0 0 0 120 1 0 0 0 0 0 0 0 0 0 0 0 0 0 0 0 0 0 0 0 0 0 0 0 0 0 0 0 0 0 0 0 0 0 0 0 0 0 0 0 0 0 0 0 0 0 0 0 0 0 0 0 0 0 0 0 0 0 0 0 0 0 0 77 68 79 32 101 120 116 114 97 32 100 97 116 97 32 108 111 99 107 0 0 0 0 0 0 0 0 0 0 0 0 0 0 0 0 0 0 0 0 0 0 0 0 0 0 0 0 0 0 0 0 0 0 0 0 0 0 0 0 0 0 0 0 0 0 0 0 0 0 0 0 0 0 0 0 0 0 0 0 0 0 0 0 0 0 0 0 0 0 0 0 0 0 0 0 0 0 0 0 0 0 0 0 0 17 0 0 0 0 0 0 0 0 0 0 0 0 0 0 0 1 0 0 0 0 0 0 0 0 0 0 0 0 0 0 0 135 2 0 0 105 201 12 0 1 0 0 0 0 0 0 0 0 0 0 0 2 0 0 0 0 0 3 0 2 0 0 0 48 0 0 0 255 255 255 255 5 0 4 0 0 0 0 0 data 6 0x40005 0x0 0x7ff3a798eef0 0x1992e 0x0 0x0 oops 1 2 java/util/ArrayList
ciMethodData com/android/tools/r8/ir/regalloc/LinearScanRegisterAllocator e (Lcom/android/tools/r8/ir/regalloc/a;)Z 2 437883 orig 264 168 237 94 5 1 0 0 0 64 141 73 17 1 0 0 0 0 3 0 0 144 1 0 0 0 0 0 0 0 0 0 0 0 0 0 0 0 0 0 0 0 0 0 0 0 0 0 0 0 0 0 0 0 0 0 0 0 0 0 0 0 0 0 0 0 0 0 0 0 0 0 0 0 0 0 0 0 0 0 0 77 68 79 32 101 120 116 114 97 32 100 97 116 97 32 108 111 99 107 0 0 0 0 0 0 0 0 0 0 0 0 0 0 0 0 0 0 0 0 0 0 0 0 0 0 0 0 0 0 0 0 0 0 0 0 0 0 0 0 0 0 0 0 0 0 0 0 0 0 0 0 0 0 0 0 0 0 0 0 0 0 0 0 0 0 0 0 0 0 0 0 0 0 0 0 0 0 0 0 0 0 0 0 0 0 0 0 0 0 0 0 0 0 0 0 0 0 0 0 0 0 0 0 0 0 0 0 0 0 0 0 0 0 0 0 0 134 2 0 0 169 197 12 0 49 88 49 0 0 0 0 0 0 0 0 0 2 0 0 0 1 0 12 0 2 0 0 0 176 1 0 0 255 255 255 255 2 0 1 0 0 0 0 0 data 54 0x10002 0x198ba 0x40007 0x14de 0x20 0x183db 0xd0005 0x0 0x7ff3a798eef0 0x14de 0x0 0x0 0x150007 0xc85 0x20 0x859 0x1e0005 0x0 0x7ff3a798eef0 0xc85 0x0 0x0 0x250005 0x0 0x7ff3a798efa0 0x636da 0x0 0x0 0x2a0007 0xbd5 0xd0 0x62b05 0x2f0005 0x0 0x7ff3a798efa0 0x62b05 0x0 0x0 0x340004 0x0 0x7ff3a798f050 0x62b05 0x0 0x0 0x370005 0x0 0x7ff3a798f050 0x62b05 0x0 0x0 0x3a0007 0x62a55 0xffffffffffffff20 0xb1 oops 6